#
# There is insufficient memory for the Java Runtime Environment to continue.
# Native memory allocation (malloc) failed to allocate 665632 bytes for Chunk::new
# Possible reasons:
#   The system is out of physical RAM or swap space
#   The process is running with CompressedOops enabled, and the Java Heap may be blocking the growth of the native heap
# Possible solutions:
#   Reduce memory load on the system
#   Increase physical memory or swap space
#   Check if swap backing store is full
#   Decrease Java heap size (-Xmx/-Xms)
#   Decrease number of Java threads
#   Decrease Java thread stack sizes (-Xss)
#   Set larger code cache with -XX:ReservedCodeCacheSize=
#   JVM is running with Unscaled Compressed Oops mode in which the Java heap is
#     placed in the first 4GB address space. The Java Heap base address is the
#     maximum limit for the native heap growth. Please use -XX:HeapBaseMinAddress
#     to set the Java Heap base and to place the Java Heap above 4GB virtual address.
# This output file may be truncated or incomplete.
#
#  Out of Memory Error (./open/src/hotspot/share/memory/arena.cpp:195), pid=28788, tid=21224
#
# JRE version: Java(TM) SE Runtime Environment (15.0.1+9) (build 15.0.1+9-18)
# Java VM: Java HotSpot(TM) 64-Bit Server VM (15.0.1+9-18, mixed mode, sharing, tiered, compressed oops, g1 gc, windows-amd64)
# No core dump will be written. Minidumps are not enabled by default on client versions of Windows
#

---------------  S U M M A R Y ------------

Command Line: --add-opens=java.base/java.util=ALL-UNNAMED --add-opens=java.base/java.lang=ALL-UNNAMED --add-opens=java.base/java.lang.invoke=ALL-UNNAMED --add-opens=java.prefs/java.util.prefs=ALL-UNNAMED -XX:MaxMetaspaceSize=256m -XX:+HeapDumpOnOutOfMemoryError -Xms256m -Xmx512m -Dfile.encoding=windows-1252 -Duser.country=US -Duser.language=en -Duser.variant org.gradle.launcher.daemon.bootstrap.GradleDaemon 6.7

Host: Intel(R) Core(TM) i3-2348M CPU @ 2.30GHz, 4 cores, 7G,  Windows 10 , 64 bit Build 19041 (10.0.19041.1023)
Time: Fri Jun 11 22:30:25 2021 Morocco Daylight Time elapsed time: 101.701086 seconds (0d 0h 1m 41s)

---------------  T H R E A D  ---------------

Current thread (0x0000028bad2cc3b0):  JavaThread "C2 CompilerThread0" daemon [_thread_in_native, id=21224, stack(0x000000a993400000,0x000000a993500000)]


Current CompileTask:
C2: 101701 21819       4       com.android.tools.r8.s.b.U0::a (376 bytes)

Stack: [0x000000a993400000,0x000000a993500000]
Native frames: (J=compiled Java code, j=interpreted, Vv=VM code, C=native code)
V  [jvm.dll+0x62ae9a]
V  [jvm.dll+0x781389]
V  [jvm.dll+0x782ae3]
V  [jvm.dll+0x783143]
V  [jvm.dll+0x216265]
V  [jvm.dll+0x97efa]
V  [jvm.dll+0x985dc]
V  [jvm.dll+0x32e525]
V  [jvm.dll+0x18e2e1]
V  [jvm.dll+0x1ea762]
V  [jvm.dll+0x1e98ae]
V  [jvm.dll+0x1784c7]
V  [jvm.dll+0x1f9165]
V  [jvm.dll+0x1f720c]
V  [jvm.dll+0x74485d]
V  [jvm.dll+0x73d65a]
V  [jvm.dll+0x629c56]
C  [ucrtbase.dll+0x21bb2]
C  [KERNEL32.DLL+0x17034]
C  [ntdll.dll+0x52651]


---------------  P R O C E S S  ---------------

Threads class SMR info:
_java_thread_list=0x0000028bb65daa90, length=56, elements={
0x0000028b920aa020, 0x0000028bacaa6400, 0x0000028bacaaaee0, 0x0000028bad2b8ac0,
0x0000028bad2b8f90, 0x0000028bad2b9930, 0x0000028bad2cc3b0, 0x0000028bad2d0e80,
0x0000028bad2d97a0, 0x0000028bad2b85f0, 0x0000028bad2b9460, 0x0000028baef84900,
0x0000028baef80a70, 0x0000028baef87920, 0x0000028baef865e0, 0x0000028baef82750,
0x0000028baef83a90, 0x0000028baef84dd0, 0x0000028baef84430, 0x0000028baef852a0,
0x0000028baef85c40, 0x0000028baef85770, 0x0000028baef86ab0, 0x0000028baef83f60,
0x0000028baef86f80, 0x0000028baef818e0, 0x0000028baf5f4950, 0x0000028baf5f27a0,
0x0000028baf5efc50, 0x0000028baf5f4480, 0x0000028baf5f57c0, 0x0000028baf5f5c90,
0x0000028baf5f0120, 0x0000028baf5f3ae0, 0x0000028baf5f1930, 0x0000028bb1a0fbd0,
0x0000028bb6b3e160, 0x0000028bb6b44670, 0x0000028bb6b424c0, 0x0000028bb6b42990,
0x0000028bb6b43800, 0x0000028bb6b3efd0, 0x0000028bb6b3dc90, 0x0000028bb6b40310,
0x0000028bb6b41b20, 0x0000028bb6b407e0, 0x0000028bb6b41180, 0x0000028bb6b40cb0,
0x0000028bb6b41650, 0x0000028bb6b41ff0, 0x0000028bb5b81200, 0x0000028bb5b816d0,
0x0000028bb5b7f520, 0x0000028bb5b80390, 0x0000028bb5b82a10, 0x0000028bb5b82540
}

Java Threads: ( => current thread )
  0x0000028b920aa020 JavaThread "main" [_thread_blocked, id=29028, stack(0x000000a992800000,0x000000a992900000)]
  0x0000028bacaa6400 JavaThread "Reference Handler" daemon [_thread_blocked, id=27872, stack(0x000000a992f00000,0x000000a993000000)]
  0x0000028bacaaaee0 JavaThread "Finalizer" daemon [_thread_blocked, id=28676, stack(0x000000a993000000,0x000000a993100000)]
  0x0000028bad2b8ac0 JavaThread "Signal Dispatcher" daemon [_thread_blocked, id=28100, stack(0x000000a993100000,0x000000a993200000)]
  0x0000028bad2b8f90 JavaThread "Attach Listener" daemon [_thread_blocked, id=28400, stack(0x000000a993200000,0x000000a993300000)]
  0x0000028bad2b9930 JavaThread "Service Thread" daemon [_thread_blocked, id=27776, stack(0x000000a993300000,0x000000a993400000)]
=>0x0000028bad2cc3b0 JavaThread "C2 CompilerThread0" daemon [_thread_in_native, id=21224, stack(0x000000a993400000,0x000000a993500000)]
  0x0000028bad2d0e80 JavaThread "C1 CompilerThread0" daemon [_thread_in_native, id=28948, stack(0x000000a993500000,0x000000a993600000)]
  0x0000028bad2d97a0 JavaThread "Sweeper thread" daemon [_thread_blocked, id=28832, stack(0x000000a993600000,0x000000a993700000)]
  0x0000028bad2b85f0 JavaThread "Common-Cleaner" daemon [_thread_blocked, id=29588, stack(0x000000a993700000,0x000000a993800000)]
  0x0000028bad2b9460 JavaThread "Notification Thread" daemon [_thread_blocked, id=26204, stack(0x000000a993800000,0x000000a993900000)]
  0x0000028baef84900 JavaThread "Daemon health stats" [_thread_blocked, id=29292, stack(0x000000a993e00000,0x000000a993f00000)]
  0x0000028baef80a70 JavaThread "Incoming local TCP Connector on port 50810" [_thread_in_native, id=26180, stack(0x000000a994000000,0x000000a994100000)]
  0x0000028baef87920 JavaThread "Daemon periodic checks" [_thread_blocked, id=5632, stack(0x000000a994100000,0x000000a994200000)]
  0x0000028baef865e0 JavaThread "Daemon" [_thread_blocked, id=28772, stack(0x000000a994200000,0x000000a994300000)]
  0x0000028baef82750 JavaThread "Handler for socket connection from /127.0.0.1:50810 to /127.0.0.1:50811" [_thread_in_native, id=25756, stack(0x000000a994300000,0x000000a994400000)]
  0x0000028baef83a90 JavaThread "Cancel handler" [_thread_blocked, id=26452, stack(0x000000a994400000,0x000000a994500000)]
  0x0000028baef84dd0 JavaThread "Daemon worker" [_thread_blocked, id=26048, stack(0x000000a994500000,0x000000a994600000)]
  0x0000028baef84430 JavaThread "Asynchronous log dispatcher for DefaultDaemonConnection: socket connection from /127.0.0.1:50810 to /127.0.0.1:50811" [_thread_blocked, id=29500, stack(0x000000a994600000,0x000000a994700000)]
  0x0000028baef852a0 JavaThread "Stdin handler" [_thread_blocked, id=29564, stack(0x000000a994700000,0x000000a994800000)]
  0x0000028baef85c40 JavaThread "Thread-8" [_thread_blocked, id=27972, stack(0x000000a994800000,0x000000a994900000)]
  0x0000028baef85770 JavaThread "Cache worker for file hash cache (C:\Users\nouas\.gradle\caches\6.7\fileHashes)" [_thread_blocked, id=29616, stack(0x000000a994900000,0x000000a994a00000)]
  0x0000028baef86ab0 JavaThread "File lock request listener" [_thread_in_native, id=26908, stack(0x000000a994a00000,0x000000a994b00000)]
  0x0000028baef83f60 JavaThread "Cache worker for journal cache (C:\Users\nouas\.gradle\caches\journal-1)" [_thread_blocked, id=21664, stack(0x000000a994b00000,0x000000a994c00000)]
  0x0000028baef86f80 JavaThread "Cache worker for file hash cache (C:\Users\nouas\Desktop\Alaa Work And Studies\Projects\Mobile Projects\React-native\testProject\android\.gradle\6.7\fileHashes)" [_thread_blocked, id=11232, stack(0x000000a994d00000,0x000000a994e00000)]
  0x0000028baef818e0 JavaThread "Cache worker for checksums cache (C:\Users\nouas\Desktop\Alaa Work And Studies\Projects\Mobile Projects\React-native\testProject\android\.gradle\checksums)" [_thread_blocked, id=10924, stack(0x000000a994e00000,0x000000a994f00000)]
  0x0000028baf5f4950 JavaThread "Cache worker for cache directory md-supplier (C:\Users\nouas\.gradle\caches\6.7\md-supplier)" [_thread_blocked, id=28980, stack(0x000000a994c00000,0x000000a994d00000)]
  0x0000028baf5f27a0 JavaThread "Cache worker for cache directory md-rule (C:\Users\nouas\.gradle\caches\6.7\md-rule)" [_thread_blocked, id=28968, stack(0x000000a994f00000,0x000000a995000000)]
  0x0000028baf5efc50 JavaThread "Cache worker for execution history cache (C:\Users\nouas\.gradle\caches\6.7\executionHistory)" [_thread_blocked, id=29400, stack(0x000000a995000000,0x000000a995100000)]
  0x0000028baf5f4480 JavaThread "Cache worker for file content cache (C:\Users\nouas\.gradle\caches\6.7\fileContent)" [_thread_blocked, id=29644, stack(0x000000a995300000,0x000000a995400000)]
  0x0000028baf5f57c0 JavaThread "Cache worker for Build Output Cleanup Cache (C:\Users\nouas\Desktop\Alaa Work And Studies\Projects\Mobile Projects\React-native\testProject\android\.gradle\buildOutputCleanup)" [_thread_blocked, id=1788, stack(0x000000a995400000,0x000000a995500000)]
  0x0000028baf5f5c90 JavaThread "Build operations" [_thread_in_Java, id=25224, stack(0x000000a995500000,0x000000a995600000)]
  0x0000028baf5f0120 JavaThread "Build operations Thread 2" [_thread_in_Java, id=23704, stack(0x000000a995600000,0x000000a995700000)]
  0x0000028baf5f3ae0 JavaThread "Build operations Thread 3" [_thread_in_Java, id=29260, stack(0x000000a995700000,0x000000a995800000)]
  0x0000028baf5f1930 JavaThread "Build operations Thread 4" [_thread_blocked, id=29168, stack(0x000000a995800000,0x000000a995900000)]
  0x0000028bb1a0fbd0 JavaThread "Memory manager" [_thread_blocked, id=28964, stack(0x000000a99b400000,0x000000a99b500000)]
  0x0000028bb6b3e160 JavaThread "Execution worker for ':'" [_thread_blocked, id=29172, stack(0x000000a995100000,0x000000a995200000)]
  0x0000028bb6b44670 JavaThread "Execution worker for ':' Thread 2" [_thread_blocked, id=29096, stack(0x000000a99b800000,0x000000a99b900000)]
  0x0000028bb6b424c0 JavaThread "Execution worker for ':' Thread 3" [_thread_blocked, id=7992, stack(0x000000a99b900000,0x000000a99ba00000)]
  0x0000028bb6b42990 JavaThread "Cache worker for execution history cache (C:\Users\nouas\Desktop\Alaa Work And Studies\Projects\Mobile Projects\React-native\testProject\android\.gradle\6.7\executionHistory)" [_thread_blocked, id=24920, stack(0x000000a99ba00000,0x000000a99bb00000)]
  0x0000028bb6b43800 JavaThread "WorkerExecutor Queue Thread 2" [_thread_blocked, id=29116, stack(0x000000a99bc00000,0x000000a99bd00000)]
  0x0000028bb6b3efd0 JavaThread "WorkerExecutor Queue Thread 3" [_thread_blocked, id=29088, stack(0x000000a99bd00000,0x000000a99be00000)]
  0x0000028bb6b3dc90 JavaThread "WorkerExecutor Queue Thread 4" [_thread_blocked, id=29104, stack(0x000000a99be00000,0x000000a99bf00000)]
  0x0000028bb6b40310 JavaThread "pool-2-thread-1" [_thread_blocked, id=7312, stack(0x000000a99c000000,0x000000a99c100000)]
  0x0000028bb6b41b20 JavaThread "stderr" [_thread_in_native, id=29496, stack(0x000000a99c100000,0x000000a99c200000)]
  0x0000028bb6b407e0 JavaThread "stdout" [_thread_in_native, id=29472, stack(0x000000a99c200000,0x000000a99c300000)]
  0x0000028bb6b41180 JavaThread "stderr" [_thread_in_native, id=29568, stack(0x000000a99c300000,0x000000a99c400000)]
  0x0000028bb6b40cb0 JavaThread "stdout" [_thread_in_native, id=29652, stack(0x000000a99c400000,0x000000a99c500000)]
  0x0000028bb6b41650 JavaThread "stderr" [_thread_in_native, id=26188, stack(0x000000a99c500000,0x000000a99c600000)]
  0x0000028bb6b41ff0 JavaThread "stdout" [_thread_in_native, id=27716, stack(0x000000a99c600000,0x000000a99c700000)]
  0x0000028bb5b81200 JavaThread "stderr" [_thread_in_native, id=20500, stack(0x000000a99c700000,0x000000a99c800000)]
  0x0000028bb5b816d0 JavaThread "stdout" [_thread_in_native, id=10832, stack(0x000000a99c800000,0x000000a99c900000)]
  0x0000028bb5b7f520 JavaThread "WorkerExecutor Queue Thread 5" [_thread_blocked, id=28256, stack(0x000000a99bb00000,0x000000a99bc00000)]
  0x0000028bb5b80390 JavaThread "ForkJoinPool-1-worker-3" daemon [_thread_blocked, id=22312, stack(0x000000a99c900000,0x000000a99ca00000)]
  0x0000028bb5b82a10 JavaThread "Cache worker for Java compile cache (C:\Users\nouas\.gradle\caches\6.7\javaCompile)" [_thread_blocked, id=14828, stack(0x000000a99bf00000,0x000000a99c000000)]
  0x0000028bb5b82540 JavaThread "Cache worker for Java compile cache (C:\Users\nouas\Desktop\Alaa Work And Studies\Projects\Mobile Projects\React-native\testProject\android\.gradle\6.7\javaCompile)" [_thread_blocked, id=28592, stack(0x000000a99ca00000,0x000000a99cb00000)]

Other Threads:
  0x0000028bacaa0030 VMThread "VM Thread" [stack: 0x000000a992e00000,0x000000a992f00000] [id=28792]
  0x0000028bad42e190 WatcherThread [stack: 0x000000a993900000,0x000000a993a00000] [id=28992]
  0x0000028b920d0520 GCTaskThread "GC Thread#0" [stack: 0x000000a992900000,0x000000a992a00000] [id=25252]
  0x0000028bad908d70 GCTaskThread "GC Thread#1" [stack: 0x000000a993b00000,0x000000a993c00000] [id=13124]
  0x0000028bad908a40 GCTaskThread "GC Thread#2" [stack: 0x000000a993c00000,0x000000a993d00000] [id=28548]
  0x0000028bad908710 GCTaskThread "GC Thread#3" [stack: 0x000000a993d00000,0x000000a993e00000] [id=29372]
  0x0000028b920d5d50 ConcurrentGCThread "G1 Main Marker" [stack: 0x000000a992a00000,0x000000a992b00000] [id=29544]
  0x0000028b920d7880 ConcurrentGCThread "G1 Conc#0" [stack: 0x000000a992b00000,0x000000a992c00000] [id=25220]
  0x0000028b9210e4f0 ConcurrentGCThread "G1 Refine#0" [stack: 0x000000a992c00000,0x000000a992d00000] [id=29248]
  0x0000028bad57e0a0 ConcurrentGCThread "G1 Refine#1" [stack: 0x000000a99b500000,0x000000a99b600000] [id=18156]
  0x0000028bad57e400 ConcurrentGCThread "G1 Refine#2" [stack: 0x000000a99b600000,0x000000a99b700000] [id=14628]
  0x0000028bad57ee20 ConcurrentGCThread "G1 Refine#3" [stack: 0x000000a99b700000,0x000000a99b800000] [id=24516]
  0x0000028bac94c310 ConcurrentGCThread "G1 Young RemSet Sampling" [stack: 0x000000a992d00000,0x000000a992e00000] [id=28716]

Threads with active compile tasks:
C2 CompilerThread0   101848 21819       4       com.android.tools.r8.s.b.U0::a (376 bytes)
C1 CompilerThread0   101849 21984       3       com.android.tools.r8.ir.optimize.l::p (1059 bytes)

VM state: not at safepoint (normal execution)

VM Mutex/Monitor currently owned by a thread: None

Heap address: 0x00000000e0000000, size: 512 MB, Compressed Oops mode: 32-bit
CDS archive(s) mapped at: [0x0000000800000000-0x0000000800b50000-0x0000000800b50000), size 11862016, SharedBaseAddress: 0x0000000800000000, ArchiveRelocationMode: 0.
Compressed class space mapped at: 0x0000000800b50000-0x0000000810350000, size: 260046848
Narrow klass base: 0x0000000800000000, Narrow klass shift: 3, Narrow klass range: 0x100000000

GC Precious Log:
 CPUs: 4 total, 4 available
 Memory: 8008M
 Large Page Support: Disabled
 NUMA Support: Disabled
 Compressed Oops: Enabled (32-bit)
 Heap Region Size: 1M
 Heap Min Capacity: 256M
 Heap Initial Capacity: 256M
 Heap Max Capacity: 512M
 Pre-touch: Disabled
 Parallel Workers: 4
 Concurrent Workers: 1
 Concurrent Refinement Workers: 4
 Periodic GC: Disabled

Heap:
 garbage-first heap   total 326656K, used 242468K [0x00000000e0000000, 0x0000000100000000)
  region size 1024K, 97 young (99328K), 11 survivors (11264K)
 Metaspace       used 114615K, capacity 116572K, committed 116700K, reserved 356352K
  class space    used 14410K, capacity 14928K, committed 14976K, reserved 253952K

Heap Regions: E=young(eden), S=young(survivor), O=old, HS=humongous(starts), HC=humongous(continues), CS=collection set, F=free, OA=open archive, CA=closed archive, TAMS=top-at-mark-start (previous, next)
|   0|0x00000000e0000000, 0x00000000e0100000, 0x00000000e0100000|100%| O|  |TAMS 0x00000000e0100000, 0x00000000e0000000| Untracked 
|   1|0x00000000e0100000, 0x00000000e0200000, 0x00000000e0200000|100%| O|  |TAMS 0x00000000e0200000, 0x00000000e0100000| Untracked 
|   2|0x00000000e0200000, 0x00000000e0300000, 0x00000000e0300000|100%| O|  |TAMS 0x00000000e0300000, 0x00000000e0200000| Untracked 
|   3|0x00000000e0300000, 0x00000000e0400000, 0x00000000e0400000|100%|HS|  |TAMS 0x00000000e0400000, 0x00000000e0300000| Complete 
|   4|0x00000000e0400000, 0x00000000e0500000, 0x00000000e0500000|100%|HC|  |TAMS 0x00000000e0500000, 0x00000000e0400000| Complete 
|   5|0x00000000e0500000, 0x00000000e0600000, 0x00000000e0600000|100%|HC|  |TAMS 0x00000000e0600000, 0x00000000e0500000| Complete 
|   6|0x00000000e0600000, 0x00000000e0700000, 0x00000000e0700000|100%| O|  |TAMS 0x00000000e0700000, 0x00000000e0600000| Untracked 
|   7|0x00000000e0700000, 0x00000000e0700000, 0x00000000e0800000|  0%| F|  |TAMS 0x00000000e0700000, 0x00000000e0700000| Untracked 
|   8|0x00000000e0800000, 0x00000000e0900000, 0x00000000e0900000|100%| O|  |TAMS 0x00000000e0900000, 0x00000000e0800000| Untracked 
|   9|0x00000000e0900000, 0x00000000e0a00000, 0x00000000e0a00000|100%| O|  |TAMS 0x00000000e0a00000, 0x00000000e0900000| Untracked 
|  10|0x00000000e0a00000, 0x00000000e0b00000, 0x00000000e0b00000|100%|HS|  |TAMS 0x00000000e0b00000, 0x00000000e0a00000| Complete 
|  11|0x00000000e0b00000, 0x00000000e0c00000, 0x00000000e0c00000|100%|HS|  |TAMS 0x00000000e0c00000, 0x00000000e0b00000| Complete 
|  12|0x00000000e0c00000, 0x00000000e0d00000, 0x00000000e0d00000|100%|HC|  |TAMS 0x00000000e0d00000, 0x00000000e0c00000| Complete 
|  13|0x00000000e0d00000, 0x00000000e0e00000, 0x00000000e0e00000|100%| O|  |TAMS 0x00000000e0e00000, 0x00000000e0d00000| Untracked 
|  14|0x00000000e0e00000, 0x00000000e0f00000, 0x00000000e0f00000|100%| O|  |TAMS 0x00000000e0f00000, 0x00000000e0e00000| Untracked 
|  15|0x00000000e0f00000, 0x00000000e1000000, 0x00000000e1000000|100%| O|  |TAMS 0x00000000e1000000, 0x00000000e0f00000| Untracked 
|  16|0x00000000e1000000, 0x00000000e1100000, 0x00000000e1100000|100%| O|  |TAMS 0x00000000e1100000, 0x00000000e1000000| Untracked 
|  17|0x00000000e1100000, 0x00000000e1200000, 0x00000000e1200000|100%| O|  |TAMS 0x00000000e1200000, 0x00000000e1100000| Untracked 
|  18|0x00000000e1200000, 0x00000000e1300000, 0x00000000e1300000|100%| O|  |TAMS 0x00000000e1300000, 0x00000000e1200000| Untracked 
|  19|0x00000000e1300000, 0x00000000e1400000, 0x00000000e1400000|100%| O|  |TAMS 0x00000000e1400000, 0x00000000e1300000| Untracked 
|  20|0x00000000e1400000, 0x00000000e1500000, 0x00000000e1500000|100%| O|  |TAMS 0x00000000e1500000, 0x00000000e1400000| Untracked 
|  21|0x00000000e1500000, 0x00000000e1600000, 0x00000000e1600000|100%| O|  |TAMS 0x00000000e1600000, 0x00000000e1500000| Untracked 
|  22|0x00000000e1600000, 0x00000000e1700000, 0x00000000e1700000|100%| O|  |TAMS 0x00000000e1700000, 0x00000000e1600000| Untracked 
|  23|0x00000000e1700000, 0x00000000e1800000, 0x00000000e1800000|100%| O|  |TAMS 0x00000000e1800000, 0x00000000e1700000| Untracked 
|  24|0x00000000e1800000, 0x00000000e1900000, 0x00000000e1900000|100%| O|  |TAMS 0x00000000e1900000, 0x00000000e1800000| Untracked 
|  25|0x00000000e1900000, 0x00000000e1a00000, 0x00000000e1a00000|100%| O|  |TAMS 0x00000000e1a00000, 0x00000000e1900000| Untracked 
|  26|0x00000000e1a00000, 0x00000000e1b00000, 0x00000000e1b00000|100%| O|  |TAMS 0x00000000e1b00000, 0x00000000e1a00000| Untracked 
|  27|0x00000000e1b00000, 0x00000000e1c00000, 0x00000000e1c00000|100%| O|  |TAMS 0x00000000e1c00000, 0x00000000e1b00000| Untracked 
|  28|0x00000000e1c00000, 0x00000000e1d00000, 0x00000000e1d00000|100%| O|  |TAMS 0x00000000e1d00000, 0x00000000e1c00000| Untracked 
|  29|0x00000000e1d00000, 0x00000000e1e00000, 0x00000000e1e00000|100%| O|  |TAMS 0x00000000e1e00000, 0x00000000e1d00000| Untracked 
|  30|0x00000000e1e00000, 0x00000000e1f00000, 0x00000000e1f00000|100%| O|  |TAMS 0x00000000e1f00000, 0x00000000e1e00000| Untracked 
|  31|0x00000000e1f00000, 0x00000000e2000000, 0x00000000e2000000|100%| O|  |TAMS 0x00000000e2000000, 0x00000000e1f00000| Untracked 
|  32|0x00000000e2000000, 0x00000000e2100000, 0x00000000e2100000|100%| O|  |TAMS 0x00000000e2100000, 0x00000000e2000000| Untracked 
|  33|0x00000000e2100000, 0x00000000e2200000, 0x00000000e2200000|100%| O|  |TAMS 0x00000000e2200000, 0x00000000e2100000| Untracked 
|  34|0x00000000e2200000, 0x00000000e2300000, 0x00000000e2300000|100%| O|  |TAMS 0x00000000e2300000, 0x00000000e2200000| Untracked 
|  35|0x00000000e2300000, 0x00000000e2400000, 0x00000000e2400000|100%| O|  |TAMS 0x00000000e2400000, 0x00000000e2300000| Untracked 
|  36|0x00000000e2400000, 0x00000000e2500000, 0x00000000e2500000|100%| O|  |TAMS 0x00000000e2500000, 0x00000000e2400000| Untracked 
|  37|0x00000000e2500000, 0x00000000e2600000, 0x00000000e2600000|100%| O|  |TAMS 0x00000000e2600000, 0x00000000e2500000| Untracked 
|  38|0x00000000e2600000, 0x00000000e2700000, 0x00000000e2700000|100%| O|  |TAMS 0x00000000e2700000, 0x00000000e2600000| Untracked 
|  39|0x00000000e2700000, 0x00000000e2800000, 0x00000000e2800000|100%| O|  |TAMS 0x00000000e2800000, 0x00000000e2700000| Untracked 
|  40|0x00000000e2800000, 0x00000000e2900000, 0x00000000e2900000|100%| O|  |TAMS 0x00000000e2900000, 0x00000000e2800000| Untracked 
|  41|0x00000000e2900000, 0x00000000e2900000, 0x00000000e2a00000|  0%| F|  |TAMS 0x00000000e2900000, 0x00000000e2900000| Untracked 
|  42|0x00000000e2a00000, 0x00000000e2b00000, 0x00000000e2b00000|100%| O|  |TAMS 0x00000000e2b00000, 0x00000000e2a00000| Untracked 
|  43|0x00000000e2b00000, 0x00000000e2c00000, 0x00000000e2c00000|100%| O|  |TAMS 0x00000000e2c00000, 0x00000000e2b00000| Untracked 
|  44|0x00000000e2c00000, 0x00000000e2d00000, 0x00000000e2d00000|100%| O|  |TAMS 0x00000000e2d00000, 0x00000000e2c00000| Untracked 
|  45|0x00000000e2d00000, 0x00000000e2e00000, 0x00000000e2e00000|100%| O|  |TAMS 0x00000000e2e00000, 0x00000000e2d00000| Untracked 
|  46|0x00000000e2e00000, 0x00000000e2f00000, 0x00000000e2f00000|100%| O|  |TAMS 0x00000000e2f00000, 0x00000000e2e00000| Untracked 
|  47|0x00000000e2f00000, 0x00000000e3000000, 0x00000000e3000000|100%| O|  |TAMS 0x00000000e3000000, 0x00000000e2f00000| Untracked 
|  48|0x00000000e3000000, 0x00000000e3100000, 0x00000000e3100000|100%| O|  |TAMS 0x00000000e3100000, 0x00000000e3000000| Untracked 
|  49|0x00000000e3100000, 0x00000000e3200000, 0x00000000e3200000|100%| O|  |TAMS 0x00000000e3200000, 0x00000000e3100000| Untracked 
|  50|0x00000000e3200000, 0x00000000e3300000, 0x00000000e3300000|100%| O|  |TAMS 0x00000000e3300000, 0x00000000e3200000| Untracked 
|  51|0x00000000e3300000, 0x00000000e3400000, 0x00000000e3400000|100%| O|  |TAMS 0x00000000e3400000, 0x00000000e3300000| Untracked 
|  52|0x00000000e3400000, 0x00000000e3500000, 0x00000000e3500000|100%| O|  |TAMS 0x00000000e3500000, 0x00000000e3400000| Untracked 
|  53|0x00000000e3500000, 0x00000000e3600000, 0x00000000e3600000|100%| O|  |TAMS 0x00000000e3600000, 0x00000000e3500000| Untracked 
|  54|0x00000000e3600000, 0x00000000e3600000, 0x00000000e3700000|  0%| F|  |TAMS 0x00000000e3600000, 0x00000000e3600000| Untracked 
|  55|0x00000000e3700000, 0x00000000e3700000, 0x00000000e3800000|  0%| F|  |TAMS 0x00000000e3700000, 0x00000000e3700000| Untracked 
|  56|0x00000000e3800000, 0x00000000e3900000, 0x00000000e3900000|100%| O|  |TAMS 0x00000000e3900000, 0x00000000e3800000| Untracked 
|  57|0x00000000e3900000, 0x00000000e3a00000, 0x00000000e3a00000|100%| O|  |TAMS 0x00000000e3a00000, 0x00000000e3900000| Untracked 
|  58|0x00000000e3a00000, 0x00000000e3b00000, 0x00000000e3b00000|100%| O|  |TAMS 0x00000000e3b00000, 0x00000000e3a00000| Untracked 
|  59|0x00000000e3b00000, 0x00000000e3c00000, 0x00000000e3c00000|100%| O|  |TAMS 0x00000000e3c00000, 0x00000000e3b00000| Untracked 
|  60|0x00000000e3c00000, 0x00000000e3d00000, 0x00000000e3d00000|100%| O|  |TAMS 0x00000000e3d00000, 0x00000000e3c00000| Untracked 
|  61|0x00000000e3d00000, 0x00000000e3e00000, 0x00000000e3e00000|100%| O|  |TAMS 0x00000000e3e00000, 0x00000000e3d00000| Untracked 
|  62|0x00000000e3e00000, 0x00000000e3f00000, 0x00000000e3f00000|100%| O|  |TAMS 0x00000000e3f00000, 0x00000000e3e00000| Untracked 
|  63|0x00000000e3f00000, 0x00000000e4000000, 0x00000000e4000000|100%| O|  |TAMS 0x00000000e4000000, 0x00000000e3f00000| Untracked 
|  64|0x00000000e4000000, 0x00000000e4100000, 0x00000000e4100000|100%| O|  |TAMS 0x00000000e4100000, 0x00000000e4000000| Untracked 
|  65|0x00000000e4100000, 0x00000000e4200000, 0x00000000e4200000|100%| O|  |TAMS 0x00000000e4200000, 0x00000000e4100000| Untracked 
|  66|0x00000000e4200000, 0x00000000e4300000, 0x00000000e4300000|100%| O|  |TAMS 0x00000000e4300000, 0x00000000e4200000| Untracked 
|  67|0x00000000e4300000, 0x00000000e4400000, 0x00000000e4400000|100%| O|  |TAMS 0x00000000e4400000, 0x00000000e4300000| Untracked 
|  68|0x00000000e4400000, 0x00000000e4500000, 0x00000000e4500000|100%| O|  |TAMS 0x00000000e4500000, 0x00000000e4400000| Untracked 
|  69|0x00000000e4500000, 0x00000000e4500000, 0x00000000e4600000|  0%| F|  |TAMS 0x00000000e4500000, 0x00000000e4500000| Untracked 
|  70|0x00000000e4600000, 0x00000000e4600000, 0x00000000e4700000|  0%| F|  |TAMS 0x00000000e4600000, 0x00000000e4600000| Untracked 
|  71|0x00000000e4700000, 0x00000000e4700000, 0x00000000e4800000|  0%| F|  |TAMS 0x00000000e4700000, 0x00000000e4700000| Untracked 
|  72|0x00000000e4800000, 0x00000000e4800000, 0x00000000e4900000|  0%| F|  |TAMS 0x00000000e4800000, 0x00000000e4800000| Untracked 
|  73|0x00000000e4900000, 0x00000000e4a00000, 0x00000000e4a00000|100%| O|  |TAMS 0x00000000e4a00000, 0x00000000e4900000| Untracked 
|  74|0x00000000e4a00000, 0x00000000e4b00000, 0x00000000e4b00000|100%| O|  |TAMS 0x00000000e4b00000, 0x00000000e4a00000| Untracked 
|  75|0x00000000e4b00000, 0x00000000e4c00000, 0x00000000e4c00000|100%| O|  |TAMS 0x00000000e4c00000, 0x00000000e4b00000| Untracked 
|  76|0x00000000e4c00000, 0x00000000e4d00000, 0x00000000e4d00000|100%| O|  |TAMS 0x00000000e4d00000, 0x00000000e4c00000| Untracked 
|  77|0x00000000e4d00000, 0x00000000e4e00000, 0x00000000e4e00000|100%| O|  |TAMS 0x00000000e4e00000, 0x00000000e4d00000| Untracked 
|  78|0x00000000e4e00000, 0x00000000e4e00000, 0x00000000e4f00000|  0%| F|  |TAMS 0x00000000e4e00000, 0x00000000e4e00000| Untracked 
|  79|0x00000000e4f00000, 0x00000000e4f00000, 0x00000000e5000000|  0%| F|  |TAMS 0x00000000e4f00000, 0x00000000e4f00000| Untracked 
|  80|0x00000000e5000000, 0x00000000e5100000, 0x00000000e5100000|100%| O|  |TAMS 0x00000000e5100000, 0x00000000e5000000| Untracked 
|  81|0x00000000e5100000, 0x00000000e5100000, 0x00000000e5200000|  0%| F|  |TAMS 0x00000000e5100000, 0x00000000e5100000| Untracked 
|  82|0x00000000e5200000, 0x00000000e5300000, 0x00000000e5300000|100%| O|  |TAMS 0x00000000e5300000, 0x00000000e5200000| Untracked 
|  83|0x00000000e5300000, 0x00000000e5400000, 0x00000000e5400000|100%| O|  |TAMS 0x00000000e5400000, 0x00000000e5300000| Untracked 
|  84|0x00000000e5400000, 0x00000000e5500000, 0x00000000e5500000|100%| O|  |TAMS 0x00000000e5500000, 0x00000000e5400000| Untracked 
|  85|0x00000000e5500000, 0x00000000e5500000, 0x00000000e5600000|  0%| F|  |TAMS 0x00000000e5500000, 0x00000000e5500000| Untracked 
|  86|0x00000000e5600000, 0x00000000e5700000, 0x00000000e5700000|100%| O|  |TAMS 0x00000000e5700000, 0x00000000e5600000| Untracked 
|  87|0x00000000e5700000, 0x00000000e5800000, 0x00000000e5800000|100%| O|  |TAMS 0x00000000e5800000, 0x00000000e5700000| Untracked 
|  88|0x00000000e5800000, 0x00000000e5800000, 0x00000000e5900000|  0%| F|  |TAMS 0x00000000e5800000, 0x00000000e5800000| Untracked 
|  89|0x00000000e5900000, 0x00000000e5900000, 0x00000000e5a00000|  0%| F|  |TAMS 0x00000000e5900000, 0x00000000e5900000| Untracked 
|  90|0x00000000e5a00000, 0x00000000e5b00000, 0x00000000e5b00000|100%| O|  |TAMS 0x00000000e5b00000, 0x00000000e5a00000| Untracked 
|  91|0x00000000e5b00000, 0x00000000e5b00000, 0x00000000e5c00000|  0%| F|  |TAMS 0x00000000e5b00000, 0x00000000e5b00000| Untracked 
|  92|0x00000000e5c00000, 0x00000000e5d00000, 0x00000000e5d00000|100%| O|  |TAMS 0x00000000e5d00000, 0x00000000e5c00000| Untracked 
|  93|0x00000000e5d00000, 0x00000000e5d00000, 0x00000000e5e00000|  0%| F|  |TAMS 0x00000000e5d00000, 0x00000000e5d00000| Untracked 
|  94|0x00000000e5e00000, 0x00000000e5f00000, 0x00000000e5f00000|100%| O|  |TAMS 0x00000000e5f00000, 0x00000000e5e00000| Untracked 
|  95|0x00000000e5f00000, 0x00000000e6000000, 0x00000000e6000000|100%| O|  |TAMS 0x00000000e6000000, 0x00000000e5f00000| Untracked 
|  96|0x00000000e6000000, 0x00000000e6000000, 0x00000000e6100000|  0%| F|  |TAMS 0x00000000e6000000, 0x00000000e6000000| Untracked 
|  97|0x00000000e6100000, 0x00000000e6100000, 0x00000000e6200000|  0%| F|  |TAMS 0x00000000e6100000, 0x00000000e6100000| Untracked 
|  98|0x00000000e6200000, 0x00000000e6200000, 0x00000000e6300000|  0%| F|  |TAMS 0x00000000e6200000, 0x00000000e6200000| Untracked 
|  99|0x00000000e6300000, 0x00000000e6300000, 0x00000000e6400000|  0%| F|  |TAMS 0x00000000e6300000, 0x00000000e6300000| Untracked 
| 100|0x00000000e6400000, 0x00000000e6400000, 0x00000000e6500000|  0%| F|  |TAMS 0x00000000e6400000, 0x00000000e6400000| Untracked 
| 101|0x00000000e6500000, 0x00000000e6500000, 0x00000000e6600000|  0%| F|  |TAMS 0x00000000e6500000, 0x00000000e6500000| Untracked 
| 102|0x00000000e6600000, 0x00000000e6600000, 0x00000000e6700000|  0%| F|  |TAMS 0x00000000e6600000, 0x00000000e6600000| Untracked 
| 103|0x00000000e6700000, 0x00000000e6700000, 0x00000000e6800000|  0%| F|  |TAMS 0x00000000e6700000, 0x00000000e6700000| Untracked 
| 104|0x00000000e6800000, 0x00000000e6800000, 0x00000000e6900000|  0%| F|  |TAMS 0x00000000e6800000, 0x00000000e6800000| Untracked 
| 105|0x00000000e6900000, 0x00000000e6900000, 0x00000000e6a00000|  0%| F|  |TAMS 0x00000000e6900000, 0x00000000e6900000| Untracked 
| 106|0x00000000e6a00000, 0x00000000e6a00000, 0x00000000e6b00000|  0%| F|  |TAMS 0x00000000e6a00000, 0x00000000e6a00000| Untracked 
| 107|0x00000000e6b00000, 0x00000000e6c00000, 0x00000000e6c00000|100%| O|  |TAMS 0x00000000e6c00000, 0x00000000e6b00000| Untracked 
| 108|0x00000000e6c00000, 0x00000000e6c00000, 0x00000000e6d00000|  0%| F|  |TAMS 0x00000000e6c00000, 0x00000000e6c00000| Untracked 
| 109|0x00000000e6d00000, 0x00000000e6d00000, 0x00000000e6e00000|  0%| F|  |TAMS 0x00000000e6d00000, 0x00000000e6d00000| Untracked 
| 110|0x00000000e6e00000, 0x00000000e6f00000, 0x00000000e6f00000|100%| O|  |TAMS 0x00000000e6f00000, 0x00000000e6e00000| Untracked 
| 111|0x00000000e6f00000, 0x00000000e7000000, 0x00000000e7000000|100%| O|  |TAMS 0x00000000e7000000, 0x00000000e6f00000| Untracked 
| 112|0x00000000e7000000, 0x00000000e7000000, 0x00000000e7100000|  0%| F|  |TAMS 0x00000000e7000000, 0x00000000e7000000| Untracked 
| 113|0x00000000e7100000, 0x00000000e7200000, 0x00000000e7200000|100%| O|  |TAMS 0x00000000e7200000, 0x00000000e7100000| Untracked 
| 114|0x00000000e7200000, 0x00000000e7200000, 0x00000000e7300000|  0%| F|  |TAMS 0x00000000e7200000, 0x00000000e7200000| Untracked 
| 115|0x00000000e7300000, 0x00000000e7300000, 0x00000000e7400000|  0%| F|  |TAMS 0x00000000e7300000, 0x00000000e7300000| Untracked 
| 116|0x00000000e7400000, 0x00000000e7500000, 0x00000000e7500000|100%| O|  |TAMS 0x00000000e7500000, 0x00000000e7400000| Untracked 
| 117|0x00000000e7500000, 0x00000000e7600000, 0x00000000e7600000|100%| O|  |TAMS 0x00000000e7600000, 0x00000000e7500000| Untracked 
| 118|0x00000000e7600000, 0x00000000e7700000, 0x00000000e7700000|100%|HS|  |TAMS 0x00000000e7700000, 0x00000000e7600000| Complete 
| 119|0x00000000e7700000, 0x00000000e7800000, 0x00000000e7800000|100%|HC|  |TAMS 0x00000000e7800000, 0x00000000e7700000| Complete 
| 120|0x00000000e7800000, 0x00000000e7900000, 0x00000000e7900000|100%| O|  |TAMS 0x00000000e7900000, 0x00000000e7800000| Untracked 
| 121|0x00000000e7900000, 0x00000000e7a00000, 0x00000000e7a00000|100%| O|  |TAMS 0x00000000e7a00000, 0x00000000e7900000| Untracked 
| 122|0x00000000e7a00000, 0x00000000e7b00000, 0x00000000e7b00000|100%| O|  |TAMS 0x00000000e7b00000, 0x00000000e7a00000| Untracked 
| 123|0x00000000e7b00000, 0x00000000e7c00000, 0x00000000e7c00000|100%| O|  |TAMS 0x00000000e7c00000, 0x00000000e7b00000| Untracked 
| 124|0x00000000e7c00000, 0x00000000e7d00000, 0x00000000e7d00000|100%| O|  |TAMS 0x00000000e7d00000, 0x00000000e7c00000| Untracked 
| 125|0x00000000e7d00000, 0x00000000e7e00000, 0x00000000e7e00000|100%| O|  |TAMS 0x00000000e7e00000, 0x00000000e7d00000| Untracked 
| 126|0x00000000e7e00000, 0x00000000e7f00000, 0x00000000e7f00000|100%| O|  |TAMS 0x00000000e7f00000, 0x00000000e7e00000| Untracked 
| 127|0x00000000e7f00000, 0x00000000e8000000, 0x00000000e8000000|100%| O|  |TAMS 0x00000000e8000000, 0x00000000e7f00000| Untracked 
| 128|0x00000000e8000000, 0x00000000e8100000, 0x00000000e8100000|100%| O|  |TAMS 0x00000000e8100000, 0x00000000e8000000| Untracked 
| 129|0x00000000e8100000, 0x00000000e8200000, 0x00000000e8200000|100%| O|  |TAMS 0x00000000e8200000, 0x00000000e8100000| Untracked 
| 130|0x00000000e8200000, 0x00000000e8300000, 0x00000000e8300000|100%| O|  |TAMS 0x00000000e8300000, 0x00000000e8200000| Untracked 
| 131|0x00000000e8300000, 0x00000000e8400000, 0x00000000e8400000|100%| O|  |TAMS 0x00000000e8400000, 0x00000000e8300000| Untracked 
| 132|0x00000000e8400000, 0x00000000e8500000, 0x00000000e8500000|100%| O|  |TAMS 0x00000000e8500000, 0x00000000e8400000| Untracked 
| 133|0x00000000e8500000, 0x00000000e8600000, 0x00000000e8600000|100%| O|  |TAMS 0x00000000e8600000, 0x00000000e8500000| Untracked 
| 134|0x00000000e8600000, 0x00000000e8700000, 0x00000000e8700000|100%| O|  |TAMS 0x00000000e8700000, 0x00000000e8600000| Untracked 
| 135|0x00000000e8700000, 0x00000000e8800000, 0x00000000e8800000|100%| O|  |TAMS 0x00000000e8800000, 0x00000000e8700000| Untracked 
| 136|0x00000000e8800000, 0x00000000e8900000, 0x00000000e8900000|100%| O|  |TAMS 0x00000000e8900000, 0x00000000e8800000| Untracked 
| 137|0x00000000e8900000, 0x00000000e8a00000, 0x00000000e8a00000|100%| O|  |TAMS 0x00000000e8a00000, 0x00000000e8900000| Untracked 
| 138|0x00000000e8a00000, 0x00000000e8b00000, 0x00000000e8b00000|100%| O|  |TAMS 0x00000000e8b00000, 0x00000000e8a00000| Untracked 
| 139|0x00000000e8b00000, 0x00000000e8c00000, 0x00000000e8c00000|100%| O|  |TAMS 0x00000000e8c00000, 0x00000000e8b00000| Untracked 
| 140|0x00000000e8c00000, 0x00000000e8d00000, 0x00000000e8d00000|100%| O|  |TAMS 0x00000000e8d00000, 0x00000000e8c00000| Untracked 
| 141|0x00000000e8d00000, 0x00000000e8e00000, 0x00000000e8e00000|100%| O|  |TAMS 0x00000000e8e00000, 0x00000000e8d00000| Untracked 
| 142|0x00000000e8e00000, 0x00000000e8f00000, 0x00000000e8f00000|100%| O|  |TAMS 0x00000000e8f00000, 0x00000000e8e00000| Untracked 
| 143|0x00000000e8f00000, 0x00000000e9000000, 0x00000000e9000000|100%| O|  |TAMS 0x00000000e9000000, 0x00000000e8f00000| Untracked 
| 144|0x00000000e9000000, 0x00000000e9100000, 0x00000000e9100000|100%| O|  |TAMS 0x00000000e9100000, 0x00000000e9000000| Untracked 
| 145|0x00000000e9100000, 0x00000000e9200000, 0x00000000e9200000|100%| O|  |TAMS 0x00000000e9200000, 0x00000000e9100000| Untracked 
| 146|0x00000000e9200000, 0x00000000e9300000, 0x00000000e9300000|100%| O|  |TAMS 0x00000000e9300000, 0x00000000e9200000| Untracked 
| 147|0x00000000e9300000, 0x00000000e9400000, 0x00000000e9400000|100%| O|  |TAMS 0x00000000e9400000, 0x00000000e9300000| Untracked 
| 148|0x00000000e9400000, 0x00000000e9500000, 0x00000000e9500000|100%| O|  |TAMS 0x00000000e9500000, 0x00000000e9400000| Untracked 
| 149|0x00000000e9500000, 0x00000000e9600000, 0x00000000e9600000|100%| O|  |TAMS 0x00000000e9600000, 0x00000000e9500000| Untracked 
| 150|0x00000000e9600000, 0x00000000e9700000, 0x00000000e9700000|100%| O|  |TAMS 0x00000000e9700000, 0x00000000e9600000| Untracked 
| 151|0x00000000e9700000, 0x00000000e9800000, 0x00000000e9800000|100%| O|  |TAMS 0x00000000e9800000, 0x00000000e9700000| Untracked 
| 152|0x00000000e9800000, 0x00000000e9900000, 0x00000000e9900000|100%| O|  |TAMS 0x00000000e9900000, 0x00000000e9800000| Untracked 
| 153|0x00000000e9900000, 0x00000000e9a00000, 0x00000000e9a00000|100%| O|  |TAMS 0x00000000e9a00000, 0x00000000e9900000| Untracked 
| 154|0x00000000e9a00000, 0x00000000e9b00000, 0x00000000e9b00000|100%| O|  |TAMS 0x00000000e9b00000, 0x00000000e9a00000| Untracked 
| 155|0x00000000e9b00000, 0x00000000e9c00000, 0x00000000e9c00000|100%| O|  |TAMS 0x00000000e9c00000, 0x00000000e9b00000| Untracked 
| 156|0x00000000e9c00000, 0x00000000e9d00000, 0x00000000e9d00000|100%| O|  |TAMS 0x00000000e9d00000, 0x00000000e9c00000| Untracked 
| 157|0x00000000e9d00000, 0x00000000e9e00000, 0x00000000e9e00000|100%| O|  |TAMS 0x00000000e9e00000, 0x00000000e9d00000| Untracked 
| 158|0x00000000e9e00000, 0x00000000e9f00000, 0x00000000e9f00000|100%| O|  |TAMS 0x00000000e9f00000, 0x00000000e9e00000| Untracked 
| 159|0x00000000e9f00000, 0x00000000ea000000, 0x00000000ea000000|100%| O|  |TAMS 0x00000000ea000000, 0x00000000e9f00000| Untracked 
| 160|0x00000000ea000000, 0x00000000ea100000, 0x00000000ea100000|100%| O|  |TAMS 0x00000000ea100000, 0x00000000ea000000| Untracked 
| 161|0x00000000ea100000, 0x00000000ea200000, 0x00000000ea200000|100%| O|  |TAMS 0x00000000ea200000, 0x00000000ea100000| Untracked 
| 162|0x00000000ea200000, 0x00000000ea300000, 0x00000000ea300000|100%| O|  |TAMS 0x00000000ea300000, 0x00000000ea200000| Untracked 
| 163|0x00000000ea300000, 0x00000000ea400000, 0x00000000ea400000|100%| O|  |TAMS 0x00000000ea400000, 0x00000000ea300000| Untracked 
| 164|0x00000000ea400000, 0x00000000ea500000, 0x00000000ea500000|100%| O|  |TAMS 0x00000000ea500000, 0x00000000ea400000| Untracked 
| 165|0x00000000ea500000, 0x00000000ea600000, 0x00000000ea600000|100%| O|  |TAMS 0x00000000ea600000, 0x00000000ea500000| Untracked 
| 166|0x00000000ea600000, 0x00000000ea700000, 0x00000000ea700000|100%| O|  |TAMS 0x00000000ea700000, 0x00000000ea600000| Untracked 
| 167|0x00000000ea700000, 0x00000000ea800000, 0x00000000ea800000|100%| O|  |TAMS 0x00000000ea800000, 0x00000000ea700000| Untracked 
| 168|0x00000000ea800000, 0x00000000ea900000, 0x00000000ea900000|100%| O|  |TAMS 0x00000000ea900000, 0x00000000ea800000| Untracked 
| 169|0x00000000ea900000, 0x00000000eaa00000, 0x00000000eaa00000|100%| O|  |TAMS 0x00000000eaa00000, 0x00000000ea900000| Untracked 
| 170|0x00000000eaa00000, 0x00000000eab00000, 0x00000000eab00000|100%| O|  |TAMS 0x00000000eab00000, 0x00000000eaa00000| Untracked 
| 171|0x00000000eab00000, 0x00000000eac00000, 0x00000000eac00000|100%| O|  |TAMS 0x00000000eac00000, 0x00000000eab00000| Untracked 
| 172|0x00000000eac00000, 0x00000000ead00000, 0x00000000ead00000|100%| O|  |TAMS 0x00000000ead00000, 0x00000000eac00000| Untracked 
| 173|0x00000000ead00000, 0x00000000eae00000, 0x00000000eae00000|100%| O|  |TAMS 0x00000000eae00000, 0x00000000ead00000| Untracked 
| 174|0x00000000eae00000, 0x00000000eae00000, 0x00000000eaf00000|  0%| F|  |TAMS 0x00000000eae00000, 0x00000000eae00000| Untracked 
| 175|0x00000000eaf00000, 0x00000000eaf00000, 0x00000000eb000000|  0%| F|  |TAMS 0x00000000eaf00000, 0x00000000eaf00000| Untracked 
| 176|0x00000000eb000000, 0x00000000eb000000, 0x00000000eb100000|  0%| F|  |TAMS 0x00000000eb000000, 0x00000000eb000000| Untracked 
| 177|0x00000000eb100000, 0x00000000eb100000, 0x00000000eb200000|  0%| F|  |TAMS 0x00000000eb100000, 0x00000000eb100000| Untracked 
| 178|0x00000000eb200000, 0x00000000eb200000, 0x00000000eb300000|  0%| F|  |TAMS 0x00000000eb200000, 0x00000000eb200000| Untracked 
| 179|0x00000000eb300000, 0x00000000eb300000, 0x00000000eb400000|  0%| F|  |TAMS 0x00000000eb300000, 0x00000000eb300000| Untracked 
| 180|0x00000000eb400000, 0x00000000eb400000, 0x00000000eb500000|  0%| F|  |TAMS 0x00000000eb400000, 0x00000000eb400000| Untracked 
| 181|0x00000000eb500000, 0x00000000eb500000, 0x00000000eb600000|  0%| F|  |TAMS 0x00000000eb500000, 0x00000000eb500000| Untracked 
| 182|0x00000000eb600000, 0x00000000eb600000, 0x00000000eb700000|  0%| F|  |TAMS 0x00000000eb600000, 0x00000000eb600000| Untracked 
| 183|0x00000000eb700000, 0x00000000eb700000, 0x00000000eb800000|  0%| F|  |TAMS 0x00000000eb700000, 0x00000000eb700000| Untracked 
| 184|0x00000000eb800000, 0x00000000eb800000, 0x00000000eb900000|  0%| F|  |TAMS 0x00000000eb800000, 0x00000000eb800000| Untracked 
| 185|0x00000000eb900000, 0x00000000eb900000, 0x00000000eba00000|  0%| F|  |TAMS 0x00000000eb900000, 0x00000000eb900000| Untracked 
| 186|0x00000000eba00000, 0x00000000eba00000, 0x00000000ebb00000|  0%| F|  |TAMS 0x00000000eba00000, 0x00000000eba00000| Untracked 
| 187|0x00000000ebb00000, 0x00000000ebb00000, 0x00000000ebc00000|  0%| F|  |TAMS 0x00000000ebb00000, 0x00000000ebb00000| Untracked 
| 188|0x00000000ebc00000, 0x00000000ebc00000, 0x00000000ebd00000|  0%| F|  |TAMS 0x00000000ebc00000, 0x00000000ebc00000| Untracked 
| 189|0x00000000ebd00000, 0x00000000ebd00000, 0x00000000ebe00000|  0%| F|  |TAMS 0x00000000ebd00000, 0x00000000ebd00000| Untracked 
| 190|0x00000000ebe00000, 0x00000000ebe00000, 0x00000000ebf00000|  0%| F|  |TAMS 0x00000000ebe00000, 0x00000000ebe00000| Untracked 
| 191|0x00000000ebf00000, 0x00000000ebf00000, 0x00000000ec000000|  0%| F|  |TAMS 0x00000000ebf00000, 0x00000000ebf00000| Untracked 
| 192|0x00000000ec000000, 0x00000000ec000000, 0x00000000ec100000|  0%| F|  |TAMS 0x00000000ec000000, 0x00000000ec000000| Untracked 
| 193|0x00000000ec100000, 0x00000000ec100000, 0x00000000ec200000|  0%| F|  |TAMS 0x00000000ec100000, 0x00000000ec100000| Untracked 
| 194|0x00000000ec200000, 0x00000000ec200000, 0x00000000ec300000|  0%| F|  |TAMS 0x00000000ec200000, 0x00000000ec200000| Untracked 
| 195|0x00000000ec300000, 0x00000000ec300000, 0x00000000ec400000|  0%| F|  |TAMS 0x00000000ec300000, 0x00000000ec300000| Untracked 
| 196|0x00000000ec400000, 0x00000000ec400000, 0x00000000ec500000|  0%| F|  |TAMS 0x00000000ec400000, 0x00000000ec400000| Untracked 
| 197|0x00000000ec500000, 0x00000000ec500000, 0x00000000ec600000|  0%| F|  |TAMS 0x00000000ec500000, 0x00000000ec500000| Untracked 
| 198|0x00000000ec600000, 0x00000000ec600000, 0x00000000ec700000|  0%| F|  |TAMS 0x00000000ec600000, 0x00000000ec600000| Untracked 
| 199|0x00000000ec700000, 0x00000000ec700000, 0x00000000ec800000|  0%| F|  |TAMS 0x00000000ec700000, 0x00000000ec700000| Untracked 
| 200|0x00000000ec800000, 0x00000000ec800000, 0x00000000ec900000|  0%| F|  |TAMS 0x00000000ec800000, 0x00000000ec800000| Untracked 
| 201|0x00000000ec900000, 0x00000000ec900000, 0x00000000eca00000|  0%| F|  |TAMS 0x00000000ec900000, 0x00000000ec900000| Untracked 
| 202|0x00000000eca00000, 0x00000000eca00000, 0x00000000ecb00000|  0%| F|  |TAMS 0x00000000eca00000, 0x00000000eca00000| Untracked 
| 203|0x00000000ecb00000, 0x00000000ecb00000, 0x00000000ecc00000|  0%| F|  |TAMS 0x00000000ecb00000, 0x00000000ecb00000| Untracked 
| 204|0x00000000ecc00000, 0x00000000ecc00000, 0x00000000ecd00000|  0%| F|  |TAMS 0x00000000ecc00000, 0x00000000ecc00000| Untracked 
| 205|0x00000000ecd00000, 0x00000000ecd00000, 0x00000000ece00000|  0%| F|  |TAMS 0x00000000ecd00000, 0x00000000ecd00000| Untracked 
| 206|0x00000000ece00000, 0x00000000ece00000, 0x00000000ecf00000|  0%| F|  |TAMS 0x00000000ece00000, 0x00000000ece00000| Untracked 
| 207|0x00000000ecf00000, 0x00000000ecf00000, 0x00000000ed000000|  0%| F|  |TAMS 0x00000000ecf00000, 0x00000000ecf00000| Untracked 
| 208|0x00000000ed000000, 0x00000000ed000000, 0x00000000ed100000|  0%| F|  |TAMS 0x00000000ed000000, 0x00000000ed000000| Untracked 
| 209|0x00000000ed100000, 0x00000000ed100000, 0x00000000ed200000|  0%| F|  |TAMS 0x00000000ed100000, 0x00000000ed100000| Untracked 
| 210|0x00000000ed200000, 0x00000000ed200000, 0x00000000ed300000|  0%| F|  |TAMS 0x00000000ed200000, 0x00000000ed200000| Untracked 
| 211|0x00000000ed300000, 0x00000000ed300000, 0x00000000ed400000|  0%| F|  |TAMS 0x00000000ed300000, 0x00000000ed300000| Untracked 
| 212|0x00000000ed400000, 0x00000000ed400000, 0x00000000ed500000|  0%| F|  |TAMS 0x00000000ed400000, 0x00000000ed400000| Untracked 
| 213|0x00000000ed500000, 0x00000000ed500000, 0x00000000ed600000|  0%| F|  |TAMS 0x00000000ed500000, 0x00000000ed500000| Untracked 
| 214|0x00000000ed600000, 0x00000000ed648730, 0x00000000ed700000| 28%| E|  |TAMS 0x00000000ed600000, 0x00000000ed600000| Complete 
| 215|0x00000000ed700000, 0x00000000ed800000, 0x00000000ed800000|100%| E|CS|TAMS 0x00000000ed700000, 0x00000000ed700000| Complete 
| 216|0x00000000ed800000, 0x00000000ed900000, 0x00000000ed900000|100%| E|CS|TAMS 0x00000000ed800000, 0x00000000ed800000| Complete 
| 217|0x00000000ed900000, 0x00000000eda00000, 0x00000000eda00000|100%| E|CS|TAMS 0x00000000ed900000, 0x00000000ed900000| Complete 
| 218|0x00000000eda00000, 0x00000000edac93f0, 0x00000000edb00000| 78%| S|CS|TAMS 0x00000000eda00000, 0x00000000eda00000| Complete 
| 219|0x00000000edb00000, 0x00000000edc00000, 0x00000000edc00000|100%| S|CS|TAMS 0x00000000edb00000, 0x00000000edb00000| Complete 
| 220|0x00000000edc00000, 0x00000000edd00000, 0x00000000edd00000|100%| S|CS|TAMS 0x00000000edc00000, 0x00000000edc00000| Complete 
| 221|0x00000000edd00000, 0x00000000ede00000, 0x00000000ede00000|100%| S|CS|TAMS 0x00000000edd00000, 0x00000000edd00000| Complete 
| 222|0x00000000ede00000, 0x00000000edf00000, 0x00000000edf00000|100%| S|CS|TAMS 0x00000000ede00000, 0x00000000ede00000| Complete 
| 223|0x00000000edf00000, 0x00000000ee000000, 0x00000000ee000000|100%| S|CS|TAMS 0x00000000edf00000, 0x00000000edf00000| Complete 
| 224|0x00000000ee000000, 0x00000000ee100000, 0x00000000ee100000|100%| S|CS|TAMS 0x00000000ee000000, 0x00000000ee000000| Complete 
| 225|0x00000000ee100000, 0x00000000ee200000, 0x00000000ee200000|100%| S|CS|TAMS 0x00000000ee100000, 0x00000000ee100000| Complete 
| 226|0x00000000ee200000, 0x00000000ee300000, 0x00000000ee300000|100%| S|CS|TAMS 0x00000000ee200000, 0x00000000ee200000| Complete 
| 227|0x00000000ee300000, 0x00000000ee400000, 0x00000000ee400000|100%| S|CS|TAMS 0x00000000ee300000, 0x00000000ee300000| Complete 
| 228|0x00000000ee400000, 0x00000000ee500000, 0x00000000ee500000|100%| S|CS|TAMS 0x00000000ee400000, 0x00000000ee400000| Complete 
| 229|0x00000000ee500000, 0x00000000ee600000, 0x00000000ee600000|100%| E|CS|TAMS 0x00000000ee500000, 0x00000000ee500000| Complete 
| 230|0x00000000ee600000, 0x00000000ee700000, 0x00000000ee700000|100%| E|CS|TAMS 0x00000000ee600000, 0x00000000ee600000| Complete 
| 231|0x00000000ee700000, 0x00000000ee800000, 0x00000000ee800000|100%| E|CS|TAMS 0x00000000ee700000, 0x00000000ee700000| Complete 
| 232|0x00000000ee800000, 0x00000000ee900000, 0x00000000ee900000|100%| E|CS|TAMS 0x00000000ee800000, 0x00000000ee800000| Complete 
| 233|0x00000000ee900000, 0x00000000eea00000, 0x00000000eea00000|100%| E|CS|TAMS 0x00000000ee900000, 0x00000000ee900000| Complete 
| 234|0x00000000eea00000, 0x00000000eeb00000, 0x00000000eeb00000|100%| E|CS|TAMS 0x00000000eea00000, 0x00000000eea00000| Complete 
| 235|0x00000000eeb00000, 0x00000000eec00000, 0x00000000eec00000|100%| E|CS|TAMS 0x00000000eeb00000, 0x00000000eeb00000| Complete 
| 236|0x00000000eec00000, 0x00000000eed00000, 0x00000000eed00000|100%| E|CS|TAMS 0x00000000eec00000, 0x00000000eec00000| Complete 
| 237|0x00000000eed00000, 0x00000000eee00000, 0x00000000eee00000|100%| E|CS|TAMS 0x00000000eed00000, 0x00000000eed00000| Complete 
| 238|0x00000000eee00000, 0x00000000eef00000, 0x00000000eef00000|100%| E|CS|TAMS 0x00000000eee00000, 0x00000000eee00000| Complete 
| 239|0x00000000eef00000, 0x00000000ef000000, 0x00000000ef000000|100%| E|CS|TAMS 0x00000000eef00000, 0x00000000eef00000| Complete 
| 240|0x00000000ef000000, 0x00000000ef100000, 0x00000000ef100000|100%| E|CS|TAMS 0x00000000ef000000, 0x00000000ef000000| Complete 
| 241|0x00000000ef100000, 0x00000000ef200000, 0x00000000ef200000|100%| E|CS|TAMS 0x00000000ef100000, 0x00000000ef100000| Complete 
| 242|0x00000000ef200000, 0x00000000ef300000, 0x00000000ef300000|100%| E|CS|TAMS 0x00000000ef200000, 0x00000000ef200000| Complete 
| 243|0x00000000ef300000, 0x00000000ef400000, 0x00000000ef400000|100%| E|CS|TAMS 0x00000000ef300000, 0x00000000ef300000| Complete 
| 244|0x00000000ef400000, 0x00000000ef500000, 0x00000000ef500000|100%| E|CS|TAMS 0x00000000ef400000, 0x00000000ef400000| Complete 
| 245|0x00000000ef500000, 0x00000000ef600000, 0x00000000ef600000|100%| E|CS|TAMS 0x00000000ef500000, 0x00000000ef500000| Complete 
| 246|0x00000000ef600000, 0x00000000ef700000, 0x00000000ef700000|100%| E|CS|TAMS 0x00000000ef600000, 0x00000000ef600000| Complete 
| 247|0x00000000ef700000, 0x00000000ef800000, 0x00000000ef800000|100%| E|CS|TAMS 0x00000000ef700000, 0x00000000ef700000| Complete 
| 248|0x00000000ef800000, 0x00000000ef900000, 0x00000000ef900000|100%| E|CS|TAMS 0x00000000ef800000, 0x00000000ef800000| Complete 
| 249|0x00000000ef900000, 0x00000000efa00000, 0x00000000efa00000|100%| E|CS|TAMS 0x00000000ef900000, 0x00000000ef900000| Complete 
| 250|0x00000000efa00000, 0x00000000efb00000, 0x00000000efb00000|100%| E|CS|TAMS 0x00000000efa00000, 0x00000000efa00000| Complete 
| 251|0x00000000efb00000, 0x00000000efc00000, 0x00000000efc00000|100%| E|CS|TAMS 0x00000000efb00000, 0x00000000efb00000| Complete 
| 252|0x00000000efc00000, 0x00000000efd00000, 0x00000000efd00000|100%| E|CS|TAMS 0x00000000efc00000, 0x00000000efc00000| Complete 
| 253|0x00000000efd00000, 0x00000000efe00000, 0x00000000efe00000|100%| E|CS|TAMS 0x00000000efd00000, 0x00000000efd00000| Complete 
| 254|0x00000000efe00000, 0x00000000eff00000, 0x00000000eff00000|100%| E|CS|TAMS 0x00000000efe00000, 0x00000000efe00000| Complete 
| 255|0x00000000eff00000, 0x00000000f0000000, 0x00000000f0000000|100%| E|CS|TAMS 0x00000000eff00000, 0x00000000eff00000| Complete 
| 256|0x00000000f0000000, 0x00000000f0100000, 0x00000000f0100000|100%| E|CS|TAMS 0x00000000f0000000, 0x00000000f0000000| Complete 
| 257|0x00000000f0100000, 0x00000000f0200000, 0x00000000f0200000|100%| E|  |TAMS 0x00000000f0100000, 0x00000000f0100000| Complete 
| 258|0x00000000f0200000, 0x00000000f0300000, 0x00000000f0300000|100%| E|CS|TAMS 0x00000000f0200000, 0x00000000f0200000| Complete 
| 259|0x00000000f0300000, 0x00000000f0400000, 0x00000000f0400000|100%| E|CS|TAMS 0x00000000f0300000, 0x00000000f0300000| Complete 
| 260|0x00000000f0400000, 0x00000000f0500000, 0x00000000f0500000|100%| E|CS|TAMS 0x00000000f0400000, 0x00000000f0400000| Complete 
| 261|0x00000000f0500000, 0x00000000f0600000, 0x00000000f0600000|100%| E|CS|TAMS 0x00000000f0500000, 0x00000000f0500000| Complete 
| 262|0x00000000f0600000, 0x00000000f0700000, 0x00000000f0700000|100%| E|CS|TAMS 0x00000000f0600000, 0x00000000f0600000| Complete 
| 263|0x00000000f0700000, 0x00000000f0800000, 0x00000000f0800000|100%| E|CS|TAMS 0x00000000f0700000, 0x00000000f0700000| Complete 
| 264|0x00000000f0800000, 0x00000000f0900000, 0x00000000f0900000|100%| E|CS|TAMS 0x00000000f0800000, 0x00000000f0800000| Complete 
| 265|0x00000000f0900000, 0x00000000f0a00000, 0x00000000f0a00000|100%| E|CS|TAMS 0x00000000f0900000, 0x00000000f0900000| Complete 
| 266|0x00000000f0a00000, 0x00000000f0b00000, 0x00000000f0b00000|100%| E|CS|TAMS 0x00000000f0a00000, 0x00000000f0a00000| Complete 
| 267|0x00000000f0b00000, 0x00000000f0c00000, 0x00000000f0c00000|100%| E|CS|TAMS 0x00000000f0b00000, 0x00000000f0b00000| Complete 
| 268|0x00000000f0c00000, 0x00000000f0d00000, 0x00000000f0d00000|100%| E|CS|TAMS 0x00000000f0c00000, 0x00000000f0c00000| Complete 
| 269|0x00000000f0d00000, 0x00000000f0e00000, 0x00000000f0e00000|100%| E|CS|TAMS 0x00000000f0d00000, 0x00000000f0d00000| Complete 
| 270|0x00000000f0e00000, 0x00000000f0f00000, 0x00000000f0f00000|100%| E|CS|TAMS 0x00000000f0e00000, 0x00000000f0e00000| Complete 
| 271|0x00000000f0f00000, 0x00000000f1000000, 0x00000000f1000000|100%| E|CS|TAMS 0x00000000f0f00000, 0x00000000f0f00000| Complete 
| 272|0x00000000f1000000, 0x00000000f1100000, 0x00000000f1100000|100%| E|CS|TAMS 0x00000000f1000000, 0x00000000f1000000| Complete 
| 273|0x00000000f1100000, 0x00000000f1200000, 0x00000000f1200000|100%| E|CS|TAMS 0x00000000f1100000, 0x00000000f1100000| Complete 
| 274|0x00000000f1200000, 0x00000000f1300000, 0x00000000f1300000|100%| E|CS|TAMS 0x00000000f1200000, 0x00000000f1200000| Complete 
| 275|0x00000000f1300000, 0x00000000f1400000, 0x00000000f1400000|100%| E|CS|TAMS 0x00000000f1300000, 0x00000000f1300000| Complete 
| 276|0x00000000f1400000, 0x00000000f1500000, 0x00000000f1500000|100%| E|CS|TAMS 0x00000000f1400000, 0x00000000f1400000| Complete 
| 277|0x00000000f1500000, 0x00000000f1600000, 0x00000000f1600000|100%| E|CS|TAMS 0x00000000f1500000, 0x00000000f1500000| Complete 
| 278|0x00000000f1600000, 0x00000000f1700000, 0x00000000f1700000|100%| E|CS|TAMS 0x00000000f1600000, 0x00000000f1600000| Complete 
| 279|0x00000000f1700000, 0x00000000f1800000, 0x00000000f1800000|100%| E|CS|TAMS 0x00000000f1700000, 0x00000000f1700000| Complete 
| 280|0x00000000f1800000, 0x00000000f1900000, 0x00000000f1900000|100%| E|CS|TAMS 0x00000000f1800000, 0x00000000f1800000| Complete 
| 281|0x00000000f1900000, 0x00000000f1a00000, 0x00000000f1a00000|100%| E|CS|TAMS 0x00000000f1900000, 0x00000000f1900000| Complete 
| 282|0x00000000f1a00000, 0x00000000f1b00000, 0x00000000f1b00000|100%| E|CS|TAMS 0x00000000f1a00000, 0x00000000f1a00000| Complete 
| 283|0x00000000f1b00000, 0x00000000f1c00000, 0x00000000f1c00000|100%| E|CS|TAMS 0x00000000f1b00000, 0x00000000f1b00000| Complete 
| 284|0x00000000f1c00000, 0x00000000f1d00000, 0x00000000f1d00000|100%| E|CS|TAMS 0x00000000f1c00000, 0x00000000f1c00000| Complete 
| 285|0x00000000f1d00000, 0x00000000f1e00000, 0x00000000f1e00000|100%| E|CS|TAMS 0x00000000f1d00000, 0x00000000f1d00000| Complete 
| 286|0x00000000f1e00000, 0x00000000f1f00000, 0x00000000f1f00000|100%| E|CS|TAMS 0x00000000f1e00000, 0x00000000f1e00000| Complete 
| 287|0x00000000f1f00000, 0x00000000f2000000, 0x00000000f2000000|100%| E|CS|TAMS 0x00000000f1f00000, 0x00000000f1f00000| Complete 
| 288|0x00000000f2000000, 0x00000000f2100000, 0x00000000f2100000|100%| E|CS|TAMS 0x00000000f2000000, 0x00000000f2000000| Complete 
| 289|0x00000000f2100000, 0x00000000f2200000, 0x00000000f2200000|100%| E|CS|TAMS 0x00000000f2100000, 0x00000000f2100000| Complete 
| 290|0x00000000f2200000, 0x00000000f2300000, 0x00000000f2300000|100%| E|CS|TAMS 0x00000000f2200000, 0x00000000f2200000| Complete 
| 291|0x00000000f2300000, 0x00000000f2400000, 0x00000000f2400000|100%| E|CS|TAMS 0x00000000f2300000, 0x00000000f2300000| Complete 
| 292|0x00000000f2400000, 0x00000000f2500000, 0x00000000f2500000|100%| E|CS|TAMS 0x00000000f2400000, 0x00000000f2400000| Complete 
| 293|0x00000000f2500000, 0x00000000f2600000, 0x00000000f2600000|100%| E|CS|TAMS 0x00000000f2500000, 0x00000000f2500000| Complete 
| 294|0x00000000f2600000, 0x00000000f2700000, 0x00000000f2700000|100%| E|CS|TAMS 0x00000000f2600000, 0x00000000f2600000| Complete 
| 295|0x00000000f2700000, 0x00000000f2800000, 0x00000000f2800000|100%| E|CS|TAMS 0x00000000f2700000, 0x00000000f2700000| Complete 
| 296|0x00000000f2800000, 0x00000000f2900000, 0x00000000f2900000|100%| E|CS|TAMS 0x00000000f2800000, 0x00000000f2800000| Complete 
| 297|0x00000000f2900000, 0x00000000f2a00000, 0x00000000f2a00000|100%| E|CS|TAMS 0x00000000f2900000, 0x00000000f2900000| Complete 
| 298|0x00000000f2a00000, 0x00000000f2b00000, 0x00000000f2b00000|100%| E|CS|TAMS 0x00000000f2a00000, 0x00000000f2a00000| Complete 
| 299|0x00000000f2b00000, 0x00000000f2c00000, 0x00000000f2c00000|100%| E|CS|TAMS 0x00000000f2b00000, 0x00000000f2b00000| Complete 
| 300|0x00000000f2c00000, 0x00000000f2d00000, 0x00000000f2d00000|100%| E|CS|TAMS 0x00000000f2c00000, 0x00000000f2c00000| Complete 
| 301|0x00000000f2d00000, 0x00000000f2e00000, 0x00000000f2e00000|100%| E|CS|TAMS 0x00000000f2d00000, 0x00000000f2d00000| Complete 
| 302|0x00000000f2e00000, 0x00000000f2f00000, 0x00000000f2f00000|100%| E|CS|TAMS 0x00000000f2e00000, 0x00000000f2e00000| Complete 
| 303|0x00000000f2f00000, 0x00000000f3000000, 0x00000000f3000000|100%| E|CS|TAMS 0x00000000f2f00000, 0x00000000f2f00000| Complete 
| 304|0x00000000f3000000, 0x00000000f3100000, 0x00000000f3100000|100%| E|CS|TAMS 0x00000000f3000000, 0x00000000f3000000| Complete 
| 305|0x00000000f3100000, 0x00000000f3200000, 0x00000000f3200000|100%| E|CS|TAMS 0x00000000f3100000, 0x00000000f3100000| Complete 
| 306|0x00000000f3200000, 0x00000000f3300000, 0x00000000f3300000|100%| E|CS|TAMS 0x00000000f3200000, 0x00000000f3200000| Complete 
| 307|0x00000000f3300000, 0x00000000f3400000, 0x00000000f3400000|100%| E|CS|TAMS 0x00000000f3300000, 0x00000000f3300000| Complete 
| 308|0x00000000f3400000, 0x00000000f3500000, 0x00000000f3500000|100%| E|CS|TAMS 0x00000000f3400000, 0x00000000f3400000| Complete 
| 309|0x00000000f3500000, 0x00000000f3600000, 0x00000000f3600000|100%| E|CS|TAMS 0x00000000f3500000, 0x00000000f3500000| Complete 
| 310|0x00000000f3600000, 0x00000000f3700000, 0x00000000f3700000|100%| E|CS|TAMS 0x00000000f3600000, 0x00000000f3600000| Complete 
| 311|0x00000000f3700000, 0x00000000f3800000, 0x00000000f3800000|100%| E|CS|TAMS 0x00000000f3700000, 0x00000000f3700000| Complete 
| 312|0x00000000f3800000, 0x00000000f3900000, 0x00000000f3900000|100%| E|CS|TAMS 0x00000000f3800000, 0x00000000f3800000| Complete 
| 313|0x00000000f3900000, 0x00000000f3a00000, 0x00000000f3a00000|100%| E|CS|TAMS 0x00000000f3900000, 0x00000000f3900000| Complete 
| 314|0x00000000f3a00000, 0x00000000f3b00000, 0x00000000f3b00000|100%| E|CS|TAMS 0x00000000f3a00000, 0x00000000f3a00000| Complete 
| 315|0x00000000f3b00000, 0x00000000f3c00000, 0x00000000f3c00000|100%| E|CS|TAMS 0x00000000f3b00000, 0x00000000f3b00000| Complete 
| 316|0x00000000f3c00000, 0x00000000f3d00000, 0x00000000f3d00000|100%| E|CS|TAMS 0x00000000f3c00000, 0x00000000f3c00000| Complete 
| 317|0x00000000f3d00000, 0x00000000f3e00000, 0x00000000f3e00000|100%| E|CS|TAMS 0x00000000f3d00000, 0x00000000f3d00000| Complete 
| 318|0x00000000f3e00000, 0x00000000f3f00000, 0x00000000f3f00000|100%| E|CS|TAMS 0x00000000f3e00000, 0x00000000f3e00000| Complete 

Card table byte_map: [0x0000028ba9270000,0x0000028ba9370000] _byte_map_base: 0x0000028ba8b70000

Marking Bits (Prev, Next): (CMBitMap*) 0x0000028b920d0d50, (CMBitMap*) 0x0000028b920d0d10
 Prev Bits: [0x0000028ba9c70000, 0x0000028baa470000)
 Next Bits: [0x0000028ba9470000, 0x0000028ba9c70000)

Polling page: 0x0000028b90000000

Metaspace:

Usage:
  Non-class:     99.26 MB capacity,    97.86 MB ( 99%) used,     1.23 MB (  1%) free+waste,   169.75 KB ( <1%) overhead. 
      Class:     14.58 MB capacity,    14.07 MB ( 97%) used,   449.51 KB (  3%) free+waste,    67.81 KB ( <1%) overhead. 
       Both:    113.84 MB capacity,   111.94 MB ( 98%) used,     1.67 MB (  1%) free+waste,   237.56 KB ( <1%) overhead. 

Virtual space:
  Non-class space:      100.00 MB reserved,      99.34 MB (>99%) committed 
      Class space:      248.00 MB reserved,      14.62 MB (  6%) committed 
             Both:      348.00 MB reserved,     113.96 MB ( 33%) committed 

Chunk freelists:
   Non-Class:  16.00 KB
       Class:  16.00 KB
        Both:  32.00 KB

MaxMetaspaceSize: 256.00 MB
CompressedClassSpaceSize: 248.00 MB

CodeHeap 'non-profiled nmethods': size=120000Kb used=8924Kb max_used=9210Kb free=111075Kb
 bounds [0x0000028ba1d40000, 0x0000028ba2640000, 0x0000028ba9270000]
CodeHeap 'profiled nmethods': size=120000Kb used=39297Kb max_used=39297Kb free=80702Kb
 bounds [0x0000028b9a810000, 0x0000028b9ce80000, 0x0000028ba1d40000]
CodeHeap 'non-nmethods': size=5760Kb used=2479Kb max_used=2529Kb free=3280Kb
 bounds [0x0000028b9a270000, 0x0000028b9a500000, 0x0000028b9a810000]
 total_blobs=19323 nmethods=18337 adapters=894
 compilation: enabled
              stopped_count=0, restarted_count=0
 full_count=0

Compilation events (20 events):
Event: 101.596 Thread 0x0000028bad2d0e80 nmethod 21903 0x0000028b9cdd1a90 code [0x0000028b9cdd1c40, 0x0000028b9cdd1da8]
Event: 101.604 Thread 0x0000028bad2d0e80 21904       2       com.android.tools.r8.s.b.q1::b (19 bytes)
Event: 101.605 Thread 0x0000028bad2d0e80 nmethod 21904 0x0000028b9cdd1e90 code [0x0000028b9cdd2060, 0x0000028b9cdd2328]
Event: 101.605 Thread 0x0000028bad2d0e80 21905       2       com.android.tools.r8.s.b.q1$$Lambda$1553/0x0000000801988f70::<init> (10 bytes)
Event: 101.605 Thread 0x0000028bad2d0e80 nmethod 21905 0x0000028b9cdd2510 code [0x0000028b9cdd26a0, 0x0000028b9cdd27d8]
Event: 101.605 Thread 0x0000028bad2d0e80 21906       3       com.android.tools.r8.s.c.c0::a (908 bytes)
Event: 101.618 Thread 0x0000028bad2d0e80 nmethod 21906 0x0000028b9cdd2890 code [0x0000028b9cdd3480, 0x0000028b9cddaa68]
Event: 101.618 Thread 0x0000028bad2d0e80 21907       3       com.android.tools.r8.s.c.t::a (1614 bytes)
Event: 101.636 Thread 0x0000028bad2d0e80 nmethod 21907 0x0000028b9cddd590 code [0x0000028b9cdde4a0, 0x0000028b9cde9488]
Event: 101.636 Thread 0x0000028bad2d0e80 21913       3       com.android.tools.r8.ir.regalloc.a::i (610 bytes)
Event: 101.646 Thread 0x0000028bad2d0e80 nmethod 21913 0x0000028b9cdeca10 code [0x0000028b9cded340, 0x0000028b9cdf3808]
Event: 101.646 Thread 0x0000028bad2d0e80 21915       3       java.util.LinkedList$LLSpliterator::forEachRemaining (93 bytes)
Event: 101.647 Thread 0x0000028bad2d0e80 nmethod 21915 0x0000028b9cdf5910 code [0x0000028b9cdf5b00, 0x0000028b9cdf60f8]
Event: 101.647 Thread 0x0000028bad2d0e80 21914       3       com.android.tools.r8.ir.optimize.a0::a (1308 bytes)
Event: 101.676 Thread 0x0000028bad2d0e80 nmethod 21914 0x0000028b9cdf6310 code [0x0000028b9cdf7600, 0x0000028b9ce052e8]
Event: 101.676 Thread 0x0000028bad2d0e80 21909   !   3       com.android.tools.r8.ir.optimize.x::a (845 bytes)
Event: 101.690 Thread 0x0000028bad2d0e80 nmethod 21909 0x0000028b9ce0a090 code [0x0000028b9ce0aaa0, 0x0000028b9ce12248]
Event: 101.690 Thread 0x0000028bad2d0e80 21918 %     3       com.android.tools.r8.ir.regalloc.j::b @ 130 (207 bytes)
Event: 101.693 Thread 0x0000028bad2d0e80 nmethod 21918% 0x0000028b9ce14410 code [0x0000028b9ce14780, 0x0000028b9ce16338]
Event: 101.693 Thread 0x0000028bad2d0e80 21917 %     3       com.android.tools.r8.ir.optimize.l::a @ 60 (592 bytes)

GC Heap History (20 events):
Event: 88.589 GC heap before
{Heap before GC invocations=17 (full 0):
 garbage-first heap   total 262144K, used 204800K [0x00000000e0000000, 0x0000000100000000)
  region size 1024K, 103 young (105472K), 14 survivors (14336K)
 Metaspace       used 101309K, capacity 103157K, committed 103260K, reserved 344064K
  class space    used 12700K, capacity 13236K, committed 13312K, reserved 253952K
}
Event: 88.630 GC heap after
{Heap after GC invocations=18 (full 0):
 garbage-first heap   total 262144K, used 121377K [0x00000000e0000000, 0x0000000100000000)
  region size 1024K, 10 young (10240K), 10 survivors (10240K)
 Metaspace       used 101309K, capacity 103157K, committed 103260K, reserved 344064K
  class space    used 12700K, capacity 13236K, committed 13312K, reserved 253952K
}
Event: 89.769 GC heap before
{Heap before GC invocations=19 (full 0):
 garbage-first heap   total 276480K, used 207393K [0x00000000e0000000, 0x0000000100000000)
  region size 1024K, 95 young (97280K), 10 survivors (10240K)
 Metaspace       used 101588K, capacity 103507K, committed 103772K, reserved 346112K
  class space    used 12717K, capacity 13241K, committed 13312K, reserved 253952K
}
Event: 89.785 GC heap after
{Heap after GC invocations=20 (full 0):
 garbage-first heap   total 276480K, used 120799K [0x00000000e0000000, 0x0000000100000000)
  region size 1024K, 2 young (2048K), 2 survivors (2048K)
 Metaspace       used 101588K, capacity 103507K, committed 103772K, reserved 346112K
  class space    used 12717K, capacity 13241K, committed 13312K, reserved 253952K
}
Event: 91.594 GC heap before
{Heap before GC invocations=20 (full 0):
 garbage-first heap   total 276480K, used 222175K [0x00000000e0000000, 0x0000000100000000)
  region size 1024K, 102 young (104448K), 2 survivors (2048K)
 Metaspace       used 102484K, capacity 104351K, committed 104668K, reserved 346112K
  class space    used 12823K, capacity 13372K, committed 13440K, reserved 253952K
}
Event: 91.613 GC heap after
{Heap after GC invocations=21 (full 0):
 garbage-first heap   total 276480K, used 126421K [0x00000000e0000000, 0x0000000100000000)
  region size 1024K, 8 young (8192K), 8 survivors (8192K)
 Metaspace       used 102484K, capacity 104351K, committed 104668K, reserved 346112K
  class space    used 12823K, capacity 13372K, committed 13440K, reserved 253952K
}
Event: 94.468 GC heap before
{Heap before GC invocations=21 (full 0):
 garbage-first heap   total 276480K, used 227797K [0x00000000e0000000, 0x0000000100000000)
  region size 1024K, 104 young (106496K), 8 survivors (8192K)
 Metaspace       used 103433K, capacity 105361K, committed 105564K, reserved 346112K
  class space    used 12937K, capacity 13473K, committed 13568K, reserved 253952K
}
Event: 94.478 GC heap after
{Heap after GC invocations=22 (full 0):
 garbage-first heap   total 276480K, used 128070K [0x00000000e0000000, 0x0000000100000000)
  region size 1024K, 7 young (7168K), 7 survivors (7168K)
 Metaspace       used 103433K, capacity 105361K, committed 105564K, reserved 346112K
  class space    used 12937K, capacity 13473K, committed 13568K, reserved 253952K
}
Event: 95.493 GC heap before
{Heap before GC invocations=22 (full 0):
 garbage-first heap   total 276480K, used 228422K [0x00000000e0000000, 0x0000000100000000)
  region size 1024K, 104 young (106496K), 7 survivors (7168K)
 Metaspace       used 105189K, capacity 107089K, committed 107356K, reserved 348160K
  class space    used 13195K, capacity 13729K, committed 13824K, reserved 253952K
}
Event: 95.513 GC heap after
{Heap after GC invocations=23 (full 0):
 garbage-first heap   total 276480K, used 138211K [0x00000000e0000000, 0x0000000100000000)
  region size 1024K, 13 young (13312K), 13 survivors (13312K)
 Metaspace       used 105189K, capacity 107089K, committed 107356K, reserved 348160K
  class space    used 13195K, capacity 13729K, committed 13824K, reserved 253952K
}
Event: 96.577 GC heap before
{Heap before GC invocations=23 (full 0):
 garbage-first heap   total 276480K, used 224227K [0x00000000e0000000, 0x0000000100000000)
  region size 1024K, 98 young (100352K), 13 survivors (13312K)
 Metaspace       used 107800K, capacity 109729K, committed 109916K, reserved 350208K
  class space    used 13533K, capacity 14054K, committed 14080K, reserved 253952K
}
Event: 96.623 GC heap after
{Heap after GC invocations=24 (full 0):
 garbage-first heap   total 276480K, used 153058K [0x00000000e0000000, 0x0000000100000000)
  region size 1024K, 13 young (13312K), 13 survivors (13312K)
 Metaspace       used 107800K, capacity 109729K, committed 109916K, reserved 350208K
  class space    used 13533K, capacity 14054K, committed 14080K, reserved 253952K
}
Event: 98.016 GC heap before
{Heap before GC invocations=25 (full 0):
 garbage-first heap   total 306176K, used 217570K [0x00000000e0000000, 0x0000000100000000)
  region size 1024K, 77 young (78848K), 13 survivors (13312K)
 Metaspace       used 111135K, capacity 113087K, committed 113372K, reserved 354304K
  class space    used 14095K, capacity 14641K, committed 14720K, reserved 253952K
}
Event: 98.065 GC heap after
{Heap after GC invocations=26 (full 0):
 garbage-first heap   total 306176K, used 162816K [0x00000000e0000000, 0x0000000100000000)
  region size 1024K, 10 young (10240K), 10 survivors (10240K)
 Metaspace       used 111135K, capacity 113087K, committed 113372K, reserved 354304K
  class space    used 14095K, capacity 14641K, committed 14720K, reserved 253952K
}
Event: 98.112 GC heap before
{Heap before GC invocations=26 (full 0):
 garbage-first heap   total 306176K, used 166912K [0x00000000e0000000, 0x0000000100000000)
  region size 1024K, 14 young (14336K), 10 survivors (10240K)
 Metaspace       used 111255K, capacity 113215K, committed 113372K, reserved 354304K
  class space    used 14114K, capacity 14641K, committed 14720K, reserved 253952K
}
Event: 98.177 GC heap after
{Heap after GC invocations=27 (full 0):
 garbage-first heap   total 306176K, used 147456K [0x00000000e0000000, 0x0000000100000000)
  region size 1024K, 2 young (2048K), 2 survivors (2048K)
 Metaspace       used 111255K, capacity 113215K, committed 113372K, reserved 354304K
  class space    used 14114K, capacity 14641K, committed 14720K, reserved 253952K
}
Event: 99.563 GC heap before
{Heap before GC invocations=27 (full 0):
 garbage-first heap   total 306176K, used 239616K [0x00000000e0000000, 0x0000000100000000)
  region size 1024K, 93 young (95232K), 2 survivors (2048K)
 Metaspace       used 112896K, capacity 114885K, committed 115036K, reserved 354304K
  class space    used 14236K, capacity 14771K, committed 14848K, reserved 253952K
}
Event: 99.582 GC heap after
{Heap after GC invocations=28 (full 0):
 garbage-first heap   total 306176K, used 152223K [0x00000000e0000000, 0x0000000100000000)
  region size 1024K, 7 young (7168K), 7 survivors (7168K)
 Metaspace       used 112896K, capacity 114885K, committed 115036K, reserved 354304K
  class space    used 14236K, capacity 14771K, committed 14848K, reserved 253952K
}
Event: 101.123 GC heap before
{Heap before GC invocations=29 (full 0):
 garbage-first heap   total 326656K, used 243359K [0x00000000e0000000, 0x0000000100000000)
  region size 1024K, 97 young (99328K), 7 survivors (7168K)
 Metaspace       used 114477K, capacity 116444K, committed 116700K, reserved 356352K
  class space    used 14399K, capacity 14928K, committed 14976K, reserved 253952K
}
Event: 101.147 GC heap after
{Heap after GC invocations=30 (full 0):
 garbage-first heap   total 326656K, used 156452K [0x00000000e0000000, 0x0000000100000000)
  region size 1024K, 11 young (11264K), 11 survivors (11264K)
 Metaspace       used 114477K, capacity 116444K, committed 116700K, reserved 356352K
  class space    used 14399K, capacity 14928K, committed 14976K, reserved 253952K
}

Deoptimization events (20 events):
Event: 101.612 Thread 0x0000028baf5f3ae0 DEOPT PACKING pc=0x0000028b9caec353 sp=0x000000a9957fa150
Event: 101.612 Thread 0x0000028baf5f3ae0 DEOPT UNPACKING pc=0x0000028b9a2be23f sp=0x000000a9957f9730 mode 0
Event: 101.617 Thread 0x0000028baf5f3ae0 DEOPT PACKING pc=0x0000028b9abb1b85 sp=0x000000a9957f9780
Event: 101.617 Thread 0x0000028baf5f3ae0 DEOPT UNPACKING pc=0x0000028b9a2be23f sp=0x000000a9957f8c10 mode 0
Event: 101.620 Thread 0x0000028baf5f1930 DEOPT PACKING pc=0x0000028b9cce34a6 sp=0x000000a9958fa0f0
Event: 101.620 Thread 0x0000028baf5f1930 DEOPT UNPACKING pc=0x0000028b9a2be23f sp=0x000000a9958f96f0 mode 0
Event: 101.620 Thread 0x0000028baf5f3ae0 DEOPT PACKING pc=0x0000028b9ca12799 sp=0x000000a9957f9470
Event: 101.620 Thread 0x0000028baf5f3ae0 DEOPT UNPACKING pc=0x0000028b9a2be23f sp=0x000000a9957f8ab0 mode 0
Event: 101.623 Thread 0x0000028baf5f3ae0 DEOPT PACKING pc=0x0000028b9af8feba sp=0x000000a9957f9910
Event: 101.623 Thread 0x0000028baf5f3ae0 DEOPT UNPACKING pc=0x0000028b9a2be23f sp=0x000000a9957f8df0 mode 0
Event: 101.624 Thread 0x0000028baf5f3ae0 DEOPT PACKING pc=0x0000028b9c704ad9 sp=0x000000a9957f9a90
Event: 101.624 Thread 0x0000028baf5f3ae0 DEOPT UNPACKING pc=0x0000028b9a2be23f sp=0x000000a9957f9220 mode 0
Event: 101.645 Thread 0x0000028baf5f5c90 DEOPT PACKING pc=0x0000028b9c6ea931 sp=0x000000a9955f9cf0
Event: 101.645 Thread 0x0000028baf5f5c90 DEOPT UNPACKING pc=0x0000028b9a2be23f sp=0x000000a9955f9240 mode 0
Event: 101.667 Thread 0x0000028baf5f1930 DEOPT PACKING pc=0x0000028b9b988cc2 sp=0x000000a9958f9a40
Event: 101.667 Thread 0x0000028baf5f1930 DEOPT UNPACKING pc=0x0000028b9a2be23f sp=0x000000a9958f8ef0 mode 0
Event: 101.673 Thread 0x0000028baf5f1930 DEOPT PACKING pc=0x0000028b9bc4c992 sp=0x000000a9958f9ec0
Event: 101.673 Thread 0x0000028baf5f1930 DEOPT UNPACKING pc=0x0000028b9a2be23f sp=0x000000a9958f93f8 mode 0
Event: 101.692 Thread 0x0000028baf5f1930 DEOPT PACKING pc=0x0000028b9aeb6b26 sp=0x000000a9958f9f00
Event: 101.692 Thread 0x0000028baf5f1930 DEOPT UNPACKING pc=0x0000028b9a2be23f sp=0x000000a9958f9390 mode 0

Classes unloaded (12 events):
Event: 79.515 Thread 0x0000028bacaa0030 Unloading class 0x0000000801618040 'java/lang/invoke/LambdaForm$DMH+0x0000000801618040'
Event: 79.515 Thread 0x0000028bacaa0030 Unloading class 0x0000000801342840 '_BuildScript_$_run_closure2'
Event: 79.515 Thread 0x0000028bacaa0030 Unloading class 0x00000008013433f8 '_BuildScript_$_run_closure1$_closure4$_closure5'
Event: 79.515 Thread 0x0000028bacaa0030 Unloading class 0x0000000801343040 '_BuildScript_$_run_closure1$_closure4'
Event: 79.515 Thread 0x0000028bacaa0030 Unloading class 0x0000000801343bf8 '_BuildScript_$_run_closure1$_closure3'
Event: 79.515 Thread 0x0000028bacaa0030 Unloading class 0x0000000801343840 '_BuildScript_$_run_closure1'
Event: 79.515 Thread 0x0000028bacaa0030 Unloading class 0x0000000801344040 '_BuildScript_'
Event: 97.193 Thread 0x0000028bacaa0030 Unloading class 0x000000080168f040 'jdk/internal/reflect/GeneratedConstructorAccessor120'
Event: 100.277 Thread 0x0000028bacaa0030 Unloading class 0x000000080187cc40 'java/lang/invoke/LambdaForm$DMH+0x000000080187cc40'
Event: 100.277 Thread 0x0000028bacaa0030 Unloading class 0x000000080187c840 'java/lang/invoke/LambdaForm$DMH+0x000000080187c840'
Event: 100.277 Thread 0x0000028bacaa0030 Unloading class 0x000000080187d840 'java/lang/invoke/LambdaForm$DMH+0x000000080187d840'
Event: 100.277 Thread 0x0000028bacaa0030 Unloading class 0x000000080187e440 'java/lang/invoke/LambdaForm$DMH+0x000000080187e440'

Classes redefined (0 events):
No events

Internal exceptions (20 events):
Event: 95.110 Thread 0x0000028baf5f0120 Exception <a 'sun/nio/fs/WindowsException'{0x00000000ed45caa8}> (0x00000000ed45caa8) 
thrown [./open/src/hotspot/share/prims/jni.cpp, line 578]
Event: 95.299 Thread 0x0000028baf5f1930 Exception <a 'sun/nio/fs/WindowsException'{0x00000000ec2f0b18}> (0x00000000ec2f0b18) 
thrown [./open/src/hotspot/share/prims/jni.cpp, line 578]
Event: 95.413 Thread 0x0000028baf5f3ae0 Exception <a 'sun/nio/fs/WindowsException'{0x00000000eb3e4ce0}> (0x00000000eb3e4ce0) 
thrown [./open/src/hotspot/share/prims/jni.cpp, line 578]
Event: 95.532 Thread 0x0000028baf5f0120 Exception <a 'java/lang/NoSuchMethodError'{0x00000000f0bbf220}: 'java.lang.Object java.lang.invoke.DirectMethodHandle$Holder.invokeStatic(java.lang.Object, java.lang.Object, java.lang.Object, java.lang.Object, java.lang.Object, java.lang.Object, java.lang.Object, java.lang.Object, java.lang.Object, java.lang.Object, java.lang.Object, java.lang.Object, java.lang.Object, java.lang.Object, java.lang.Object, java.lang.Object, java.lang.Object, int, java.lang.Object)'> (0x00000000f0bbf220) 
thrown [./open/src/h
Event: 95.533 Thread 0x0000028baf5f0120 Exception <a 'java/lang/NoSuchMethodError'{0x00000000f0bfd0d8}: 'java.lang.Object java.lang.invoke.DirectMethodHandle$Holder.invokeStaticInit(java.lang.Object, java.lang.Object, java.lang.Object, java.lang.Object, java.lang.Object, java.lang.Object, java.lang.Object, java.lang.Object, java.lang.Object, java.lang.Object, java.lang.Object, java.lang.Object, java.lang.Object, java.lang.Object, java.lang.Object, java.lang.Object, java.lang.Object, int, java.lang.Object)'> (0x00000000f0bfd0d8) 
thrown [./open/s
Event: 95.864 Thread 0x0000028baf5f0120 Exception <a 'java/lang/IncompatibleClassChangeError'{0x00000000ef20c598}: Found class java.lang.Object, but interface was expected> (0x00000000ef20c598) 
thrown [./open/src/hotspot/share/interpreter/linkResolver.cpp, line 848]
Event: 95.960 Thread 0x0000028baf5f5c90 Exception <a 'sun/nio/fs/WindowsException'{0x00000000eed75e38}> (0x00000000eed75e38) 
thrown [./open/src/hotspot/share/prims/jni.cpp, line 578]
Event: 96.207 Thread 0x0000028baf5f0120 Exception <a 'java/lang/NoSuchMethodError'{0x00000000edc8efe8}: 'long java.lang.invoke.DirectMethodHandle$Holder.invokeStatic(java.lang.Object, java.lang.Object)'> (0x00000000edc8efe8) 
thrown [./open/src/hotspot/share/interpreter/linkResolver.cpp, line 782]
Event: 96.821 Thread 0x0000028baf5f0120 Exception <a 'java/lang/NoSuchMethodError'{0x00000000f0070478}: 'void java.lang.invoke.DirectMethodHandle$Holder.invokeStaticInit(java.lang.Object, java.lang.Object, java.lang.Object, java.lang.Object, java.lang.Object)'> (0x00000000f0070478) 
thrown [./open/src/hotspot/share/interpreter/linkResolver.cpp, line 782]
Event: 96.906 Thread 0x0000028baf5f0120 Exception <a 'java/lang/NoSuchMethodError'{0x00000000ef95c150}: 'java.lang.Object java.lang.invoke.DirectMethodHandle$Holder.invokeStatic(java.lang.Object, int, java.lang.Object, java.lang.Object)'> (0x00000000ef95c150) 
thrown [./open/src/hotspot/share/interpreter/linkResolver.cpp, line 782]
Event: 96.997 Thread 0x0000028baf5f0120 Exception <a 'java/lang/NoSuchMethodError'{0x00000000ef67fe20}: 'void java.lang.invoke.DirectMethodHandle$Holder.invokeSpecial(java.lang.Object, java.lang.Object, int, java.lang.Object)'> (0x00000000ef67fe20) 
thrown [./open/src/hotspot/share/interpreter/linkResolver.cpp, line 782]
Event: 97.593 Thread 0x0000028baf5f3ae0 Exception <a 'java/lang/NoSuchMethodError'{0x00000000f1e8af38}: 'java.lang.Object java.lang.invoke.DirectMethodHandle$Holder.invokeVirtual(java.lang.Object, java.lang.Object, int, java.lang.Object)'> (0x00000000f1e8af38) 
thrown [./open/src/hotspot/share/interpreter/linkResolver.cpp, line 782]
Event: 97.594 Thread 0x0000028baf5f0120 Exception <a 'java/lang/NoSuchMethodError'{0x00000000f1c4e848}: 'java.lang.Object java.lang.invoke.DirectMethodHandle$Holder.invokeVirtual(java.lang.Object, java.lang.Object, int, java.lang.Object)'> (0x00000000f1c4e848) 
thrown [./open/src/hotspot/share/interpreter/linkResolver.cpp, line 782]
Event: 97.593 Thread 0x0000028baf5f1930 Exception <a 'java/lang/NoSuchMethodError'{0x00000000f273fca0}: 'java.lang.Object java.lang.invoke.DirectMethodHandle$Holder.invokeVirtual(java.lang.Object, java.lang.Object, int, java.lang.Object)'> (0x00000000f273fca0) 
thrown [./open/src/hotspot/share/interpreter/linkResolver.cpp, line 782]
Event: 97.652 Thread 0x0000028baf5f3ae0 Exception <a 'java/lang/NoSuchMethodError'{0x00000000f1ab9a70}: 'void java.lang.invoke.DirectMethodHandle$Holder.invokeVirtual(java.lang.Object, java.lang.Object, int, java.lang.Object)'> (0x00000000f1ab9a70) 
thrown [./open/src/hotspot/share/interpreter/linkResolver.cpp, line 782]
Event: 97.743 Thread 0x0000028baf5f1930 Exception <a 'java/lang/NoSuchMethodError'{0x00000000f14c1b98}: 'int java.lang.invoke.DirectMethodHandle$Holder.invokeSpecial(java.lang.Object, java.lang.Object, java.lang.Object, int)'> (0x00000000f14c1b98) 
thrown [./open/src/hotspot/share/interpreter/linkResolver.cpp, line 782]
Event: 97.948 Thread 0x0000028baf5f1930 Exception <a 'java/lang/NoSuchMethodError'{0x00000000eedf2890}: 'java.lang.Object java.lang.invoke.DirectMethodHandle$Holder.invokeInterface(java.lang.Object, java.lang.Object, int)'> (0x00000000eedf2890) 
thrown [./open/src/hotspot/share/interpreter/linkResolver.cpp, line 782]
Event: 98.587 Thread 0x0000028baf5f3ae0 Exception <a 'java/lang/NoSuchMethodError'{0x00000000f1290d40}: 'int java.lang.invoke.DirectMethodHandle$Holder.invokeStatic(java.lang.Object, java.lang.Object, int)'> (0x00000000f1290d40) 
thrown [./open/src/hotspot/share/interpreter/linkResolver.cpp, line 782]
Event: 100.948 Thread 0x0000028baf5f0120 Exception <a 'java/lang/NoSuchMethodError'{0x00000000ef630b28}: 'void java.lang.invoke.DirectMethodHandle$Holder.invokeVirtual(java.lang.Object, java.lang.Object, int)'> (0x00000000ef630b28) 
thrown [./open/src/hotspot/share/interpreter/linkResolver.cpp, line 782]
Event: 101.214 Thread 0x0000028baf5f0120 Exception <a 'sun/nio/fs/WindowsException'{0x00000000f3d95558}> (0x00000000f3d95558) 
thrown [./open/src/hotspot/share/prims/jni.cpp, line 578]

Events (20 events):
Event: 100.727 loading class java/util/IdentityHashMap$KeySpliterator
Event: 100.727 loading class java/util/IdentityHashMap$KeySpliterator done
Event: 100.933 Executing VM operation: ICBufferFull
Event: 100.949 loading class java/nio/ByteBufferAsShortBufferL
Event: 100.950 Executing VM operation: ICBufferFull done
Event: 100.983 loading class java/nio/ShortBuffer
Event: 100.984 loading class java/nio/ShortBuffer done
Event: 100.984 loading class java/nio/ByteBufferAsShortBufferL done
Event: 101.122 Executing VM operation: G1CollectForAllocation
Event: 101.152 Executing VM operation: G1CollectForAllocation done
Event: 101.176 loading class java/util/zip/Adler32
Event: 101.185 loading class java/util/zip/Adler32 done
Event: 101.187 Executing VM operation: HandshakeAllThreads
Event: 101.209 Executing VM operation: HandshakeAllThreads done
Event: 101.321 Executing VM operation: ICBufferFull
Event: 101.345 Executing VM operation: ICBufferFull done
Event: 101.428 Executing VM operation: ICBufferFull
Event: 101.428 Executing coalesced safepoint VM operation: ICBufferFull
Event: 101.428 Executing coalesced safepoint VM operation: ICBufferFull done
Event: 101.438 Executing VM operation: ICBufferFull done


Dynamic libraries:
0x00007ff7eb6d0000 - 0x00007ff7eb6df000 	C:\Program Files\Java\jdk-15.0.1\bin\java.exe
0x00007ffc50c50000 - 0x00007ffc50e45000 	C:\WINDOWS\SYSTEM32\ntdll.dll
0x00007ffc23120000 - 0x00007ffc23133000 	C:\Program Files\Avast Software\Avast\aswhook.dll
0x00007ffc50880000 - 0x00007ffc5093d000 	C:\WINDOWS\System32\KERNEL32.DLL
0x00007ffc4e7a0000 - 0x00007ffc4ea68000 	C:\WINDOWS\System32\KERNELBASE.dll
0x00007ffc4ea70000 - 0x00007ffc4eb70000 	C:\WINDOWS\System32\ucrtbase.dll
0x00007ffc45e10000 - 0x00007ffc45e28000 	C:\Program Files\Java\jdk-15.0.1\bin\jli.dll
0x00007ffc45cc0000 - 0x00007ffc45cd9000 	C:\Program Files\Java\jdk-15.0.1\bin\VCRUNTIME140.dll
0x00007ffc50940000 - 0x00007ffc509ec000 	C:\WINDOWS\System32\ADVAPI32.dll
0x00007ffc50620000 - 0x00007ffc506be000 	C:\WINDOWS\System32\msvcrt.dll
0x00007ffc503e0000 - 0x00007ffc5047b000 	C:\WINDOWS\System32\sechost.dll
0x00007ffc4fa00000 - 0x00007ffc4fb2b000 	C:\WINDOWS\System32\RPCRT4.dll
0x00007ffc4f360000 - 0x00007ffc4f500000 	C:\WINDOWS\System32\USER32.dll
0x00007ffc4ec00000 - 0x00007ffc4ec22000 	C:\WINDOWS\System32\win32u.dll
0x00007ffc4f980000 - 0x00007ffc4f9aa000 	C:\WINDOWS\System32\GDI32.dll
0x00007ffc4d7b0000 - 0x00007ffc4da4a000 	C:\WINDOWS\WinSxS\amd64_microsoft.windows.common-controls_6595b64144ccf1df_6.0.19041.1052_none_60b8f8fd71f5e8cb\COMCTL32.dll
0x00007ffc4e4f0000 - 0x00007ffc4e5fb000 	C:\WINDOWS\System32\gdi32full.dll
0x00007ffc4e600000 - 0x00007ffc4e69d000 	C:\WINDOWS\System32\msvcp_win.dll
0x00007ffc4d6f0000 - 0x00007ffc4d6fa000 	C:\WINDOWS\SYSTEM32\VERSION.dll
0x00007ffc4f9b0000 - 0x00007ffc4f9e0000 	C:\WINDOWS\System32\IMM32.DLL
0x00007ffc4d700000 - 0x00007ffc4d736000 	C:\WINDOWS\system32\DriverStore\FileRepository\nvaci.inf_amd64_f658c3ebd2a88192\nvinitx.dll
0x00007ffc4fca0000 - 0x00007ffc503df000 	C:\WINDOWS\System32\Shell32.dll
0x00007ffc4b6c0000 - 0x00007ffc4be50000 	C:\WINDOWS\SYSTEM32\windows.storage.dll
0x00007ffc4f620000 - 0x00007ffc4f975000 	C:\WINDOWS\System32\combase.dll
0x00007ffc4d6c0000 - 0x00007ffc4d6ec000 	C:\WINDOWS\SYSTEM32\Wldp.dll
0x00007ffc506c0000 - 0x00007ffc5076e000 	C:\WINDOWS\System32\SHCORE.dll
0x00007ffc509f0000 - 0x00007ffc50a45000 	C:\WINDOWS\System32\shlwapi.dll
0x00000000667d0000 - 0x00000000667d6000 	C:\Program Files\NVIDIA Corporation\CoProcManager\_etoured.dll
0x00007ffc42260000 - 0x00007ffc422a3000 	C:\Program Files\NVIDIA Corporation\CoProcManager\nvd3d9wrapx.dll
0x00007ffc4ee70000 - 0x00007ffc4f2d9000 	C:\WINDOWS\System32\SETUPAPI.dll
0x00007ffc4e750000 - 0x00007ffc4e79e000 	C:\WINDOWS\System32\cfgmgr32.dll
0x00007ffc4eb70000 - 0x00007ffc4eb97000 	C:\WINDOWS\System32\bcrypt.dll
0x00007ffc45bc0000 - 0x00007ffc45bed000 	C:\Program Files\NVIDIA Corporation\CoProcManager\nvdxgiwrapx.dll
0x00007ffc4c030000 - 0x00007ffc4c03c000 	C:\Program Files\Java\jdk-15.0.1\bin\vcruntime140_1.dll
0x00007ffc326f0000 - 0x00007ffc32781000 	C:\Program Files\Java\jdk-15.0.1\bin\msvcp140.dll
0x00007ffc1b310000 - 0x00007ffc1be6e000 	C:\Program Files\Java\jdk-15.0.1\bin\server\jvm.dll
0x00007ffc4f350000 - 0x00007ffc4f358000 	C:\WINDOWS\System32\PSAPI.DLL
0x00007ffc3f840000 - 0x00007ffc3f867000 	C:\WINDOWS\SYSTEM32\WINMM.dll
0x00007ffc3c660000 - 0x00007ffc3c669000 	C:\WINDOWS\SYSTEM32\WSOCK32.dll
0x00007ffc50480000 - 0x00007ffc504eb000 	C:\WINDOWS\System32\WS2_32.dll
0x00007ffc4b4c0000 - 0x00007ffc4b4d2000 	C:\WINDOWS\SYSTEM32\kernel.appcore.dll
0x00007ffc491a0000 - 0x00007ffc491aa000 	C:\Program Files\Java\jdk-15.0.1\bin\jimage.dll
0x00007ffc4ddc0000 - 0x00007ffc4dfa4000 	C:\WINDOWS\SYSTEM32\DBGHELP.DLL
0x00007ffc4dd10000 - 0x00007ffc4dd3c000 	C:\WINDOWS\SYSTEM32\dbgcore.DLL
0x00007ffc4ec30000 - 0x00007ffc4ecb3000 	C:\WINDOWS\System32\bcryptPrimitives.dll
0x00007ffc382d0000 - 0x00007ffc382f5000 	C:\Program Files\Java\jdk-15.0.1\bin\java.dll
0x00007ffc4e2d0000 - 0x00007ffc4e2ef000 	C:\WINDOWS\SYSTEM32\profapi.dll
0x00007ffc40a20000 - 0x00007ffc40a39000 	C:\Program Files\Java\jdk-15.0.1\bin\net.dll
0x00007ffc43fa0000 - 0x00007ffc440ab000 	C:\WINDOWS\SYSTEM32\WINHTTP.dll
0x00007ffc4d270000 - 0x00007ffc4d2da000 	C:\WINDOWS\system32\mswsock.dll
0x00007ffc385d0000 - 0x00007ffc385e2000 	C:\Program Files\Java\jdk-15.0.1\bin\nio.dll
0x00007ffc372c0000 - 0x00007ffc372d8000 	C:\Program Files\Java\jdk-15.0.1\bin\zip.dll
0x00007ffc48490000 - 0x00007ffc484a0000 	C:\Program Files\Java\jdk-15.0.1\bin\verify.dll
0x00007ffc35990000 - 0x00007ffc359b6000 	C:\Users\nouas\.gradle\native\fdc75f09e3144964f2cf3f50f0aa648679c211496f362492102eb8c894070792\windows-amd64\native-platform.dll
0x00007ffc20630000 - 0x00007ffc207c1000 	C:\Users\nouas\.gradle\native\12488b8bf47d2d4c9fbf2f6322a914ad602e24e48041cd04a747c6da556b65c4\windows-amd64\native-platform-file-events.dll
0x00007ffc38180000 - 0x00007ffc38189000 	C:\Program Files\Java\jdk-15.0.1\bin\management.dll
0x00007ffc372b0000 - 0x00007ffc372bb000 	C:\Program Files\Java\jdk-15.0.1\bin\management_ext.dll
0x00007ffc4e120000 - 0x00007ffc4e138000 	C:\WINDOWS\SYSTEM32\CRYPTSP.dll
0x00007ffc4cd90000 - 0x00007ffc4cdc4000 	C:\WINDOWS\system32\rsaenh.dll
0x00007ffc4e290000 - 0x00007ffc4e2be000 	C:\WINDOWS\SYSTEM32\USERENV.dll
0x00007ffc4d490000 - 0x00007ffc4d49c000 	C:\WINDOWS\SYSTEM32\CRYPTBASE.dll
0x00007ffc4d2e0000 - 0x00007ffc4d31b000 	C:\WINDOWS\SYSTEM32\IPHLPAPI.DLL
0x00007ffc50c00000 - 0x00007ffc50c08000 	C:\WINDOWS\System32\NSI.dll
0x00007ffc43710000 - 0x00007ffc43727000 	C:\WINDOWS\SYSTEM32\dhcpcsvc6.DLL
0x00007ffc44480000 - 0x00007ffc4449d000 	C:\WINDOWS\SYSTEM32\dhcpcsvc.DLL
0x00007ffc4d0c0000 - 0x00007ffc4d18c000 	C:\WINDOWS\SYSTEM32\DNSAPI.dll
0x00007ffc451e0000 - 0x00007ffc451eb000 	C:\WINDOWS\SYSTEM32\WINNSI.DLL
0x00007ffc372a0000 - 0x00007ffc372ad000 	C:\Program Files\Java\jdk-15.0.1\bin\sunmscapi.dll
0x00007ffc4e390000 - 0x00007ffc4e4ef000 	C:\WINDOWS\System32\CRYPT32.dll
0x00007ffc4d780000 - 0x00007ffc4d7a7000 	C:\WINDOWS\SYSTEM32\ncrypt.dll
0x00007ffc4d740000 - 0x00007ffc4d77b000 	C:\WINDOWS\SYSTEM32\NTASN1.dll
0x00007ffc45ea0000 - 0x00007ffc45eaa000 	C:\Windows\System32\rasadhlp.dll
0x00007ffc3db80000 - 0x00007ffc3dbff000 	C:\WINDOWS\System32\fwpuclnt.dll
0x00007ffc4e0e0000 - 0x00007ffc4e113000 	C:\WINDOWS\SYSTEM32\ntmarta.dll
0x00007ffc4af10000 - 0x00007ffc4afa0000 	C:\WINDOWS\system32\apphelp.dll

dbghelp: loaded successfully - version: 4.0.5 - missing functions: none
symbol engine: initialized successfully - sym options: 0x614 - pdb path: .;C:\Program Files\Java\jdk-15.0.1\bin;C:\WINDOWS\SYSTEM32;C:\Program Files\Avast Software\Avast;C:\WINDOWS\WinSxS\amd64_microsoft.windows.common-controls_6595b64144ccf1df_6.0.19041.1052_none_60b8f8fd71f5e8cb;C:\WINDOWS\system32\DriverStore\FileRepository\nvaci.inf_amd64_f658c3ebd2a88192;C:\Program Files\NVIDIA Corporation\CoProcManager;C:\Program Files\Java\jdk-15.0.1\bin\server;C:\Users\nouas\.gradle\native\fdc75f09e3144964f2cf3f50f0aa648679c211496f362492102eb8c894070792\windows-amd64;C:\Users\nouas\.gradle\native\12488b8bf47d2d4c9fbf2f6322a914ad602e24e48041cd04a747c6da556b65c4\windows-amd64

VM Arguments:
jvm_args: --add-opens=java.base/java.util=ALL-UNNAMED --add-opens=java.base/java.lang=ALL-UNNAMED --add-opens=java.base/java.lang.invoke=ALL-UNNAMED --add-opens=java.prefs/java.util.prefs=ALL-UNNAMED -XX:MaxMetaspaceSize=256m -XX:+HeapDumpOnOutOfMemoryError -Xms256m -Xmx512m -Dfile.encoding=windows-1252 -Duser.country=US -Duser.language=en -Duser.variant 
java_command: org.gradle.launcher.daemon.bootstrap.GradleDaemon 6.7
java_class_path (initial): C:\Users\nouas\.gradle\wrapper\dists\gradle-6.7-all\cuy9mc7upwgwgeb72wkcrupxe\gradle-6.7\lib\gradle-launcher-6.7.jar
Launcher Type: SUN_STANDARD

[Global flags]
     intx CICompilerCount                          = 3                                         {product} {ergonomic}
   size_t CompressedClassSpaceSize                 = 260046848                                 {product} {ergonomic}
     uint ConcGCThreads                            = 1                                         {product} {ergonomic}
     uint G1ConcRefinementThreads                  = 4                                         {product} {ergonomic}
   size_t G1HeapRegionSize                         = 1048576                                   {product} {ergonomic}
    uintx GCDrainStackTargetSize                   = 64                                        {product} {ergonomic}
     bool HeapDumpOnOutOfMemoryError               = true                                   {manageable} {command line}
   size_t InitialHeapSize                          = 268435456                                 {product} {command line}
   size_t MarkStackSize                            = 4194304                                   {product} {ergonomic}
   size_t MaxHeapSize                              = 536870912                                 {product} {command line}
   size_t MaxMetaspaceSize                         = 268435456                                 {product} {command line}
   size_t MaxNewSize                               = 321912832                                 {product} {ergonomic}
   size_t MinHeapDeltaBytes                        = 1048576                                   {product} {ergonomic}
   size_t MinHeapSize                              = 268435456                                 {product} {command line}
    uintx NonNMethodCodeHeapSize                   = 5832780                                {pd product} {ergonomic}
    uintx NonProfiledCodeHeapSize                  = 122912730                              {pd product} {ergonomic}
    uintx ProfiledCodeHeapSize                     = 122912730                              {pd product} {ergonomic}
    uintx ReservedCodeCacheSize                    = 251658240                              {pd product} {ergonomic}
     bool SegmentedCodeCache                       = true                                      {product} {ergonomic}
   size_t SoftMaxHeapSize                          = 536870912                              {manageable} {ergonomic}
     bool UseCompressedClassPointers               = true                                 {lp64_product} {ergonomic}
     bool UseCompressedOops                        = true                                 {lp64_product} {ergonomic}
     bool UseG1GC                                  = true                                      {product} {ergonomic}
     bool UseLargePagesIndividualAllocation        = false                                  {pd product} {ergonomic}

Logging:
Log output configuration:
 #0: stdout all=warning uptime,level,tags
 #1: stderr all=off uptime,level,tags

Environment Variables:
CLASSPATH=C:\Users\nouas\Desktop\Alaa Work And Studies\Projects\Mobile Projects\React-native\testProject\android\\gradle\wrapper\gradle-wrapper.jar
PATH=C:\Users\nouas\Desktop\Alaa Work And Studies\Projects\Mobile Projects\React-native\testProject\android\node_modules\.bin;C:\Users\nouas\Desktop\Alaa Work And Studies\Projects\Mobile Projects\React-native\testProject\node_modules\.bin;C:\Users\nouas\Desktop\Alaa Work And Studies\Projects\Mobile Projects\React-native\node_modules\.bin;C:\Users\nouas\Desktop\Alaa Work And Studies\Projects\Mobile Projects\node_modules\.bin;C:\Users\nouas\Desktop\Alaa Work And Studies\Projects\node_modules\.bin;C:\Users\nouas\Desktop\Alaa Work And Studies\node_modules\.bin;C:\Users\nouas\Desktop\node_modules\.bin;C:\Users\nouas\node_modules\.bin;C:\Users\node_modules\.bin;C:\node_modules\.bin;C:\Program Files\nodejs;C:\oraclexe\app\oracle\product\11.2.0\server\bin;C:\Program Files\Microsoft MPI\Bin\;C:\Program Files\Common Files\Oracle\Java\javapath;C:\Windows\system32;C:\Windows;C:\Windows\System32\Wbem;C:\Windows\System32\WindowsPowerShell\v1.0\;C:\Program Files\nodejs\;C:\Program Files\dotnet\;C:\Program Files\Microsoft SQL Server\130\Tools\Binn\;C:\Program Files\Microsoft SQL Server\Client SDK\ODBC\170\Tools\Binn\;C:\Program Files (x86)\Microsoft SQL Server\150\DTS\Binn\;C:\Program Files\Azure Data Studio\bin;C:\Program Files (x86)\Microsoft SQL Server\150\Tools\Binn\;C:\Program Files\Microsoft SQL Server\150\Tools\Binn\;C:\Program Files\Microsoft SQL Server\150\DTS\Binn\;C:\Program Files (x86)\NVIDIA Corporation\PhysX\Common;C:\WINDOWS\system32;C:\WINDOWS;C:\WINDOWS\System32\Wbem;C:\WINDOWS\System32\WindowsPowerShell\v1.0\;C:\WINDOWS\System32\OpenSSH\;C:\Programme\gtk\bin;C:\ProgramData\ComposerSetup\bin;C:\Program Files\Git\cmd;C:\Users\nouas\AppData\Local\Microsoft\WindowsApps;C:\Users\nouas\AppData\Local\Programs\Microsoft VS Code\bin;C:\Users\nouas\AppData\Roaming\npm;C:\Users\nouas\.dotnet\tools;C:\Program Files\Azure Data Studio\bin;C:\xampp\php;C:\Users\nouas\AppData\Roaming\Composer\vendor\bin;C:\Users\nouas\AppData\Local\Android\Sdk\platform-tools;
USERNAME=nouas
OS=Windows_NT
PROCESSOR_IDENTIFIER=Intel64 Family 6 Model 42 Stepping 7, GenuineIntel



---------------  S Y S T E M  ---------------

OS:
 Windows 10 , 64 bit Build 19041 (10.0.19041.1023)
OS uptime: 0 days 7:18 hours

CPU: total 4 (initial active 4) (2 cores per cpu, 2 threads per core) family 6 model 42 stepping 7 microcode 0x2f, cmov, cx8, fxsr, mmx, sse, sse2, sse3, ssse3, sse4.1, sse4.2, popcnt, vzeroupper, avx, clmul, ht, tsc, tscinvbit, clflush

Memory: 4k page, system-wide physical 8008M (203M free)
TotalPageFile size 10853M (AvailPageFile size 5M)
current process WorkingSet (physical memory assigned to process): 667M, peak: 667M
current process commit charge ("private bytes"): 723M, peak: 724M

vm_info: Java HotSpot(TM) 64-Bit Server VM (15.0.1+9-18) for windows-amd64 JRE (15.0.1+9-18), built on Sep 15 2020 14:43:54 by "mach5one" with unknown MS VC++:1925

END.
