#
# There is insufficient memory for the Java Runtime Environment to continue.
# Native memory allocation (malloc) failed to allocate 1685136 bytes for Chunk::new
# Possible reasons:
#   The system is out of physical RAM or swap space
#   The process is running with CompressedOops enabled, and the Java Heap may be blocking the growth of the native heap
# Possible solutions:
#   Reduce memory load on the system
#   Increase physical memory or swap space
#   Check if swap backing store is full
#   Decrease Java heap size (-Xmx/-Xms)
#   Decrease number of Java threads
#   Decrease Java thread stack sizes (-Xss)
#   Set larger code cache with -XX:ReservedCodeCacheSize=
#   JVM is running with Unscaled Compressed Oops mode in which the Java heap is
#     placed in the first 4GB address space. The Java Heap base address is the
#     maximum limit for the native heap growth. Please use -XX:HeapBaseMinAddress
#     to set the Java Heap base and to place the Java Heap above 4GB virtual address.
# This output file may be truncated or incomplete.
#
#  Out of Memory Error (./open/src/hotspot/share/memory/arena.cpp:195), pid=20636, tid=29896
#
# JRE version: Java(TM) SE Runtime Environment (15.0.1+9) (build 15.0.1+9-18)
# Java VM: Java HotSpot(TM) 64-Bit Server VM (15.0.1+9-18, mixed mode, sharing, tiered, compressed oops, g1 gc, windows-amd64)
# No core dump will be written. Minidumps are not enabled by default on client versions of Windows
#

---------------  S U M M A R Y ------------

Command Line: --add-opens=java.base/java.util=ALL-UNNAMED --add-opens=java.base/java.lang=ALL-UNNAMED --add-opens=java.base/java.lang.invoke=ALL-UNNAMED --add-opens=java.prefs/java.util.prefs=ALL-UNNAMED -XX:MaxMetaspaceSize=256m -XX:+HeapDumpOnOutOfMemoryError -Xms256m -Xmx512m -Dfile.encoding=windows-1252 -Duser.country=US -Duser.language=en -Duser.variant org.gradle.launcher.daemon.bootstrap.GradleDaemon 6.7

Host: Intel(R) Core(TM) i3-2348M CPU @ 2.30GHz, 4 cores, 7G,  Windows 10 , 64 bit Build 19041 (10.0.19041.1023)
Time: Fri Jun 11 22:46:47 2021 Morocco Daylight Time elapsed time: 178.270293 seconds (0d 0h 2m 58s)

---------------  T H R E A D  ---------------

Current thread (0x000001d07faa0020):  JavaThread "C2 CompilerThread0" daemon [_thread_in_native, id=29896, stack(0x0000002052900000,0x0000002052a00000)]


Current CompileTask:
C2: 178270 21694       4       com.android.tools.r8.graph.G0$d::c (802 bytes)

Stack: [0x0000002052900000,0x0000002052a00000]
Native frames: (J=compiled Java code, j=interpreted, Vv=VM code, C=native code)
V  [jvm.dll+0x62ae9a]
V  [jvm.dll+0x781389]
V  [jvm.dll+0x782ae3]
V  [jvm.dll+0x783143]
V  [jvm.dll+0x216265]
V  [jvm.dll+0x97efa]
V  [jvm.dll+0x985dc]
V  [jvm.dll+0x32e4c8]
V  [jvm.dll+0x2f78aa]
V  [jvm.dll+0x2f6c6a]
V  [jvm.dll+0x1ea645]
V  [jvm.dll+0x1e98ae]
V  [jvm.dll+0x1784c7]
V  [jvm.dll+0x1f9165]
V  [jvm.dll+0x1f720c]
V  [jvm.dll+0x74485d]
V  [jvm.dll+0x73d65a]
V  [jvm.dll+0x629c56]
C  [ucrtbase.dll+0x21bb2]
C  [KERNEL32.DLL+0x17034]
C  [ntdll.dll+0x52651]


---------------  P R O C E S S  ---------------

Threads class SMR info:
_java_thread_list=0x000001d005b9de60, length=58, elements={
0x000001d064f88b40, 0x000001d07f9794a0, 0x000001d07f97e8f0, 0x000001d07fa9c1e0,
0x000001d07fa9cb80, 0x000001d07fa99690, 0x000001d07faa0020, 0x000001d07faa0ba0,
0x000001d07faa7ad0, 0x000001d07fa9c6b0, 0x000001d07fa9a9d0, 0x000001d07fa9bd10,
0x000001d07fa9aea0, 0x000001d07fa991c0, 0x000001d07fa99b60, 0x000001d07fa9b370,
0x000001d0027662f0, 0x000001d002761ac0, 0x000001d002760c50, 0x000001d00275ef70,
0x000001d00275fde0, 0x000001d0025160a0, 0x000001d003a637b0, 0x000001d003a5d770,
0x000001d003a632e0, 0x000001d003a5fdf0, 0x000001d003a5dc40, 0x000001d003a5ef80,
0x000001d003a64150, 0x000001d003a61fa0, 0x000001d003a5e5e0, 0x000001d003a602c0,
0x000001d003a62e10, 0x000001d003a5f920, 0x000001d003a64fc0, 0x000001d003a5e110,
0x000001d002bb40c0, 0x000001d002bb2d80, 0x000001d002bb0700, 0x000001d002bb0bd0,
0x000001d002c98b10, 0x000001d002c97ca0, 0x000001d002c9a320, 0x000001d002c9d810,
0x000001d002c9acc0, 0x000001d002c9c000, 0x000001d002c9c4d0, 0x000001d002c98fe0,
0x000001d002c99e50, 0x000001d002c9d340, 0x000001d002c97300, 0x000001d002c9dce0,
0x000001d002516f10, 0x000001d003a61ad0, 0x000001d0025173e0, 0x000001d0029f1650,
0x000001d0029f0cb0, 0x000001d0029f2e60
}

Java Threads: ( => current thread )
  0x000001d064f88b40 JavaThread "main" [_thread_blocked, id=30152, stack(0x0000002051d00000,0x0000002051e00000)]
  0x000001d07f9794a0 JavaThread "Reference Handler" daemon [_thread_blocked, id=4744, stack(0x0000002052400000,0x0000002052500000)]
  0x000001d07f97e8f0 JavaThread "Finalizer" daemon [_thread_blocked, id=29888, stack(0x0000002052500000,0x0000002052600000)]
  0x000001d07fa9c1e0 JavaThread "Signal Dispatcher" daemon [_thread_blocked, id=29936, stack(0x0000002052600000,0x0000002052700000)]
  0x000001d07fa9cb80 JavaThread "Attach Listener" daemon [_thread_blocked, id=26764, stack(0x0000002052700000,0x0000002052800000)]
  0x000001d07fa99690 JavaThread "Service Thread" daemon [_thread_blocked, id=29904, stack(0x0000002052800000,0x0000002052900000)]
=>0x000001d07faa0020 JavaThread "C2 CompilerThread0" daemon [_thread_in_native, id=29896, stack(0x0000002052900000,0x0000002052a00000)]
  0x000001d07faa0ba0 JavaThread "C1 CompilerThread0" daemon [_thread_in_vm, id=936, stack(0x0000002052a00000,0x0000002052b00000)]
  0x000001d07faa7ad0 JavaThread "Sweeper thread" daemon [_thread_blocked, id=580, stack(0x0000002052b00000,0x0000002052c00000)]
  0x000001d07fa9c6b0 JavaThread "Common-Cleaner" daemon [_thread_blocked, id=29988, stack(0x0000002052c00000,0x0000002052d00000)]
  0x000001d07fa9a9d0 JavaThread "Notification Thread" daemon [_thread_blocked, id=29536, stack(0x0000002052d00000,0x0000002052e00000)]
  0x000001d07fa9bd10 JavaThread "Daemon health stats" [_thread_blocked, id=30384, stack(0x0000002053300000,0x0000002053400000)]
  0x000001d07fa9aea0 JavaThread "Incoming local TCP Connector on port 51350" [_thread_in_native, id=28868, stack(0x0000002052f00000,0x0000002053000000)]
  0x000001d07fa991c0 JavaThread "Daemon periodic checks" [_thread_blocked, id=19812, stack(0x0000002053600000,0x0000002053700000)]
  0x000001d07fa99b60 JavaThread "Daemon" [_thread_blocked, id=28728, stack(0x0000002053700000,0x0000002053800000)]
  0x000001d07fa9b370 JavaThread "Daemon worker" [_thread_blocked, id=30696, stack(0x0000002053a00000,0x0000002053b00000)]
  0x000001d0027662f0 JavaThread "Cache worker for file hash cache (C:\Users\nouas\.gradle\caches\6.7\fileHashes)" [_thread_blocked, id=17948, stack(0x0000002053e00000,0x0000002053f00000)]
  0x000001d002761ac0 JavaThread "File lock request listener" [_thread_in_native, id=24632, stack(0x0000002053f00000,0x0000002054000000)]
  0x000001d002760c50 JavaThread "Cache worker for journal cache (C:\Users\nouas\.gradle\caches\journal-1)" [_thread_blocked, id=24792, stack(0x0000002054000000,0x0000002054100000)]
  0x000001d00275ef70 JavaThread "Cache worker for execution history cache (C:\Users\nouas\.gradle\caches\6.7\executionHistory)" [_thread_blocked, id=17624, stack(0x0000002054600000,0x0000002054700000)]
  0x000001d00275fde0 JavaThread "Cache worker for file content cache (C:\Users\nouas\.gradle\caches\6.7\fileContent)" [_thread_blocked, id=28820, stack(0x0000002054800000,0x0000002054900000)]
  0x000001d0025160a0 JavaThread "Memory manager" [_thread_blocked, id=27472, stack(0x0000002054100000,0x0000002054200000)]
  0x000001d003a637b0 JavaThread "Handler for socket connection from /127.0.0.1:51350 to /127.0.0.1:51378" [_thread_in_native, id=29812, stack(0x0000002051a00000,0x0000002051b00000)]
  0x000001d003a5d770 JavaThread "Cancel handler" [_thread_blocked, id=23728, stack(0x0000002051b00000,0x0000002051c00000)]
  0x000001d003a632e0 JavaThread "Asynchronous log dispatcher for DefaultDaemonConnection: socket connection from /127.0.0.1:51350 to /127.0.0.1:51378" [_thread_blocked, id=7812, stack(0x0000002051c00000,0x0000002051d00000)]
  0x000001d003a5fdf0 JavaThread "Stdin handler" [_thread_blocked, id=27856, stack(0x0000002053800000,0x0000002053900000)]
  0x000001d003a5dc40 JavaThread "Thread-124" [_thread_blocked, id=28108, stack(0x0000002053900000,0x0000002053a00000)]
  0x000001d003a5ef80 JavaThread "Cache worker for file hash cache (C:\Users\nouas\Desktop\Alaa Work And Studies\Projects\Mobile Projects\React-native\testProject\android\.gradle\6.7\fileHashes)" [_thread_blocked, id=29916, stack(0x0000002053b00000,0x0000002053c00000)]
  0x000001d003a64150 JavaThread "Cache worker for checksums cache (C:\Users\nouas\Desktop\Alaa Work And Studies\Projects\Mobile Projects\React-native\testProject\android\.gradle\checksums)" [_thread_blocked, id=20928, stack(0x0000002053d00000,0x0000002053e00000)]
  0x000001d003a61fa0 JavaThread "Cache worker for cache directory md-supplier (C:\Users\nouas\.gradle\caches\6.7\md-supplier)" [_thread_blocked, id=29556, stack(0x0000002054200000,0x0000002054300000)]
  0x000001d003a5e5e0 JavaThread "Cache worker for cache directory md-rule (C:\Users\nouas\.gradle\caches\6.7\md-rule)" [_thread_blocked, id=17604, stack(0x0000002054300000,0x0000002054400000)]
  0x000001d003a602c0 JavaThread "Cache worker for Build Output Cleanup Cache (C:\Users\nouas\Desktop\Alaa Work And Studies\Projects\Mobile Projects\React-native\testProject\android\.gradle\buildOutputCleanup)" [_thread_blocked, id=30436, stack(0x0000002053c00000,0x0000002053d00000)]
  0x000001d003a62e10 JavaThread "Build operations" [_thread_in_Java, id=29040, stack(0x0000002054400000,0x0000002054500000)]
  0x000001d003a5f920 JavaThread "Build operations Thread 2" [_thread_in_Java, id=30380, stack(0x0000002054500000,0x0000002054600000)]
  0x000001d003a64fc0 JavaThread "Build operations Thread 3" [_thread_in_Java, id=30400, stack(0x0000002054700000,0x0000002054800000)]
  0x000001d003a5e110 JavaThread "Build operations Thread 4" [_thread_blocked, id=14620, stack(0x0000002054900000,0x0000002054a00000)]
  0x000001d002bb40c0 JavaThread "Execution worker for ':'" [_thread_blocked, id=24924, stack(0x000000205a600000,0x000000205a700000)]
  0x000001d002bb2d80 JavaThread "Execution worker for ':' Thread 2" [_thread_blocked, id=23704, stack(0x000000205a700000,0x000000205a800000)]
  0x000001d002bb0700 JavaThread "Execution worker for ':' Thread 3" [_thread_blocked, id=30576, stack(0x000000205a800000,0x000000205a900000)]
  0x000001d002bb0bd0 JavaThread "Cache worker for execution history cache (C:\Users\nouas\Desktop\Alaa Work And Studies\Projects\Mobile Projects\React-native\testProject\android\.gradle\6.7\executionHistory)" [_thread_blocked, id=8876, stack(0x000000205a900000,0x000000205aa00000)]
  0x000001d002c98b10 JavaThread "WorkerExecutor Queue" [_thread_blocked, id=30252, stack(0x000000205ad00000,0x000000205ae00000)]
  0x000001d002c97ca0 JavaThread "WorkerExecutor Queue Thread 3" [_thread_blocked, id=29852, stack(0x000000205af00000,0x000000205b000000)]
  0x000001d002c9a320 JavaThread "WorkerExecutor Queue Thread 4" [_thread_blocked, id=29856, stack(0x000000205b000000,0x000000205b100000)]
  0x000001d002c9d810 JavaThread "pool-3-thread-1" [_thread_blocked, id=24152, stack(0x000000205b200000,0x000000205b300000)]
  0x000001d002c9acc0 JavaThread "stderr" [_thread_in_native, id=6208, stack(0x000000205b300000,0x000000205b400000)]
  0x000001d002c9c000 JavaThread "stdout" [_thread_in_native, id=29276, stack(0x000000205b400000,0x000000205b500000)]
  0x000001d002c9c4d0 JavaThread "stderr" [_thread_in_native, id=30200, stack(0x000000205b500000,0x000000205b600000)]
  0x000001d002c98fe0 JavaThread "stdout" [_thread_in_native, id=28140, stack(0x000000205b600000,0x000000205b700000)]
  0x000001d002c99e50 JavaThread "stderr" [_thread_in_native, id=16408, stack(0x000000205b700000,0x000000205b800000)]
  0x000001d002c9d340 JavaThread "stdout" [_thread_in_native, id=30708, stack(0x000000205b800000,0x000000205b900000)]
  0x000001d002c97300 JavaThread "stderr" [_thread_in_native, id=29956, stack(0x000000205b900000,0x000000205ba00000)]
  0x000001d002c9dce0 JavaThread "stdout" [_thread_in_native, id=25988, stack(0x000000205ba00000,0x000000205bb00000)]
  0x000001d002516f10 JavaThread "ForkJoinPool-1-worker-3" daemon [_thread_blocked, id=26244, stack(0x000000205bb00000,0x000000205bc00000)]
  0x000001d003a61ad0 JavaThread "ForkJoinPool-1-worker-5" daemon [_thread_blocked, id=26380, stack(0x000000205bc00000,0x000000205bd00000)]
  0x000001d0025173e0 JavaThread "ForkJoinPool-1-worker-7" daemon [_thread_blocked, id=30236, stack(0x000000205bd00000,0x000000205be00000)]
  0x000001d0029f1650 JavaThread "Cache worker for Java compile cache (C:\Users\nouas\.gradle\caches\6.7\javaCompile)" [_thread_blocked, id=28944, stack(0x000000205be00000,0x000000205bf00000)]
  0x000001d0029f0cb0 JavaThread "Cache worker for Java compile cache (C:\Users\nouas\Desktop\Alaa Work And Studies\Projects\Mobile Projects\React-native\testProject\android\.gradle\6.7\javaCompile)" [_thread_blocked, id=29196, stack(0x000000205bf00000,0x000000205c000000)]
  0x000001d0029f2e60 JavaThread "WorkerExecutor Queue Thread 5" [_thread_blocked, id=26500, stack(0x000000205ae00000,0x000000205af00000)]

Other Threads:
  0x000001d07f9783c0 VMThread "VM Thread" [stack: 0x0000002052300000,0x0000002052400000] [id=29912]
  0x000001d07fbf21f0 WatcherThread [stack: 0x0000002052e00000,0x0000002052f00000] [id=29900]
  0x000001d064faf4e0 GCTaskThread "GC Thread#0" [stack: 0x0000002051e00000,0x0000002051f00000] [id=30144]
  0x000001d000c0b850 GCTaskThread "GC Thread#1" [stack: 0x0000002053000000,0x0000002053100000] [id=28172]
  0x000001d000c0b1f0 GCTaskThread "GC Thread#2" [stack: 0x0000002053100000,0x0000002053200000] [id=21576]
  0x000001d000c0d830 GCTaskThread "GC Thread#3" [stack: 0x0000002053200000,0x0000002053300000] [id=28320]
  0x000001d064fb4700 ConcurrentGCThread "G1 Main Marker" [stack: 0x0000002051f00000,0x0000002052000000] [id=29800]
  0x000001d064fb6230 ConcurrentGCThread "G1 Conc#0" [stack: 0x0000002052000000,0x0000002052100000] [id=30636]
  0x000001d064fed650 ConcurrentGCThread "G1 Refine#0" [stack: 0x0000002052100000,0x0000002052200000] [id=29908]
  0x000001d0025576b0 ConcurrentGCThread "G1 Refine#1" [stack: 0x000000205aa00000,0x000000205ab00000] [id=29132]
  0x000001d002557a10 ConcurrentGCThread "G1 Refine#2" [stack: 0x000000205ab00000,0x000000205ac00000] [id=7760]
  0x000001d00a30d230 ConcurrentGCThread "G1 Refine#3" [stack: 0x000000205ac00000,0x000000205ad00000] [id=29972]
  0x000001d064fedf90 ConcurrentGCThread "G1 Young RemSet Sampling" [stack: 0x0000002052200000,0x0000002052300000] [id=29928]

Threads with active compile tasks:
C2 CompilerThread0   178439 21694       4       com.android.tools.r8.graph.G0$d::c (802 bytes)
C1 CompilerThread0   178439 21899       2       com.android.tools.r8.ir.regalloc.a::a (952 bytes)

VM state: not at safepoint (normal execution)

VM Mutex/Monitor currently owned by a thread: None

Heap address: 0x00000000e0000000, size: 512 MB, Compressed Oops mode: 32-bit
CDS archive(s) mapped at: [0x0000000800000000-0x0000000800b50000-0x0000000800b50000), size 11862016, SharedBaseAddress: 0x0000000800000000, ArchiveRelocationMode: 0.
Compressed class space mapped at: 0x0000000800b50000-0x0000000810350000, size: 260046848
Narrow klass base: 0x0000000800000000, Narrow klass shift: 3, Narrow klass range: 0x100000000

GC Precious Log:
 CPUs: 4 total, 4 available
 Memory: 8008M
 Large Page Support: Disabled
 NUMA Support: Disabled
 Compressed Oops: Enabled (32-bit)
 Heap Region Size: 1M
 Heap Min Capacity: 256M
 Heap Initial Capacity: 256M
 Heap Max Capacity: 512M
 Pre-touch: Disabled
 Parallel Workers: 4
 Concurrent Workers: 1
 Concurrent Refinement Workers: 4
 Periodic GC: Disabled

Heap:
 garbage-first heap   total 262144K, used 201449K [0x00000000e0000000, 0x0000000100000000)
  region size 1024K, 77 young (78848K), 12 survivors (12288K)
 Metaspace       used 107573K, capacity 109789K, committed 109980K, reserved 350208K
  class space    used 13423K, capacity 14050K, committed 14156K, reserved 253952K

Heap Regions: E=young(eden), S=young(survivor), O=old, HS=humongous(starts), HC=humongous(continues), CS=collection set, F=free, OA=open archive, CA=closed archive, TAMS=top-at-mark-start (previous, next)
|   0|0x00000000e0000000, 0x00000000e0100000, 0x00000000e0100000|100%| O|  |TAMS 0x00000000e0100000, 0x00000000e0000000| Untracked 
|   1|0x00000000e0100000, 0x00000000e0200000, 0x00000000e0200000|100%| O|  |TAMS 0x00000000e0200000, 0x00000000e0100000| Untracked 
|   2|0x00000000e0200000, 0x00000000e0300000, 0x00000000e0300000|100%| O|  |TAMS 0x00000000e0300000, 0x00000000e0200000| Untracked 
|   3|0x00000000e0300000, 0x00000000e0400000, 0x00000000e0400000|100%|HS|  |TAMS 0x00000000e0400000, 0x00000000e0300000| Complete 
|   4|0x00000000e0400000, 0x00000000e0500000, 0x00000000e0500000|100%|HC|  |TAMS 0x00000000e0500000, 0x00000000e0400000| Complete 
|   5|0x00000000e0500000, 0x00000000e0600000, 0x00000000e0600000|100%|HC|  |TAMS 0x00000000e0600000, 0x00000000e0500000| Complete 
|   6|0x00000000e0600000, 0x00000000e0700000, 0x00000000e0700000|100%| O|  |TAMS 0x00000000e0700000, 0x00000000e0600000| Untracked 
|   7|0x00000000e0700000, 0x00000000e0800000, 0x00000000e0800000|100%| O|  |TAMS 0x00000000e0800000, 0x00000000e0700000| Untracked 
|   8|0x00000000e0800000, 0x00000000e0900000, 0x00000000e0900000|100%| O|  |TAMS 0x00000000e0900000, 0x00000000e0800000| Untracked 
|   9|0x00000000e0900000, 0x00000000e0a00000, 0x00000000e0a00000|100%| O|  |TAMS 0x00000000e0a00000, 0x00000000e0900000| Untracked 
|  10|0x00000000e0a00000, 0x00000000e0b00000, 0x00000000e0b00000|100%|HS|  |TAMS 0x00000000e0b00000, 0x00000000e0a00000| Complete 
|  11|0x00000000e0b00000, 0x00000000e0c00000, 0x00000000e0c00000|100%|HS|  |TAMS 0x00000000e0c00000, 0x00000000e0b00000| Complete 
|  12|0x00000000e0c00000, 0x00000000e0d00000, 0x00000000e0d00000|100%|HC|  |TAMS 0x00000000e0d00000, 0x00000000e0c00000| Complete 
|  13|0x00000000e0d00000, 0x00000000e0e00000, 0x00000000e0e00000|100%| O|  |TAMS 0x00000000e0e00000, 0x00000000e0d00000| Untracked 
|  14|0x00000000e0e00000, 0x00000000e0f00000, 0x00000000e0f00000|100%| O|  |TAMS 0x00000000e0f00000, 0x00000000e0e00000| Untracked 
|  15|0x00000000e0f00000, 0x00000000e1000000, 0x00000000e1000000|100%| O|  |TAMS 0x00000000e1000000, 0x00000000e0f00000| Untracked 
|  16|0x00000000e1000000, 0x00000000e1100000, 0x00000000e1100000|100%| O|  |TAMS 0x00000000e1100000, 0x00000000e1000000| Untracked 
|  17|0x00000000e1100000, 0x00000000e1200000, 0x00000000e1200000|100%| O|  |TAMS 0x00000000e1200000, 0x00000000e1100000| Untracked 
|  18|0x00000000e1200000, 0x00000000e1300000, 0x00000000e1300000|100%| O|  |TAMS 0x00000000e1300000, 0x00000000e1200000| Untracked 
|  19|0x00000000e1300000, 0x00000000e1400000, 0x00000000e1400000|100%| O|  |TAMS 0x00000000e1400000, 0x00000000e1300000| Untracked 
|  20|0x00000000e1400000, 0x00000000e1500000, 0x00000000e1500000|100%| O|  |TAMS 0x00000000e1500000, 0x00000000e1400000| Untracked 
|  21|0x00000000e1500000, 0x00000000e1600000, 0x00000000e1600000|100%| O|  |TAMS 0x00000000e1600000, 0x00000000e1500000| Untracked 
|  22|0x00000000e1600000, 0x00000000e1700000, 0x00000000e1700000|100%| O|  |TAMS 0x00000000e1700000, 0x00000000e1600000| Untracked 
|  23|0x00000000e1700000, 0x00000000e1800000, 0x00000000e1800000|100%| O|  |TAMS 0x00000000e1800000, 0x00000000e1700000| Untracked 
|  24|0x00000000e1800000, 0x00000000e1900000, 0x00000000e1900000|100%| O|  |TAMS 0x00000000e1900000, 0x00000000e1800000| Untracked 
|  25|0x00000000e1900000, 0x00000000e1a00000, 0x00000000e1a00000|100%| O|  |TAMS 0x00000000e1a00000, 0x00000000e1900000| Untracked 
|  26|0x00000000e1a00000, 0x00000000e1b00000, 0x00000000e1b00000|100%| O|  |TAMS 0x00000000e1b00000, 0x00000000e1a00000| Untracked 
|  27|0x00000000e1b00000, 0x00000000e1c00000, 0x00000000e1c00000|100%| O|  |TAMS 0x00000000e1c00000, 0x00000000e1b00000| Untracked 
|  28|0x00000000e1c00000, 0x00000000e1d00000, 0x00000000e1d00000|100%| O|  |TAMS 0x00000000e1d00000, 0x00000000e1c00000| Untracked 
|  29|0x00000000e1d00000, 0x00000000e1e00000, 0x00000000e1e00000|100%| O|  |TAMS 0x00000000e1d00000, 0x00000000e1d00000| Untracked 
|  30|0x00000000e1e00000, 0x00000000e1f00000, 0x00000000e1f00000|100%| O|  |TAMS 0x00000000e1f00000, 0x00000000e1e00000| Untracked 
|  31|0x00000000e1f00000, 0x00000000e2000000, 0x00000000e2000000|100%| O|  |TAMS 0x00000000e2000000, 0x00000000e1f00000| Untracked 
|  32|0x00000000e2000000, 0x00000000e2100000, 0x00000000e2100000|100%| O|  |TAMS 0x00000000e2100000, 0x00000000e2000000| Untracked 
|  33|0x00000000e2100000, 0x00000000e2200000, 0x00000000e2200000|100%| O|  |TAMS 0x00000000e2100000, 0x00000000e2100000| Untracked 
|  34|0x00000000e2200000, 0x00000000e2300000, 0x00000000e2300000|100%| O|  |TAMS 0x00000000e2200000, 0x00000000e2200000| Untracked 
|  35|0x00000000e2300000, 0x00000000e2400000, 0x00000000e2400000|100%| O|  |TAMS 0x00000000e2400000, 0x00000000e2300000| Untracked 
|  36|0x00000000e2400000, 0x00000000e2500000, 0x00000000e2500000|100%| O|  |TAMS 0x00000000e2500000, 0x00000000e2400000| Untracked 
|  37|0x00000000e2500000, 0x00000000e2600000, 0x00000000e2600000|100%| O|  |TAMS 0x00000000e2600000, 0x00000000e2500000| Untracked 
|  38|0x00000000e2600000, 0x00000000e2700000, 0x00000000e2700000|100%| O|  |TAMS 0x00000000e2700000, 0x00000000e2600000| Untracked 
|  39|0x00000000e2700000, 0x00000000e2800000, 0x00000000e2800000|100%| O|  |TAMS 0x00000000e2700000, 0x00000000e2700000| Untracked 
|  40|0x00000000e2800000, 0x00000000e2900000, 0x00000000e2900000|100%| O|  |TAMS 0x00000000e2900000, 0x00000000e2800000| Untracked 
|  41|0x00000000e2900000, 0x00000000e2a00000, 0x00000000e2a00000|100%| O|  |TAMS 0x00000000e2900000, 0x00000000e2900000| Untracked 
|  42|0x00000000e2a00000, 0x00000000e2b00000, 0x00000000e2b00000|100%| O|  |TAMS 0x00000000e2b00000, 0x00000000e2a00000| Untracked 
|  43|0x00000000e2b00000, 0x00000000e2c00000, 0x00000000e2c00000|100%| O|  |TAMS 0x00000000e2c00000, 0x00000000e2b00000| Untracked 
|  44|0x00000000e2c00000, 0x00000000e2d00000, 0x00000000e2d00000|100%| O|  |TAMS 0x00000000e2d00000, 0x00000000e2c00000| Untracked 
|  45|0x00000000e2d00000, 0x00000000e2e00000, 0x00000000e2e00000|100%| O|  |TAMS 0x00000000e2e00000, 0x00000000e2d00000| Untracked 
|  46|0x00000000e2e00000, 0x00000000e2f00000, 0x00000000e2f00000|100%| O|  |TAMS 0x00000000e2f00000, 0x00000000e2e00000| Untracked 
|  47|0x00000000e2f00000, 0x00000000e3000000, 0x00000000e3000000|100%| O|  |TAMS 0x00000000e2f00000, 0x00000000e2f00000| Untracked 
|  48|0x00000000e3000000, 0x00000000e3100000, 0x00000000e3100000|100%| O|  |TAMS 0x00000000e3100000, 0x00000000e3000000| Untracked 
|  49|0x00000000e3100000, 0x00000000e3200000, 0x00000000e3200000|100%|HS|  |TAMS 0x00000000e3100000, 0x00000000e3100000| Complete 
|  50|0x00000000e3200000, 0x00000000e3300000, 0x00000000e3300000|100%|HC|  |TAMS 0x00000000e3200000, 0x00000000e3200000| Complete 
|  51|0x00000000e3300000, 0x00000000e3400000, 0x00000000e3400000|100%| O|  |TAMS 0x00000000e3400000, 0x00000000e3300000| Untracked 
|  52|0x00000000e3400000, 0x00000000e3500000, 0x00000000e3500000|100%| O|  |TAMS 0x00000000e3500000, 0x00000000e3400000| Untracked 
|  53|0x00000000e3500000, 0x00000000e3600000, 0x00000000e3600000|100%| O|  |TAMS 0x00000000e3500000, 0x00000000e3500000| Untracked 
|  54|0x00000000e3600000, 0x00000000e3700000, 0x00000000e3700000|100%| O|  |TAMS 0x00000000e3600000, 0x00000000e3600000| Untracked 
|  55|0x00000000e3700000, 0x00000000e3800000, 0x00000000e3800000|100%| O|  |TAMS 0x00000000e3800000, 0x00000000e3700000| Untracked 
|  56|0x00000000e3800000, 0x00000000e3900000, 0x00000000e3900000|100%| O|  |TAMS 0x00000000e3900000, 0x00000000e3800000| Untracked 
|  57|0x00000000e3900000, 0x00000000e3a00000, 0x00000000e3a00000|100%| O|  |TAMS 0x00000000e3a00000, 0x00000000e3900000| Untracked 
|  58|0x00000000e3a00000, 0x00000000e3b00000, 0x00000000e3b00000|100%| O|  |TAMS 0x00000000e3b00000, 0x00000000e3a00000| Untracked 
|  59|0x00000000e3b00000, 0x00000000e3c00000, 0x00000000e3c00000|100%| O|  |TAMS 0x00000000e3c00000, 0x00000000e3b00000| Untracked 
|  60|0x00000000e3c00000, 0x00000000e3d00000, 0x00000000e3d00000|100%| O|  |TAMS 0x00000000e3d00000, 0x00000000e3c00000| Untracked 
|  61|0x00000000e3d00000, 0x00000000e3e00000, 0x00000000e3e00000|100%| O|  |TAMS 0x00000000e3e00000, 0x00000000e3d00000| Untracked 
|  62|0x00000000e3e00000, 0x00000000e3f00000, 0x00000000e3f00000|100%| O|  |TAMS 0x00000000e3e00000, 0x00000000e3e00000| Untracked 
|  63|0x00000000e3f00000, 0x00000000e4000000, 0x00000000e4000000|100%| O|  |TAMS 0x00000000e3f00000, 0x00000000e3f00000| Untracked 
|  64|0x00000000e4000000, 0x00000000e4100000, 0x00000000e4100000|100%| O|  |TAMS 0x00000000e4000000, 0x00000000e4000000| Untracked 
|  65|0x00000000e4100000, 0x00000000e4200000, 0x00000000e4200000|100%| O|  |TAMS 0x00000000e4100000, 0x00000000e4100000| Untracked 
|  66|0x00000000e4200000, 0x00000000e4300000, 0x00000000e4300000|100%| O|  |TAMS 0x00000000e4200000, 0x00000000e4200000| Untracked 
|  67|0x00000000e4300000, 0x00000000e4400000, 0x00000000e4400000|100%| O|  |TAMS 0x00000000e4300000, 0x00000000e4300000| Untracked 
|  68|0x00000000e4400000, 0x00000000e4500000, 0x00000000e4500000|100%| O|  |TAMS 0x00000000e4400000, 0x00000000e4400000| Untracked 
|  69|0x00000000e4500000, 0x00000000e45ba400, 0x00000000e4600000| 72%| O|  |TAMS 0x00000000e4500000, 0x00000000e4500000| Untracked 
|  70|0x00000000e4600000, 0x00000000e4700000, 0x00000000e4700000|100%| O|  |TAMS 0x00000000e4700000, 0x00000000e4600000| Untracked 
|  71|0x00000000e4700000, 0x00000000e4800000, 0x00000000e4800000|100%| O|  |TAMS 0x00000000e4800000, 0x00000000e4700000| Untracked 
|  72|0x00000000e4800000, 0x00000000e4900000, 0x00000000e4900000|100%| O|  |TAMS 0x00000000e4900000, 0x00000000e4800000| Untracked 
|  73|0x00000000e4900000, 0x00000000e4a00000, 0x00000000e4a00000|100%| O|  |TAMS 0x00000000e4a00000, 0x00000000e4900000| Untracked 
|  74|0x00000000e4a00000, 0x00000000e4b00000, 0x00000000e4b00000|100%| O|  |TAMS 0x00000000e4b00000, 0x00000000e4a00000| Untracked 
|  75|0x00000000e4b00000, 0x00000000e4c00000, 0x00000000e4c00000|100%| O|  |TAMS 0x00000000e4c00000, 0x00000000e4b00000| Untracked 
|  76|0x00000000e4c00000, 0x00000000e4d00000, 0x00000000e4d00000|100%| O|  |TAMS 0x00000000e4d00000, 0x00000000e4c00000| Untracked 
|  77|0x00000000e4d00000, 0x00000000e4e00000, 0x00000000e4e00000|100%| O|  |TAMS 0x00000000e4e00000, 0x00000000e4d00000| Untracked 
|  78|0x00000000e4e00000, 0x00000000e4f00000, 0x00000000e4f00000|100%| O|  |TAMS 0x00000000e4f00000, 0x00000000e4e00000| Untracked 
|  79|0x00000000e4f00000, 0x00000000e5000000, 0x00000000e5000000|100%| O|  |TAMS 0x00000000e5000000, 0x00000000e4f00000| Untracked 
|  80|0x00000000e5000000, 0x00000000e5100000, 0x00000000e5100000|100%| O|  |TAMS 0x00000000e5100000, 0x00000000e5000000| Untracked 
|  81|0x00000000e5100000, 0x00000000e5200000, 0x00000000e5200000|100%| O|  |TAMS 0x00000000e5200000, 0x00000000e5100000| Untracked 
|  82|0x00000000e5200000, 0x00000000e5300000, 0x00000000e5300000|100%| O|  |TAMS 0x00000000e5300000, 0x00000000e5200000| Untracked 
|  83|0x00000000e5300000, 0x00000000e5400000, 0x00000000e5400000|100%| O|  |TAMS 0x00000000e5400000, 0x00000000e5300000| Untracked 
|  84|0x00000000e5400000, 0x00000000e5500000, 0x00000000e5500000|100%| O|  |TAMS 0x00000000e5500000, 0x00000000e5400000| Untracked 
|  85|0x00000000e5500000, 0x00000000e5500000, 0x00000000e5600000|  0%| F|  |TAMS 0x00000000e5500000, 0x00000000e5500000| Untracked 
|  86|0x00000000e5600000, 0x00000000e5600000, 0x00000000e5700000|  0%| F|  |TAMS 0x00000000e5600000, 0x00000000e5600000| Untracked 
|  87|0x00000000e5700000, 0x00000000e5700000, 0x00000000e5800000|  0%| F|  |TAMS 0x00000000e5700000, 0x00000000e5700000| Untracked 
|  88|0x00000000e5800000, 0x00000000e5800000, 0x00000000e5900000|  0%| F|  |TAMS 0x00000000e5800000, 0x00000000e5800000| Untracked 
|  89|0x00000000e5900000, 0x00000000e5900000, 0x00000000e5a00000|  0%| F|  |TAMS 0x00000000e5900000, 0x00000000e5900000| Untracked 
|  90|0x00000000e5a00000, 0x00000000e5b00000, 0x00000000e5b00000|100%| O|  |TAMS 0x00000000e5b00000, 0x00000000e5a00000| Untracked 
|  91|0x00000000e5b00000, 0x00000000e5c00000, 0x00000000e5c00000|100%| O|  |TAMS 0x00000000e5c00000, 0x00000000e5b00000| Untracked 
|  92|0x00000000e5c00000, 0x00000000e5d00000, 0x00000000e5d00000|100%|HS|  |TAMS 0x00000000e5d00000, 0x00000000e5c00000| Complete 
|  93|0x00000000e5d00000, 0x00000000e5e00000, 0x00000000e5e00000|100%|HC|  |TAMS 0x00000000e5e00000, 0x00000000e5d00000| Complete 
|  94|0x00000000e5e00000, 0x00000000e5f00000, 0x00000000e5f00000|100%| O|  |TAMS 0x00000000e5f00000, 0x00000000e5e00000| Untracked 
|  95|0x00000000e5f00000, 0x00000000e6000000, 0x00000000e6000000|100%| O|  |TAMS 0x00000000e6000000, 0x00000000e5f00000| Untracked 
|  96|0x00000000e6000000, 0x00000000e6100000, 0x00000000e6100000|100%| O|  |TAMS 0x00000000e6100000, 0x00000000e6000000| Untracked 
|  97|0x00000000e6100000, 0x00000000e6200000, 0x00000000e6200000|100%| O|  |TAMS 0x00000000e6200000, 0x00000000e6100000| Untracked 
|  98|0x00000000e6200000, 0x00000000e6300000, 0x00000000e6300000|100%| O|  |TAMS 0x00000000e6300000, 0x00000000e6200000| Untracked 
|  99|0x00000000e6300000, 0x00000000e6400000, 0x00000000e6400000|100%| O|  |TAMS 0x00000000e6400000, 0x00000000e6300000| Untracked 
| 100|0x00000000e6400000, 0x00000000e6400000, 0x00000000e6500000|  0%| F|  |TAMS 0x00000000e6400000, 0x00000000e6400000| Untracked 
| 101|0x00000000e6500000, 0x00000000e6600000, 0x00000000e6600000|100%| O|  |TAMS 0x00000000e6600000, 0x00000000e6500000| Untracked 
| 102|0x00000000e6600000, 0x00000000e6600000, 0x00000000e6700000|  0%| F|  |TAMS 0x00000000e6600000, 0x00000000e6600000| Untracked 
| 103|0x00000000e6700000, 0x00000000e6800000, 0x00000000e6800000|100%| O|  |TAMS 0x00000000e6800000, 0x00000000e6700000| Untracked 
| 104|0x00000000e6800000, 0x00000000e6900000, 0x00000000e6900000|100%| O|  |TAMS 0x00000000e6900000, 0x00000000e6800000| Untracked 
| 105|0x00000000e6900000, 0x00000000e6900000, 0x00000000e6a00000|  0%| F|  |TAMS 0x00000000e6900000, 0x00000000e6900000| Untracked 
| 106|0x00000000e6a00000, 0x00000000e6a00000, 0x00000000e6b00000|  0%| F|  |TAMS 0x00000000e6a00000, 0x00000000e6a00000| Untracked 
| 107|0x00000000e6b00000, 0x00000000e6c00000, 0x00000000e6c00000|100%| O|  |TAMS 0x00000000e6c00000, 0x00000000e6b00000| Untracked 
| 108|0x00000000e6c00000, 0x00000000e6d00000, 0x00000000e6d00000|100%| O|  |TAMS 0x00000000e6d00000, 0x00000000e6c00000| Untracked 
| 109|0x00000000e6d00000, 0x00000000e6e00000, 0x00000000e6e00000|100%| O|  |TAMS 0x00000000e6e00000, 0x00000000e6d00000| Untracked 
| 110|0x00000000e6e00000, 0x00000000e6e00000, 0x00000000e6f00000|  0%| F|  |TAMS 0x00000000e6e00000, 0x00000000e6e00000| Untracked 
| 111|0x00000000e6f00000, 0x00000000e7000000, 0x00000000e7000000|100%| O|  |TAMS 0x00000000e7000000, 0x00000000e6f00000| Untracked 
| 112|0x00000000e7000000, 0x00000000e7000000, 0x00000000e7100000|  0%| F|  |TAMS 0x00000000e7000000, 0x00000000e7000000| Untracked 
| 113|0x00000000e7100000, 0x00000000e7100000, 0x00000000e7200000|  0%| F|  |TAMS 0x00000000e7100000, 0x00000000e7100000| Untracked 
| 114|0x00000000e7200000, 0x00000000e7200000, 0x00000000e7300000|  0%| F|  |TAMS 0x00000000e7200000, 0x00000000e7200000| Untracked 
| 115|0x00000000e7300000, 0x00000000e7400000, 0x00000000e7400000|100%| O|  |TAMS 0x00000000e7377600, 0x00000000e7300000| Untracked 
| 116|0x00000000e7400000, 0x00000000e7500000, 0x00000000e7500000|100%| O|  |TAMS 0x00000000e7400000, 0x00000000e7400000| Untracked 
| 117|0x00000000e7500000, 0x00000000e7600000, 0x00000000e7600000|100%| O|  |TAMS 0x00000000e7500000, 0x00000000e7500000| Untracked 
| 118|0x00000000e7600000, 0x00000000e7700000, 0x00000000e7700000|100%| O|  |TAMS 0x00000000e7600000, 0x00000000e7600000| Untracked 
| 119|0x00000000e7700000, 0x00000000e7800000, 0x00000000e7800000|100%| O|  |TAMS 0x00000000e7700000, 0x00000000e7700000| Untracked 
| 120|0x00000000e7800000, 0x00000000e7900000, 0x00000000e7900000|100%| O|  |TAMS 0x00000000e7800000, 0x00000000e7800000| Untracked 
| 121|0x00000000e7900000, 0x00000000e7a00000, 0x00000000e7a00000|100%| O|  |TAMS 0x00000000e7900000, 0x00000000e7900000| Untracked 
| 122|0x00000000e7a00000, 0x00000000e7b00000, 0x00000000e7b00000|100%| O|  |TAMS 0x00000000e7a00000, 0x00000000e7a00000| Untracked 
| 123|0x00000000e7b00000, 0x00000000e7c00000, 0x00000000e7c00000|100%| O|  |TAMS 0x00000000e7b00000, 0x00000000e7b00000| Untracked 
| 124|0x00000000e7c00000, 0x00000000e7d00000, 0x00000000e7d00000|100%| O|  |TAMS 0x00000000e7c00000, 0x00000000e7c00000| Untracked 
| 125|0x00000000e7d00000, 0x00000000e7e00000, 0x00000000e7e00000|100%| O|  |TAMS 0x00000000e7d00000, 0x00000000e7d00000| Untracked 
| 126|0x00000000e7e00000, 0x00000000e7f00000, 0x00000000e7f00000|100%| O|  |TAMS 0x00000000e7e00000, 0x00000000e7e00000| Untracked 
| 127|0x00000000e7f00000, 0x00000000e8000000, 0x00000000e8000000|100%| O|  |TAMS 0x00000000e7f00000, 0x00000000e7f00000| Untracked 
| 128|0x00000000e8000000, 0x00000000e8100000, 0x00000000e8100000|100%| O|  |TAMS 0x00000000e8000000, 0x00000000e8000000| Untracked 
| 129|0x00000000e8100000, 0x00000000e8200000, 0x00000000e8200000|100%| O|  |TAMS 0x00000000e8100000, 0x00000000e8100000| Untracked 
| 130|0x00000000e8200000, 0x00000000e8300000, 0x00000000e8300000|100%| O|  |TAMS 0x00000000e8200000, 0x00000000e8200000| Untracked 
| 131|0x00000000e8300000, 0x00000000e8400000, 0x00000000e8400000|100%| O|  |TAMS 0x00000000e8300000, 0x00000000e8300000| Untracked 
| 132|0x00000000e8400000, 0x00000000e8500000, 0x00000000e8500000|100%| O|  |TAMS 0x00000000e8400000, 0x00000000e8400000| Untracked 
| 133|0x00000000e8500000, 0x00000000e8600000, 0x00000000e8600000|100%| O|  |TAMS 0x00000000e8500000, 0x00000000e8500000| Untracked 
| 134|0x00000000e8600000, 0x00000000e8600000, 0x00000000e8700000|  0%| F|  |TAMS 0x00000000e8600000, 0x00000000e8600000| Untracked 
| 135|0x00000000e8700000, 0x00000000e8700000, 0x00000000e8800000|  0%| F|  |TAMS 0x00000000e8700000, 0x00000000e8700000| Untracked 
| 136|0x00000000e8800000, 0x00000000e8800000, 0x00000000e8900000|  0%| F|  |TAMS 0x00000000e8800000, 0x00000000e8800000| Untracked 
| 137|0x00000000e8900000, 0x00000000e8900000, 0x00000000e8a00000|  0%| F|  |TAMS 0x00000000e8900000, 0x00000000e8900000| Untracked 
| 138|0x00000000e8a00000, 0x00000000e8a00000, 0x00000000e8b00000|  0%| F|  |TAMS 0x00000000e8a00000, 0x00000000e8a00000| Untracked 
| 139|0x00000000e8b00000, 0x00000000e8b00000, 0x00000000e8c00000|  0%| F|  |TAMS 0x00000000e8b00000, 0x00000000e8b00000| Untracked 
| 140|0x00000000e8c00000, 0x00000000e8c00000, 0x00000000e8d00000|  0%| F|  |TAMS 0x00000000e8c00000, 0x00000000e8c00000| Untracked 
| 141|0x00000000e8d00000, 0x00000000e8d00000, 0x00000000e8e00000|  0%| F|  |TAMS 0x00000000e8d00000, 0x00000000e8d00000| Untracked 
| 142|0x00000000e8e00000, 0x00000000e8e00000, 0x00000000e8f00000|  0%| F|  |TAMS 0x00000000e8e00000, 0x00000000e8e00000| Untracked 
| 143|0x00000000e8f00000, 0x00000000e8f00000, 0x00000000e9000000|  0%| F|  |TAMS 0x00000000e8f00000, 0x00000000e8f00000| Untracked 
| 144|0x00000000e9000000, 0x00000000e9000000, 0x00000000e9100000|  0%| F|  |TAMS 0x00000000e9000000, 0x00000000e9000000| Untracked 
| 145|0x00000000e9100000, 0x00000000e9100000, 0x00000000e9200000|  0%| F|  |TAMS 0x00000000e9100000, 0x00000000e9100000| Untracked 
| 146|0x00000000e9200000, 0x00000000e9200000, 0x00000000e9300000|  0%| F|  |TAMS 0x00000000e9200000, 0x00000000e9200000| Untracked 
| 147|0x00000000e9300000, 0x00000000e9300000, 0x00000000e9400000|  0%| F|  |TAMS 0x00000000e9300000, 0x00000000e9300000| Untracked 
| 148|0x00000000e9400000, 0x00000000e9400000, 0x00000000e9500000|  0%| F|  |TAMS 0x00000000e9400000, 0x00000000e9400000| Untracked 
| 149|0x00000000e9500000, 0x00000000e9500000, 0x00000000e9600000|  0%| F|  |TAMS 0x00000000e9500000, 0x00000000e9500000| Untracked 
| 150|0x00000000e9600000, 0x00000000e9600000, 0x00000000e9700000|  0%| F|  |TAMS 0x00000000e9600000, 0x00000000e9600000| Untracked 
| 151|0x00000000e9700000, 0x00000000e9700000, 0x00000000e9800000|  0%| F|  |TAMS 0x00000000e9700000, 0x00000000e9700000| Untracked 
| 152|0x00000000e9800000, 0x00000000e9800000, 0x00000000e9900000|  0%| F|  |TAMS 0x00000000e9800000, 0x00000000e9800000| Untracked 
| 153|0x00000000e9900000, 0x00000000e9900000, 0x00000000e9a00000|  0%| F|  |TAMS 0x00000000e9900000, 0x00000000e9900000| Untracked 
| 154|0x00000000e9a00000, 0x00000000e9a00000, 0x00000000e9b00000|  0%| F|  |TAMS 0x00000000e9a00000, 0x00000000e9a00000| Untracked 
| 155|0x00000000e9b00000, 0x00000000e9b00000, 0x00000000e9c00000|  0%| F|  |TAMS 0x00000000e9b00000, 0x00000000e9b00000| Untracked 
| 156|0x00000000e9c00000, 0x00000000e9c00000, 0x00000000e9d00000|  0%| F|  |TAMS 0x00000000e9c00000, 0x00000000e9c00000| Untracked 
| 157|0x00000000e9d00000, 0x00000000e9d00000, 0x00000000e9e00000|  0%| F|  |TAMS 0x00000000e9d00000, 0x00000000e9d00000| Untracked 
| 158|0x00000000e9e00000, 0x00000000e9e00000, 0x00000000e9f00000|  0%| F|  |TAMS 0x00000000e9e00000, 0x00000000e9e00000| Untracked 
| 159|0x00000000e9f00000, 0x00000000e9f00000, 0x00000000ea000000|  0%| F|  |TAMS 0x00000000e9f00000, 0x00000000e9f00000| Untracked 
| 160|0x00000000ea000000, 0x00000000ea000000, 0x00000000ea100000|  0%| F|  |TAMS 0x00000000ea000000, 0x00000000ea000000| Untracked 
| 161|0x00000000ea100000, 0x00000000ea100000, 0x00000000ea200000|  0%| F|  |TAMS 0x00000000ea100000, 0x00000000ea100000| Untracked 
| 162|0x00000000ea200000, 0x00000000ea300000, 0x00000000ea300000|100%| S|CS|TAMS 0x00000000ea200000, 0x00000000ea200000| Complete 
| 163|0x00000000ea300000, 0x00000000ea400000, 0x00000000ea400000|100%| S|CS|TAMS 0x00000000ea300000, 0x00000000ea300000| Complete 
| 164|0x00000000ea400000, 0x00000000ea500000, 0x00000000ea500000|100%| S|CS|TAMS 0x00000000ea400000, 0x00000000ea400000| Complete 
| 165|0x00000000ea500000, 0x00000000ea600000, 0x00000000ea600000|100%| S|CS|TAMS 0x00000000ea500000, 0x00000000ea500000| Complete 
| 166|0x00000000ea600000, 0x00000000ea700000, 0x00000000ea700000|100%| S|CS|TAMS 0x00000000ea600000, 0x00000000ea600000| Complete 
| 167|0x00000000ea700000, 0x00000000ea800000, 0x00000000ea800000|100%| S|CS|TAMS 0x00000000ea700000, 0x00000000ea700000| Complete 
| 168|0x00000000ea800000, 0x00000000ea900000, 0x00000000ea900000|100%| S|CS|TAMS 0x00000000ea800000, 0x00000000ea800000| Complete 
| 169|0x00000000ea900000, 0x00000000eaa00000, 0x00000000eaa00000|100%| S|CS|TAMS 0x00000000ea900000, 0x00000000ea900000| Complete 
| 170|0x00000000eaa00000, 0x00000000eab00000, 0x00000000eab00000|100%| S|CS|TAMS 0x00000000eaa00000, 0x00000000eaa00000| Complete 
| 171|0x00000000eab00000, 0x00000000eac00000, 0x00000000eac00000|100%| S|CS|TAMS 0x00000000eab00000, 0x00000000eab00000| Complete 
| 172|0x00000000eac00000, 0x00000000ead00000, 0x00000000ead00000|100%| S|CS|TAMS 0x00000000eac00000, 0x00000000eac00000| Complete 
| 173|0x00000000ead00000, 0x00000000eae00000, 0x00000000eae00000|100%| S|CS|TAMS 0x00000000ead00000, 0x00000000ead00000| Complete 
| 174|0x00000000eae00000, 0x00000000eae00000, 0x00000000eaf00000|  0%| F|  |TAMS 0x00000000eae00000, 0x00000000eae00000| Untracked 
| 175|0x00000000eaf00000, 0x00000000eaf00000, 0x00000000eb000000|  0%| F|  |TAMS 0x00000000eaf00000, 0x00000000eaf00000| Untracked 
| 176|0x00000000eb000000, 0x00000000eb000000, 0x00000000eb100000|  0%| F|  |TAMS 0x00000000eb000000, 0x00000000eb000000| Untracked 
| 177|0x00000000eb100000, 0x00000000eb100000, 0x00000000eb200000|  0%| F|  |TAMS 0x00000000eb100000, 0x00000000eb100000| Untracked 
| 178|0x00000000eb200000, 0x00000000eb200000, 0x00000000eb300000|  0%| F|  |TAMS 0x00000000eb200000, 0x00000000eb200000| Untracked 
| 179|0x00000000eb300000, 0x00000000eb300000, 0x00000000eb400000|  0%| F|  |TAMS 0x00000000eb300000, 0x00000000eb300000| Untracked 
| 180|0x00000000eb400000, 0x00000000eb400000, 0x00000000eb500000|  0%| F|  |TAMS 0x00000000eb400000, 0x00000000eb400000| Untracked 
| 181|0x00000000eb500000, 0x00000000eb500000, 0x00000000eb600000|  0%| F|  |TAMS 0x00000000eb500000, 0x00000000eb500000| Untracked 
| 182|0x00000000eb600000, 0x00000000eb600000, 0x00000000eb700000|  0%| F|  |TAMS 0x00000000eb600000, 0x00000000eb600000| Untracked 
| 183|0x00000000eb700000, 0x00000000eb700000, 0x00000000eb800000|  0%| F|  |TAMS 0x00000000eb700000, 0x00000000eb700000| Untracked 
| 184|0x00000000eb800000, 0x00000000eb800000, 0x00000000eb900000|  0%| F|  |TAMS 0x00000000eb800000, 0x00000000eb800000| Untracked 
| 185|0x00000000eb900000, 0x00000000eb900000, 0x00000000eba00000|  0%| F|  |TAMS 0x00000000eb900000, 0x00000000eb900000| Untracked 
| 186|0x00000000eba00000, 0x00000000eba00000, 0x00000000ebb00000|  0%| F|  |TAMS 0x00000000eba00000, 0x00000000eba00000| Untracked 
| 187|0x00000000ebb00000, 0x00000000ebb00000, 0x00000000ebc00000|  0%| F|  |TAMS 0x00000000ebb00000, 0x00000000ebb00000| Untracked 
| 188|0x00000000ebc00000, 0x00000000ebc60740, 0x00000000ebd00000| 37%| E|  |TAMS 0x00000000ebc00000, 0x00000000ebc00000| Complete 
| 189|0x00000000ebd00000, 0x00000000ebe00000, 0x00000000ebe00000|100%| E|CS|TAMS 0x00000000ebd00000, 0x00000000ebd00000| Complete 
| 190|0x00000000ebe00000, 0x00000000ebf00000, 0x00000000ebf00000|100%| E|CS|TAMS 0x00000000ebe00000, 0x00000000ebe00000| Complete 
| 191|0x00000000ebf00000, 0x00000000ec000000, 0x00000000ec000000|100%| E|CS|TAMS 0x00000000ebf00000, 0x00000000ebf00000| Complete 
| 192|0x00000000ec000000, 0x00000000ec100000, 0x00000000ec100000|100%| E|CS|TAMS 0x00000000ec000000, 0x00000000ec000000| Complete 
| 193|0x00000000ec100000, 0x00000000ec200000, 0x00000000ec200000|100%| E|CS|TAMS 0x00000000ec100000, 0x00000000ec100000| Complete 
| 194|0x00000000ec200000, 0x00000000ec300000, 0x00000000ec300000|100%| E|CS|TAMS 0x00000000ec200000, 0x00000000ec200000| Complete 
| 195|0x00000000ec300000, 0x00000000ec400000, 0x00000000ec400000|100%| E|CS|TAMS 0x00000000ec300000, 0x00000000ec300000| Complete 
| 196|0x00000000ec400000, 0x00000000ec500000, 0x00000000ec500000|100%| E|CS|TAMS 0x00000000ec400000, 0x00000000ec400000| Complete 
| 197|0x00000000ec500000, 0x00000000ec600000, 0x00000000ec600000|100%| E|CS|TAMS 0x00000000ec500000, 0x00000000ec500000| Complete 
| 198|0x00000000ec600000, 0x00000000ec700000, 0x00000000ec700000|100%| E|CS|TAMS 0x00000000ec600000, 0x00000000ec600000| Complete 
| 199|0x00000000ec700000, 0x00000000ec800000, 0x00000000ec800000|100%| E|CS|TAMS 0x00000000ec700000, 0x00000000ec700000| Complete 
| 200|0x00000000ec800000, 0x00000000ec900000, 0x00000000ec900000|100%| E|CS|TAMS 0x00000000ec800000, 0x00000000ec800000| Complete 
| 201|0x00000000ec900000, 0x00000000eca00000, 0x00000000eca00000|100%| E|CS|TAMS 0x00000000ec900000, 0x00000000ec900000| Complete 
| 202|0x00000000eca00000, 0x00000000ecb00000, 0x00000000ecb00000|100%| E|CS|TAMS 0x00000000eca00000, 0x00000000eca00000| Complete 
| 203|0x00000000ecb00000, 0x00000000ecc00000, 0x00000000ecc00000|100%| E|CS|TAMS 0x00000000ecb00000, 0x00000000ecb00000| Complete 
| 204|0x00000000ecc00000, 0x00000000ecd00000, 0x00000000ecd00000|100%| E|CS|TAMS 0x00000000ecc00000, 0x00000000ecc00000| Complete 
| 205|0x00000000ecd00000, 0x00000000ece00000, 0x00000000ece00000|100%| E|CS|TAMS 0x00000000ecd00000, 0x00000000ecd00000| Complete 
| 206|0x00000000ece00000, 0x00000000ecf00000, 0x00000000ecf00000|100%| E|CS|TAMS 0x00000000ece00000, 0x00000000ece00000| Complete 
| 207|0x00000000ecf00000, 0x00000000ed000000, 0x00000000ed000000|100%| E|CS|TAMS 0x00000000ecf00000, 0x00000000ecf00000| Complete 
| 208|0x00000000ed000000, 0x00000000ed100000, 0x00000000ed100000|100%| E|CS|TAMS 0x00000000ed000000, 0x00000000ed000000| Complete 
| 209|0x00000000ed100000, 0x00000000ed200000, 0x00000000ed200000|100%| E|CS|TAMS 0x00000000ed100000, 0x00000000ed100000| Complete 
| 210|0x00000000ed200000, 0x00000000ed300000, 0x00000000ed300000|100%| E|CS|TAMS 0x00000000ed200000, 0x00000000ed200000| Complete 
| 211|0x00000000ed300000, 0x00000000ed400000, 0x00000000ed400000|100%| E|CS|TAMS 0x00000000ed300000, 0x00000000ed300000| Complete 
| 212|0x00000000ed400000, 0x00000000ed500000, 0x00000000ed500000|100%| E|CS|TAMS 0x00000000ed400000, 0x00000000ed400000| Complete 
| 213|0x00000000ed500000, 0x00000000ed600000, 0x00000000ed600000|100%| E|CS|TAMS 0x00000000ed500000, 0x00000000ed500000| Complete 
| 214|0x00000000ed600000, 0x00000000ed700000, 0x00000000ed700000|100%| E|CS|TAMS 0x00000000ed600000, 0x00000000ed600000| Complete 
| 215|0x00000000ed700000, 0x00000000ed800000, 0x00000000ed800000|100%| E|CS|TAMS 0x00000000ed700000, 0x00000000ed700000| Complete 
| 216|0x00000000ed800000, 0x00000000ed900000, 0x00000000ed900000|100%| E|CS|TAMS 0x00000000ed800000, 0x00000000ed800000| Complete 
| 217|0x00000000ed900000, 0x00000000eda00000, 0x00000000eda00000|100%| E|CS|TAMS 0x00000000ed900000, 0x00000000ed900000| Complete 
| 218|0x00000000eda00000, 0x00000000edb00000, 0x00000000edb00000|100%| E|CS|TAMS 0x00000000eda00000, 0x00000000eda00000| Complete 
| 219|0x00000000edb00000, 0x00000000edc00000, 0x00000000edc00000|100%| E|CS|TAMS 0x00000000edb00000, 0x00000000edb00000| Complete 
| 220|0x00000000edc00000, 0x00000000edd00000, 0x00000000edd00000|100%| E|CS|TAMS 0x00000000edc00000, 0x00000000edc00000| Complete 
| 221|0x00000000edd00000, 0x00000000ede00000, 0x00000000ede00000|100%| E|CS|TAMS 0x00000000edd00000, 0x00000000edd00000| Complete 
| 222|0x00000000ede00000, 0x00000000edf00000, 0x00000000edf00000|100%| E|CS|TAMS 0x00000000ede00000, 0x00000000ede00000| Complete 
| 223|0x00000000edf00000, 0x00000000ee000000, 0x00000000ee000000|100%| E|CS|TAMS 0x00000000edf00000, 0x00000000edf00000| Complete 
| 224|0x00000000ee000000, 0x00000000ee100000, 0x00000000ee100000|100%| E|CS|TAMS 0x00000000ee000000, 0x00000000ee000000| Complete 
| 225|0x00000000ee100000, 0x00000000ee200000, 0x00000000ee200000|100%| E|CS|TAMS 0x00000000ee100000, 0x00000000ee100000| Complete 
| 226|0x00000000ee200000, 0x00000000ee300000, 0x00000000ee300000|100%| E|CS|TAMS 0x00000000ee200000, 0x00000000ee200000| Complete 
| 227|0x00000000ee300000, 0x00000000ee400000, 0x00000000ee400000|100%| E|CS|TAMS 0x00000000ee300000, 0x00000000ee300000| Complete 
| 228|0x00000000ee400000, 0x00000000ee500000, 0x00000000ee500000|100%| E|CS|TAMS 0x00000000ee400000, 0x00000000ee400000| Complete 
| 229|0x00000000ee500000, 0x00000000ee600000, 0x00000000ee600000|100%| E|CS|TAMS 0x00000000ee500000, 0x00000000ee500000| Complete 
| 230|0x00000000ee600000, 0x00000000ee700000, 0x00000000ee700000|100%| E|CS|TAMS 0x00000000ee600000, 0x00000000ee600000| Complete 
| 231|0x00000000ee700000, 0x00000000ee800000, 0x00000000ee800000|100%| E|CS|TAMS 0x00000000ee700000, 0x00000000ee700000| Complete 
| 232|0x00000000ee800000, 0x00000000ee900000, 0x00000000ee900000|100%| E|CS|TAMS 0x00000000ee800000, 0x00000000ee800000| Complete 
| 233|0x00000000ee900000, 0x00000000eea00000, 0x00000000eea00000|100%| E|CS|TAMS 0x00000000ee900000, 0x00000000ee900000| Complete 
| 234|0x00000000eea00000, 0x00000000eeb00000, 0x00000000eeb00000|100%| E|CS|TAMS 0x00000000eea00000, 0x00000000eea00000| Complete 
| 235|0x00000000eeb00000, 0x00000000eec00000, 0x00000000eec00000|100%| E|CS|TAMS 0x00000000eeb00000, 0x00000000eeb00000| Complete 
| 236|0x00000000eec00000, 0x00000000eed00000, 0x00000000eed00000|100%| E|CS|TAMS 0x00000000eec00000, 0x00000000eec00000| Complete 
| 237|0x00000000eed00000, 0x00000000eee00000, 0x00000000eee00000|100%| E|CS|TAMS 0x00000000eed00000, 0x00000000eed00000| Complete 
| 238|0x00000000eee00000, 0x00000000eef00000, 0x00000000eef00000|100%| E|CS|TAMS 0x00000000eee00000, 0x00000000eee00000| Complete 
| 239|0x00000000eef00000, 0x00000000ef000000, 0x00000000ef000000|100%| E|CS|TAMS 0x00000000eef00000, 0x00000000eef00000| Complete 
| 240|0x00000000ef000000, 0x00000000ef100000, 0x00000000ef100000|100%| E|CS|TAMS 0x00000000ef000000, 0x00000000ef000000| Complete 
| 241|0x00000000ef100000, 0x00000000ef200000, 0x00000000ef200000|100%| E|CS|TAMS 0x00000000ef100000, 0x00000000ef100000| Complete 
| 242|0x00000000ef200000, 0x00000000ef300000, 0x00000000ef300000|100%| E|CS|TAMS 0x00000000ef200000, 0x00000000ef200000| Complete 
| 243|0x00000000ef300000, 0x00000000ef400000, 0x00000000ef400000|100%| E|CS|TAMS 0x00000000ef300000, 0x00000000ef300000| Complete 
| 244|0x00000000ef400000, 0x00000000ef500000, 0x00000000ef500000|100%| E|CS|TAMS 0x00000000ef400000, 0x00000000ef400000| Complete 
| 245|0x00000000ef500000, 0x00000000ef600000, 0x00000000ef600000|100%| E|CS|TAMS 0x00000000ef500000, 0x00000000ef500000| Complete 
| 246|0x00000000ef600000, 0x00000000ef700000, 0x00000000ef700000|100%| E|CS|TAMS 0x00000000ef600000, 0x00000000ef600000| Complete 
| 247|0x00000000ef700000, 0x00000000ef800000, 0x00000000ef800000|100%| E|CS|TAMS 0x00000000ef700000, 0x00000000ef700000| Complete 
| 248|0x00000000ef800000, 0x00000000ef900000, 0x00000000ef900000|100%| E|CS|TAMS 0x00000000ef800000, 0x00000000ef800000| Complete 
| 249|0x00000000ef900000, 0x00000000efa00000, 0x00000000efa00000|100%| E|CS|TAMS 0x00000000ef900000, 0x00000000ef900000| Complete 
| 250|0x00000000efa00000, 0x00000000efb00000, 0x00000000efb00000|100%| E|CS|TAMS 0x00000000efa00000, 0x00000000efa00000| Complete 
| 251|0x00000000efb00000, 0x00000000efc00000, 0x00000000efc00000|100%| E|CS|TAMS 0x00000000efb00000, 0x00000000efb00000| Complete 
| 252|0x00000000efc00000, 0x00000000efd00000, 0x00000000efd00000|100%| E|CS|TAMS 0x00000000efc00000, 0x00000000efc00000| Complete 
| 253|0x00000000efd00000, 0x00000000efe00000, 0x00000000efe00000|100%| E|CS|TAMS 0x00000000efd00000, 0x00000000efd00000| Complete 
| 254|0x00000000efe00000, 0x00000000eff00000, 0x00000000eff00000|100%| E|CS|TAMS 0x00000000efe00000, 0x00000000efe00000| Complete 
| 255|0x00000000eff00000, 0x00000000f0000000, 0x00000000f0000000|100%| E|CS|TAMS 0x00000000eff00000, 0x00000000eff00000| Complete 

Card table byte_map: [0x000001d07c150000,0x000001d07c250000] _byte_map_base: 0x000001d07ba50000

Marking Bits (Prev, Next): (CMBitMap*) 0x000001d064fafcd0, (CMBitMap*) 0x000001d064fafd10
 Prev Bits: [0x000001d07c350000, 0x000001d07cb50000)
 Next Bits: [0x000001d07cb50000, 0x000001d07d350000)

Polling page: 0x000001d062e80000

Metaspace:

Usage:
  Non-class:     93.56 MB capacity,    91.98 MB ( 98%) used,     1.41 MB (  2%) free+waste,   178.00 KB ( <1%) overhead. 
      Class:     13.72 MB capacity,    13.11 MB ( 96%) used,   552.61 KB (  4%) free+waste,    73.00 KB ( <1%) overhead. 
       Both:    107.28 MB capacity,   105.09 MB ( 98%) used,     1.95 MB (  2%) free+waste,   251.00 KB ( <1%) overhead. 

Virtual space:
  Non-class space:       94.00 MB reserved,      93.58 MB (>99%) committed 
      Class space:      248.00 MB reserved,      13.82 MB (  6%) committed 
             Both:      342.00 MB reserved,     107.40 MB ( 31%) committed 

Chunk freelists:
   Non-Class:  21.00 KB
       Class:  30.00 KB
        Both:  51.00 KB

MaxMetaspaceSize: 256.00 MB
CompressedClassSpaceSize: 248.00 MB

CodeHeap 'non-profiled nmethods': size=120000Kb used=8745Kb max_used=9336Kb free=111254Kb
 bounds [0x000001d074c20000, 0x000001d075540000, 0x000001d07c150000]
CodeHeap 'profiled nmethods': size=120000Kb used=36509Kb max_used=36509Kb free=83490Kb
 bounds [0x000001d06d6f0000, 0x000001d06faa0000, 0x000001d074c20000]
CodeHeap 'non-nmethods': size=5760Kb used=2441Kb max_used=2485Kb free=3318Kb
 bounds [0x000001d06d150000, 0x000001d06d3d0000, 0x000001d06d6f0000]
 total_blobs=18879 nmethods=17935 adapters=853
 compilation: enabled
              stopped_count=0, restarted_count=0
 full_count=0

Compilation events (20 events):
Event: 178.127 Thread 0x000001d07faa0ba0 nmethod 21752 0x000001d06f9c9390 code [0x000001d06f9c9580, 0x000001d06f9c9888]
Event: 178.127 Thread 0x000001d07faa0ba0 21762       2       com.android.tools.r8.ir.conversion.N::a (3065 bytes)
Event: 178.150 Thread 0x000001d07faa0ba0 nmethod 21762 0x000001d06f9c9a10 code [0x000001d06f9ca8e0, 0x000001d06f9d18a8]
Event: 178.150 Thread 0x000001d07faa0ba0 21776 %     3       com.android.tools.r8.ir.regalloc.a::a @ 683 (1761 bytes)
Event: 178.178 Thread 0x000001d07faa0ba0 nmethod 21776% 0x000001d06f9d5d90 code [0x000001d06f9d7300, 0x000001d06f9e7208]
Event: 178.178 Thread 0x000001d07faa0ba0 21765 %     3       com.android.tools.r8.ir.optimize.r::a @ 65 (466 bytes)
Event: 178.183 Thread 0x000001d07faa0ba0 nmethod 21765% 0x000001d06f9ec210 code [0x000001d06f9ec7e0, 0x000001d06f9f0488]
Event: 178.184 Thread 0x000001d07faa0ba0 21767 %     3       com.android.tools.r8.ir.regalloc.a::b @ 623 (1365 bytes)
Event: 178.197 Thread 0x000001d07faa0ba0 nmethod 21767% 0x000001d06f9f1410 code [0x000001d06f9f20c0, 0x000001d06f9fbc18]
Event: 178.197 Thread 0x000001d07faa0ba0 21782       2       java.util.AbstractCollection::toArray (144 bytes)
Event: 178.198 Thread 0x000001d07faa0ba0 nmethod 21782 0x000001d06f9fe590 code [0x000001d06f9fe7e0, 0x000001d06f9fef38]
Event: 178.198 Thread 0x000001d07faa0ba0 21781       3       com.android.tools.r8.ir.regalloc.h::<init> (82 bytes)
Event: 178.199 Thread 0x000001d07faa0ba0 nmethod 21781 0x000001d06f9ff210 code [0x000001d06f9ff400, 0x000001d06f9ffa48]
Event: 178.199 Thread 0x000001d07faa0ba0 21783       3       com.android.tools.r8.ir.regalloc.a::a (3992 bytes)
Event: 178.251 Thread 0x000001d07faa0ba0 nmethod 21783 0x000001d06f9ffc90 code [0x000001d06fa01d60, 0x000001d06fa17c98]
Event: 178.251 Thread 0x000001d07faa0ba0 21795       2       java.util.TimSort::countRunAndMakeAscending (128 bytes)
Event: 178.252 Thread 0x000001d07faa0ba0 nmethod 21795 0x000001d06fa1eb90 code [0x000001d06fa1ed80, 0x000001d06fa1f138]
Event: 178.252 Thread 0x000001d07faa0ba0 21786 %     3       java.util.PriorityQueue::indexOf @ 17 (43 bytes)
Event: 178.253 Thread 0x000001d07faa0ba0 nmethod 21786% 0x000001d06fa1f390 code [0x000001d06fa1f540, 0x000001d06fa1f908]
Event: 178.253 Thread 0x000001d07faa0ba0 21794 %     3       com.android.tools.r8.ir.regalloc.a::i @ 478 (610 bytes)

GC Heap History (20 events):
Event: 140.219 GC heap before
{Heap before GC invocations=15 (full 0):
 garbage-first heap   total 262144K, used 208646K [0x00000000e0000000, 0x0000000100000000)
  region size 1024K, 112 young (114688K), 10 survivors (10240K)
 Metaspace       used 94128K, capacity 95993K, committed 96156K, reserved 337920K
  class space    used 11791K, capacity 12330K, committed 12364K, reserved 253952K
}
Event: 140.247 GC heap after
{Heap after GC invocations=16 (full 0):
 garbage-first heap   total 262144K, used 111487K [0x00000000e0000000, 0x0000000100000000)
  region size 1024K, 13 young (13312K), 13 survivors (13312K)
 Metaspace       used 94128K, capacity 95993K, committed 96156K, reserved 337920K
  class space    used 11791K, capacity 12330K, committed 12364K, reserved 253952K
}
Event: 149.377 GC heap before
{Heap before GC invocations=16 (full 0):
 garbage-first heap   total 262144K, used 212863K [0x00000000e0000000, 0x0000000100000000)
  region size 1024K, 109 young (111616K), 13 survivors (13312K)
 Metaspace       used 95833K, capacity 97771K, committed 98076K, reserved 339968K
  class space    used 11841K, capacity 12367K, committed 12492K, reserved 253952K
}
Event: 149.401 GC heap after
{Heap after GC invocations=17 (full 0):
 garbage-first heap   total 262144K, used 113582K [0x00000000e0000000, 0x0000000100000000)
  region size 1024K, 8 young (8192K), 8 survivors (8192K)
 Metaspace       used 95833K, capacity 97771K, committed 98076K, reserved 339968K
  class space    used 11841K, capacity 12367K, committed 12492K, reserved 253952K
}
Event: 158.305 GC heap before
{Heap before GC invocations=17 (full 0):
 garbage-first heap   total 262144K, used 214958K [0x00000000e0000000, 0x0000000100000000)
  region size 1024K, 106 young (108544K), 8 survivors (8192K)
 Metaspace       used 96225K, capacity 98351K, committed 98588K, reserved 342016K
  class space    used 11865K, capacity 12418K, committed 12492K, reserved 253952K
}
Event: 158.335 GC heap after
{Heap after GC invocations=18 (full 0):
 garbage-first heap   total 262144K, used 119268K [0x00000000e0000000, 0x0000000100000000)
  region size 1024K, 14 young (14336K), 14 survivors (14336K)
 Metaspace       used 96225K, capacity 98351K, committed 98588K, reserved 342016K
  class space    used 11865K, capacity 12418K, committed 12492K, reserved 253952K
}
Event: 161.505 GC heap before
{Heap before GC invocations=18 (full 0):
 garbage-first heap   total 262144K, used 214500K [0x00000000e0000000, 0x0000000100000000)
  region size 1024K, 106 young (108544K), 14 survivors (14336K)
 Metaspace       used 96442K, capacity 98567K, committed 98844K, reserved 342016K
  class space    used 11871K, capacity 12426K, committed 12492K, reserved 253952K
}
Event: 161.539 GC heap after
{Heap after GC invocations=19 (full 0):
 garbage-first heap   total 262144K, used 126909K [0x00000000e0000000, 0x0000000100000000)
  region size 1024K, 12 young (12288K), 12 survivors (12288K)
 Metaspace       used 96442K, capacity 98567K, committed 98844K, reserved 342016K
  class space    used 11871K, capacity 12426K, committed 12492K, reserved 253952K
}
Event: 166.492 GC heap before
{Heap before GC invocations=19 (full 0):
 garbage-first heap   total 262144K, used 212925K [0x00000000e0000000, 0x0000000100000000)
  region size 1024K, 95 young (97280K), 12 survivors (12288K)
 Metaspace       used 96994K, capacity 99127K, committed 99356K, reserved 342016K
  class space    used 11928K, capacity 12461K, committed 12492K, reserved 253952K
}
Event: 166.501 GC heap after
{Heap after GC invocations=20 (full 0):
 garbage-first heap   total 262144K, used 122333K [0x00000000e0000000, 0x0000000100000000)
  region size 1024K, 4 young (4096K), 4 survivors (4096K)
 Metaspace       used 96994K, capacity 99127K, committed 99356K, reserved 342016K
  class space    used 11928K, capacity 12461K, committed 12492K, reserved 253952K
}
Event: 167.989 GC heap before
{Heap before GC invocations=20 (full 0):
 garbage-first heap   total 262144K, used 157149K [0x00000000e0000000, 0x0000000100000000)
  region size 1024K, 40 young (40960K), 4 survivors (4096K)
 Metaspace       used 97547K, capacity 99639K, committed 99740K, reserved 342016K
  class space    used 11986K, capacity 12525K, committed 12620K, reserved 253952K
}
Event: 168.001 GC heap after
{Heap after GC invocations=21 (full 0):
 garbage-first heap   total 262144K, used 122585K [0x00000000e0000000, 0x0000000100000000)
  region size 1024K, 7 young (7168K), 7 survivors (7168K)
 Metaspace       used 97547K, capacity 99639K, committed 99740K, reserved 342016K
  class space    used 11986K, capacity 12525K, committed 12620K, reserved 253952K
}
Event: 172.002 GC heap before
{Heap before GC invocations=22 (full 0):
 garbage-first heap   total 262144K, used 211673K [0x00000000e0000000, 0x0000000100000000)
  region size 1024K, 96 young (98304K), 7 survivors (7168K)
 Metaspace       used 98133K, capacity 100250K, committed 100380K, reserved 342016K
  class space    used 12080K, capacity 12686K, committed 12748K, reserved 253952K
}
Event: 172.017 GC heap after
{Heap after GC invocations=23 (full 0):
 garbage-first heap   total 262144K, used 122603K [0x00000000e0000000, 0x0000000100000000)
  region size 1024K, 8 young (8192K), 8 survivors (8192K)
 Metaspace       used 98133K, capacity 100250K, committed 100380K, reserved 342016K
  class space    used 12080K, capacity 12686K, committed 12748K, reserved 253952K
}
Event: 172.124 GC heap before
{Heap before GC invocations=23 (full 0):
 garbage-first heap   total 262144K, used 127723K [0x00000000e0000000, 0x0000000100000000)
  region size 1024K, 12 young (12288K), 8 survivors (8192K)
 Metaspace       used 98166K, capacity 100314K, committed 100380K, reserved 342016K
  class space    used 12086K, capacity 12686K, committed 12748K, reserved 253952K
}
Event: 172.198 GC heap after
{Heap after GC invocations=24 (full 0):
 garbage-first heap   total 262144K, used 106526K [0x00000000e0000000, 0x0000000100000000)
  region size 1024K, 1 young (1024K), 1 survivors (1024K)
 Metaspace       used 98166K, capacity 100314K, committed 100380K, reserved 342016K
  class space    used 12086K, capacity 12686K, committed 12748K, reserved 253952K
}
Event: 176.190 GC heap before
{Heap before GC invocations=24 (full 0):
 garbage-first heap   total 262144K, used 218142K [0x00000000e0000000, 0x0000000100000000)
  region size 1024K, 107 young (109568K), 1 survivors (1024K)
 Metaspace       used 101898K, capacity 104153K, committed 104220K, reserved 346112K
  class space    used 12603K, capacity 13238K, committed 13260K, reserved 253952K
}
Event: 176.217 GC heap after
{Heap after GC invocations=25 (full 0):
 garbage-first heap   total 262144K, used 125440K [0x00000000e0000000, 0x0000000100000000)
  region size 1024K, 14 young (14336K), 14 survivors (14336K)
 Metaspace       used 101898K, capacity 104153K, committed 104220K, reserved 346112K
  class space    used 12603K, capacity 13238K, committed 13260K, reserved 253952K
}
Event: 177.425 GC heap before
{Heap before GC invocations=25 (full 0):
 garbage-first heap   total 262144K, used 208384K [0x00000000e0000000, 0x0000000100000000)
  region size 1024K, 96 young (98304K), 14 survivors (14336K)
 Metaspace       used 106405K, capacity 108666K, committed 108828K, reserved 350208K
  class space    used 13319K, capacity 13953K, committed 14028K, reserved 253952K
}
Event: 177.478 GC heap after
{Heap after GC invocations=26 (full 0):
 garbage-first heap   total 262144K, used 135913K [0x00000000e0000000, 0x0000000100000000)
  region size 1024K, 12 young (12288K), 12 survivors (12288K)
 Metaspace       used 106405K, capacity 108666K, committed 108828K, reserved 350208K
  class space    used 13319K, capacity 13953K, committed 14028K, reserved 253952K
}

Deoptimization events (20 events):
Event: 178.133 Thread 0x000001d003a62e10 DEOPT PACKING pc=0x000001d06f99ee62 sp=0x00000020544fa040
Event: 178.133 Thread 0x000001d003a62e10 DEOPT UNPACKING pc=0x000001d06d19e23f sp=0x00000020544f9628 mode 0
Event: 178.184 Thread 0x000001d003a64fc0 DEOPT PACKING pc=0x000001d06ef2087a sp=0x00000020547f9dc0
Event: 178.184 Thread 0x000001d003a64fc0 DEOPT UNPACKING pc=0x000001d06d19e23f sp=0x00000020547f9290 mode 0
Event: 178.187 Thread 0x000001d003a64fc0 DEOPT PACKING pc=0x000001d06f8d25d2 sp=0x00000020547f9e40
Event: 178.187 Thread 0x000001d003a64fc0 DEOPT UNPACKING pc=0x000001d06d19e23f sp=0x00000020547f9608 mode 0
Event: 178.192 Thread 0x000001d003a64fc0 Uncommon trap: trap_request=0xffffff45 fr.pc=0x000001d074d19c58 relative=0x0000000000000058
Event: 178.192 Thread 0x000001d003a64fc0 Uncommon trap: reason=unstable_if action=reinterpret pc=0x000001d074d19c58 method=java.util.Objects.equals(Ljava/lang/Object;Ljava/lang/Object;)Z @ 6 c2
Event: 178.192 Thread 0x000001d003a64fc0 DEOPT PACKING pc=0x000001d074d19c58 sp=0x00000020547f9e20
Event: 178.192 Thread 0x000001d003a64fc0 DEOPT UNPACKING pc=0x000001d06d19e42f sp=0x00000020547f9dc0 mode 2
Event: 178.211 Thread 0x000001d003a62e10 DEOPT PACKING pc=0x000001d06f991134 sp=0x00000020544f97a0
Event: 178.211 Thread 0x000001d003a62e10 DEOPT UNPACKING pc=0x000001d06d19e23f sp=0x00000020544f8ce8 mode 0
Event: 178.219 Thread 0x000001d003a64fc0 Uncommon trap: trap_request=0xffffff76 fr.pc=0x000001d0754a8938 relative=0x0000000000001ad8
Event: 178.219 Thread 0x000001d003a64fc0 Uncommon trap: reason=predicate action=maybe_recompile pc=0x000001d0754a8938 method=java.util.TimSort.reverseRange([Ljava/lang/Object;II)V @ 5 c2
Event: 178.219 Thread 0x000001d003a64fc0 DEOPT PACKING pc=0x000001d0754a8938 sp=0x00000020547f9c30
Event: 178.219 Thread 0x000001d003a64fc0 DEOPT UNPACKING pc=0x000001d06d19e42f sp=0x00000020547f9ae0 mode 2
Event: 178.219 Thread 0x000001d003a64fc0 Uncommon trap: trap_request=0xffffff76 fr.pc=0x000001d07549997c relative=0x000000000000055c
Event: 178.219 Thread 0x000001d003a64fc0 Uncommon trap: reason=predicate action=maybe_recompile pc=0x000001d07549997c method=java.util.TimSort.reverseRange([Ljava/lang/Object;II)V @ 5 c2
Event: 178.219 Thread 0x000001d003a64fc0 DEOPT PACKING pc=0x000001d07549997c sp=0x00000020547f9b80
Event: 178.219 Thread 0x000001d003a64fc0 DEOPT UNPACKING pc=0x000001d06d19e42f sp=0x00000020547f9ad8 mode 2

Classes unloaded (1 events):
Event: 168.517 Thread 0x000001d07f9783c0 Unloading class 0x0000000801511040 'java/lang/invoke/LambdaForm$DMH+0x0000000801511040'

Classes redefined (0 events):
No events

Internal exceptions (20 events):
Event: 170.840 Thread 0x000001d002bb40c0 Exception <a 'sun/nio/fs/WindowsException'{0x00000000eaf01d60}> (0x00000000eaf01d60) 
thrown [./open/src/hotspot/share/prims/jni.cpp, line 578]
Event: 170.918 Thread 0x000001d002bb40c0 Exception <a 'sun/nio/fs/WindowsException'{0x00000000eaf0bb58}> (0x00000000eaf0bb58) 
thrown [./open/src/hotspot/share/prims/jni.cpp, line 578]
Event: 170.997 Thread 0x000001d002bb40c0 Exception <a 'sun/nio/fs/WindowsException'{0x00000000eaf1dcc8}> (0x00000000eaf1dcc8) 
thrown [./open/src/hotspot/share/prims/jni.cpp, line 578]
Event: 175.151 Thread 0x000001d003a62e10 Exception <a 'sun/nio/fs/WindowsException'{0x00000000ece24ec0}> (0x00000000ece24ec0) 
thrown [./open/src/hotspot/share/prims/jni.cpp, line 578]
Event: 175.196 Thread 0x000001d003a64fc0 Exception <a 'sun/nio/fs/WindowsException'{0x00000000eca41008}> (0x00000000eca41008) 
thrown [./open/src/hotspot/share/prims/jni.cpp, line 578]
Event: 175.469 Thread 0x000001d003a64fc0 Exception <a 'java/lang/NoSuchMethodError'{0x00000000ebedc500}: 'java.lang.Object java.lang.invoke.DirectMethodHandle$Holder.invokeStatic(java.lang.Object, java.lang.Object, java.lang.Object, java.lang.Object, java.lang.Object, java.lang.Object, java.lang.Object, java.lang.Object, java.lang.Object, java.lang.Object, java.lang.Object, java.lang.Object, java.lang.Object, java.lang.Object, java.lang.Object, java.lang.Object, java.lang.Object, int, java.lang.Object)'> (0x00000000ebedc500) 
thrown [./open/src/h
Event: 175.470 Thread 0x000001d003a64fc0 Exception <a 'java/lang/NoSuchMethodError'{0x00000000ebd015d8}: 'java.lang.Object java.lang.invoke.DirectMethodHandle$Holder.invokeStaticInit(java.lang.Object, java.lang.Object, java.lang.Object, java.lang.Object, java.lang.Object, java.lang.Object, java.lang.Object, java.lang.Object, java.lang.Object, java.lang.Object, java.lang.Object, java.lang.Object, java.lang.Object, java.lang.Object, java.lang.Object, java.lang.Object, java.lang.Object, int, java.lang.Object)'> (0x00000000ebd015d8) 
thrown [./open/s
Event: 175.830 Thread 0x000001d003a62e10 Exception <a 'java/lang/IncompatibleClassChangeError'{0x00000000ea85a390}: Found class java.lang.Object, but interface was expected> (0x00000000ea85a390) 
thrown [./open/src/hotspot/share/interpreter/linkResolver.cpp, line 848]
Event: 176.051 Thread 0x000001d003a5f920 Exception <a 'sun/nio/fs/WindowsException'{0x00000000e9a96a38}> (0x00000000e9a96a38) 
thrown [./open/src/hotspot/share/prims/jni.cpp, line 578]
Event: 176.180 Thread 0x000001d003a62e10 Exception <a 'java/lang/NoSuchMethodError'{0x00000000e95b24f0}: 'long java.lang.invoke.DirectMethodHandle$Holder.invokeStatic(java.lang.Object, java.lang.Object)'> (0x00000000e95b24f0) 
thrown [./open/src/hotspot/share/interpreter/linkResolver.cpp, line 782]
Event: 176.585 Thread 0x000001d003a62e10 Exception <a 'java/lang/NoSuchMethodError'{0x00000000ee605f08}: 'void java.lang.invoke.DirectMethodHandle$Holder.invokeStaticInit(java.lang.Object, java.lang.Object, java.lang.Object, java.lang.Object, java.lang.Object)'> (0x00000000ee605f08) 
thrown [./open/src/hotspot/share/interpreter/linkResolver.cpp, line 782]
Event: 176.585 Thread 0x000001d003a64fc0 Exception <a 'java/lang/NoSuchMethodError'{0x00000000ee9feab8}: 'void java.lang.invoke.DirectMethodHandle$Holder.invokeStaticInit(java.lang.Object, java.lang.Object, java.lang.Object, java.lang.Object, java.lang.Object)'> (0x00000000ee9feab8) 
thrown [./open/src/hotspot/share/interpreter/linkResolver.cpp, line 782]
Event: 176.646 Thread 0x000001d003a62e10 Exception <a 'java/lang/NoSuchMethodError'{0x00000000ee2549c8}: 'java.lang.Object java.lang.invoke.DirectMethodHandle$Holder.invokeStatic(java.lang.Object, int, java.lang.Object, java.lang.Object)'> (0x00000000ee2549c8) 
thrown [./open/src/hotspot/share/interpreter/linkResolver.cpp, line 782]
Event: 176.649 Thread 0x000001d003a64fc0 Exception <a 'java/lang/NoSuchMethodError'{0x00000000ee2727c0}: 'java.lang.Object java.lang.invoke.DirectMethodHandle$Holder.invokeStatic(java.lang.Object, int, java.lang.Object, java.lang.Object)'> (0x00000000ee2727c0) 
thrown [./open/src/hotspot/share/interpreter/linkResolver.cpp, line 782]
Event: 176.697 Thread 0x000001d003a62e10 Exception <a 'java/lang/NoSuchMethodError'{0x00000000ee17b378}: 'void java.lang.invoke.DirectMethodHandle$Holder.invokeSpecial(java.lang.Object, java.lang.Object, int, java.lang.Object)'> (0x00000000ee17b378) 
thrown [./open/src/hotspot/share/interpreter/linkResolver.cpp, line 782]
Event: 176.836 Thread 0x000001d003a62e10 Exception <a 'java/lang/NoSuchMethodError'{0x00000000ed63cb90}: 'java.lang.Object java.lang.invoke.DirectMethodHandle$Holder.invokeVirtual(java.lang.Object, java.lang.Object, int, java.lang.Object)'> (0x00000000ed63cb90) 
thrown [./open/src/hotspot/share/interpreter/linkResolver.cpp, line 782]
Event: 176.836 Thread 0x000001d003a64fc0 Exception <a 'java/lang/NoSuchMethodError'{0x00000000ed7cc950}: 'java.lang.Object java.lang.invoke.DirectMethodHandle$Holder.invokeVirtual(java.lang.Object, java.lang.Object, int, java.lang.Object)'> (0x00000000ed7cc950) 
thrown [./open/src/hotspot/share/interpreter/linkResolver.cpp, line 782]
Event: 176.867 Thread 0x000001d003a62e10 Exception <a 'java/lang/NoSuchMethodError'{0x00000000ed42f730}: 'void java.lang.invoke.DirectMethodHandle$Holder.invokeVirtual(java.lang.Object, java.lang.Object, int, java.lang.Object)'> (0x00000000ed42f730) 
thrown [./open/src/hotspot/share/interpreter/linkResolver.cpp, line 782]
Event: 176.976 Thread 0x000001d003a64fc0 Exception <a 'java/lang/NoSuchMethodError'{0x00000000ed0e1f10}: 'int java.lang.invoke.DirectMethodHandle$Holder.invokeSpecial(java.lang.Object, java.lang.Object, java.lang.Object, int)'> (0x00000000ed0e1f10) 
thrown [./open/src/hotspot/share/interpreter/linkResolver.cpp, line 782]
Event: 177.790 Thread 0x000001d003a5f920 Exception <a 'java/lang/NoSuchMethodError'{0x00000000eea89ba0}: 'java.lang.Object java.lang.invoke.DirectMethodHandle$Holder.invokeInterface(java.lang.Object, java.lang.Object, int)'> (0x00000000eea89ba0) 
thrown [./open/src/hotspot/share/interpreter/linkResolver.cpp, line 782]

Events (20 events):
Event: 177.357 Executing VM operation: ICBufferFull
Event: 177.357 Executing VM operation: ICBufferFull done
Event: 177.357 Executing VM operation: HandshakeAllThreads
Event: 177.379 Executing VM operation: HandshakeAllThreads done
Event: 177.425 Executing VM operation: G1CollectForAllocation
Event: 177.481 Executing VM operation: G1CollectForAllocation done
Event: 177.641 Executing VM operation: ICBufferFull
Event: 177.653 Executing VM operation: ICBufferFull done
Event: 177.653 Executing VM operation: HandshakeAllThreads
Event: 177.663 Executing VM operation: HandshakeAllThreads done
Event: 177.801 Executing VM operation: ICBufferFull
Event: 177.820 Executing VM operation: ICBufferFull done
Event: 177.903 Executing VM operation: ICBufferFull
Event: 177.903 Executing VM operation: ICBufferFull done
Event: 177.947 Executing VM operation: ICBufferFull
Event: 177.948 Executing VM operation: ICBufferFull done
Event: 178.042 Executing VM operation: ICBufferFull
Event: 178.069 Executing VM operation: ICBufferFull done
Event: 178.255 Executing VM operation: ICBufferFull
Event: 178.264 Executing VM operation: ICBufferFull done


Dynamic libraries:
0x00007ff6596f0000 - 0x00007ff6596ff000 	C:\Program Files\Java\jdk-15.0.1\bin\java.exe
0x00007ffc50c50000 - 0x00007ffc50e45000 	C:\WINDOWS\SYSTEM32\ntdll.dll
0x00007ffc23120000 - 0x00007ffc23133000 	C:\Program Files\Avast Software\Avast\aswhook.dll
0x00007ffc50880000 - 0x00007ffc5093d000 	C:\WINDOWS\System32\KERNEL32.DLL
0x00007ffc4e7a0000 - 0x00007ffc4ea68000 	C:\WINDOWS\System32\KERNELBASE.dll
0x00007ffc4ea70000 - 0x00007ffc4eb70000 	C:\WINDOWS\System32\ucrtbase.dll
0x00007ffc45e10000 - 0x00007ffc45e29000 	C:\Program Files\Java\jdk-15.0.1\bin\VCRUNTIME140.dll
0x00007ffc491a0000 - 0x00007ffc491b8000 	C:\Program Files\Java\jdk-15.0.1\bin\jli.dll
0x00007ffc50940000 - 0x00007ffc509ec000 	C:\WINDOWS\System32\ADVAPI32.dll
0x00007ffc50620000 - 0x00007ffc506be000 	C:\WINDOWS\System32\msvcrt.dll
0x00007ffc503e0000 - 0x00007ffc5047b000 	C:\WINDOWS\System32\sechost.dll
0x00007ffc4fa00000 - 0x00007ffc4fb2b000 	C:\WINDOWS\System32\RPCRT4.dll
0x00007ffc4f360000 - 0x00007ffc4f500000 	C:\WINDOWS\System32\USER32.dll
0x00007ffc4ec00000 - 0x00007ffc4ec22000 	C:\WINDOWS\System32\win32u.dll
0x00007ffc4d7b0000 - 0x00007ffc4da4a000 	C:\WINDOWS\WinSxS\amd64_microsoft.windows.common-controls_6595b64144ccf1df_6.0.19041.1052_none_60b8f8fd71f5e8cb\COMCTL32.dll
0x00007ffc4f980000 - 0x00007ffc4f9aa000 	C:\WINDOWS\System32\GDI32.dll
0x00007ffc4e4f0000 - 0x00007ffc4e5fb000 	C:\WINDOWS\System32\gdi32full.dll
0x00007ffc4e600000 - 0x00007ffc4e69d000 	C:\WINDOWS\System32\msvcp_win.dll
0x00007ffc4d6f0000 - 0x00007ffc4d6fa000 	C:\WINDOWS\SYSTEM32\VERSION.dll
0x00007ffc4f9b0000 - 0x00007ffc4f9e0000 	C:\WINDOWS\System32\IMM32.DLL
0x00007ffc4d700000 - 0x00007ffc4d736000 	C:\WINDOWS\system32\DriverStore\FileRepository\nvaci.inf_amd64_f658c3ebd2a88192\nvinitx.dll
0x00007ffc4fca0000 - 0x00007ffc503df000 	C:\WINDOWS\System32\Shell32.dll
0x00007ffc4b6c0000 - 0x00007ffc4be50000 	C:\WINDOWS\SYSTEM32\windows.storage.dll
0x00007ffc4f620000 - 0x00007ffc4f975000 	C:\WINDOWS\System32\combase.dll
0x00007ffc4d6c0000 - 0x00007ffc4d6ec000 	C:\WINDOWS\SYSTEM32\Wldp.dll
0x00007ffc506c0000 - 0x00007ffc5076e000 	C:\WINDOWS\System32\SHCORE.dll
0x00007ffc509f0000 - 0x00007ffc50a45000 	C:\WINDOWS\System32\shlwapi.dll
0x00000000667d0000 - 0x00000000667d6000 	C:\Program Files\NVIDIA Corporation\CoProcManager\_etoured.dll
0x00007ffc42260000 - 0x00007ffc422a3000 	C:\Program Files\NVIDIA Corporation\CoProcManager\nvd3d9wrapx.dll
0x00007ffc4ee70000 - 0x00007ffc4f2d9000 	C:\WINDOWS\System32\SETUPAPI.dll
0x00007ffc4e750000 - 0x00007ffc4e79e000 	C:\WINDOWS\System32\cfgmgr32.dll
0x00007ffc4eb70000 - 0x00007ffc4eb97000 	C:\WINDOWS\System32\bcrypt.dll
0x00007ffc45bc0000 - 0x00007ffc45bed000 	C:\Program Files\NVIDIA Corporation\CoProcManager\nvdxgiwrapx.dll
0x00007ffc4c030000 - 0x00007ffc4c03c000 	C:\Program Files\Java\jdk-15.0.1\bin\vcruntime140_1.dll
0x00007ffc28410000 - 0x00007ffc284a1000 	C:\Program Files\Java\jdk-15.0.1\bin\msvcp140.dll
0x00007ffc11dc0000 - 0x00007ffc1291e000 	C:\Program Files\Java\jdk-15.0.1\bin\server\jvm.dll
0x00007ffc4f350000 - 0x00007ffc4f358000 	C:\WINDOWS\System32\PSAPI.DLL
0x00007ffc3f840000 - 0x00007ffc3f867000 	C:\WINDOWS\SYSTEM32\WINMM.dll
0x00007ffc3c660000 - 0x00007ffc3c669000 	C:\WINDOWS\SYSTEM32\WSOCK32.dll
0x00007ffc50480000 - 0x00007ffc504eb000 	C:\WINDOWS\System32\WS2_32.dll
0x00007ffc4b4c0000 - 0x00007ffc4b4d2000 	C:\WINDOWS\SYSTEM32\kernel.appcore.dll
0x00007ffc48490000 - 0x00007ffc4849a000 	C:\Program Files\Java\jdk-15.0.1\bin\jimage.dll
0x00007ffc4ddc0000 - 0x00007ffc4dfa4000 	C:\WINDOWS\SYSTEM32\DBGHELP.DLL
0x00007ffc4dd10000 - 0x00007ffc4dd3c000 	C:\WINDOWS\SYSTEM32\dbgcore.DLL
0x00007ffc4ec30000 - 0x00007ffc4ecb3000 	C:\WINDOWS\System32\bcryptPrimitives.dll
0x00007ffc3e980000 - 0x00007ffc3e9a5000 	C:\Program Files\Java\jdk-15.0.1\bin\java.dll
0x00007ffc4e2d0000 - 0x00007ffc4e2ef000 	C:\WINDOWS\SYSTEM32\profapi.dll
0x00007ffc45cc0000 - 0x00007ffc45cd9000 	C:\Program Files\Java\jdk-15.0.1\bin\net.dll
0x00007ffc43fa0000 - 0x00007ffc440ab000 	C:\WINDOWS\SYSTEM32\WINHTTP.dll
0x00007ffc4d270000 - 0x00007ffc4d2da000 	C:\WINDOWS\system32\mswsock.dll
0x00007ffc40a20000 - 0x00007ffc40a32000 	C:\Program Files\Java\jdk-15.0.1\bin\nio.dll
0x00007ffc385d0000 - 0x00007ffc385e8000 	C:\Program Files\Java\jdk-15.0.1\bin\zip.dll
0x00007ffc46ba0000 - 0x00007ffc46bb0000 	C:\Program Files\Java\jdk-15.0.1\bin\verify.dll
0x00007ffc382d0000 - 0x00007ffc382f6000 	C:\Users\nouas\.gradle\native\fdc75f09e3144964f2cf3f50f0aa648679c211496f362492102eb8c894070792\windows-amd64\native-platform.dll
0x00007ffc20630000 - 0x00007ffc207c1000 	C:\Users\nouas\.gradle\native\12488b8bf47d2d4c9fbf2f6322a914ad602e24e48041cd04a747c6da556b65c4\windows-amd64\native-platform-file-events.dll
0x00007ffc3e210000 - 0x00007ffc3e219000 	C:\Program Files\Java\jdk-15.0.1\bin\management.dll
0x00007ffc381c0000 - 0x00007ffc381cb000 	C:\Program Files\Java\jdk-15.0.1\bin\management_ext.dll
0x00007ffc4e120000 - 0x00007ffc4e138000 	C:\WINDOWS\SYSTEM32\CRYPTSP.dll
0x00007ffc4cd90000 - 0x00007ffc4cdc4000 	C:\WINDOWS\system32\rsaenh.dll
0x00007ffc4e290000 - 0x00007ffc4e2be000 	C:\WINDOWS\SYSTEM32\USERENV.dll
0x00007ffc4d490000 - 0x00007ffc4d49c000 	C:\WINDOWS\SYSTEM32\CRYPTBASE.dll
0x00007ffc4d2e0000 - 0x00007ffc4d31b000 	C:\WINDOWS\SYSTEM32\IPHLPAPI.DLL
0x00007ffc50c00000 - 0x00007ffc50c08000 	C:\WINDOWS\System32\NSI.dll
0x00007ffc43710000 - 0x00007ffc43727000 	C:\WINDOWS\SYSTEM32\dhcpcsvc6.DLL
0x00007ffc44480000 - 0x00007ffc4449d000 	C:\WINDOWS\SYSTEM32\dhcpcsvc.DLL
0x00007ffc4d0c0000 - 0x00007ffc4d18c000 	C:\WINDOWS\SYSTEM32\DNSAPI.dll
0x00007ffc451e0000 - 0x00007ffc451eb000 	C:\WINDOWS\SYSTEM32\WINNSI.DLL
0x00007ffc4e0e0000 - 0x00007ffc4e113000 	C:\WINDOWS\SYSTEM32\ntmarta.dll

dbghelp: loaded successfully - version: 4.0.5 - missing functions: none
symbol engine: initialized successfully - sym options: 0x614 - pdb path: .;C:\Program Files\Java\jdk-15.0.1\bin;C:\WINDOWS\SYSTEM32;C:\Program Files\Avast Software\Avast;C:\WINDOWS\WinSxS\amd64_microsoft.windows.common-controls_6595b64144ccf1df_6.0.19041.1052_none_60b8f8fd71f5e8cb;C:\WINDOWS\system32\DriverStore\FileRepository\nvaci.inf_amd64_f658c3ebd2a88192;C:\Program Files\NVIDIA Corporation\CoProcManager;C:\Program Files\Java\jdk-15.0.1\bin\server;C:\Users\nouas\.gradle\native\fdc75f09e3144964f2cf3f50f0aa648679c211496f362492102eb8c894070792\windows-amd64;C:\Users\nouas\.gradle\native\12488b8bf47d2d4c9fbf2f6322a914ad602e24e48041cd04a747c6da556b65c4\windows-amd64

VM Arguments:
jvm_args: --add-opens=java.base/java.util=ALL-UNNAMED --add-opens=java.base/java.lang=ALL-UNNAMED --add-opens=java.base/java.lang.invoke=ALL-UNNAMED --add-opens=java.prefs/java.util.prefs=ALL-UNNAMED -XX:MaxMetaspaceSize=256m -XX:+HeapDumpOnOutOfMemoryError -Xms256m -Xmx512m -Dfile.encoding=windows-1252 -Duser.country=US -Duser.language=en -Duser.variant 
java_command: org.gradle.launcher.daemon.bootstrap.GradleDaemon 6.7
java_class_path (initial): C:\Users\nouas\.gradle\wrapper\dists\gradle-6.7-all\cuy9mc7upwgwgeb72wkcrupxe\gradle-6.7\lib\gradle-launcher-6.7.jar
Launcher Type: SUN_STANDARD

[Global flags]
     intx CICompilerCount                          = 3                                         {product} {ergonomic}
   size_t CompressedClassSpaceSize                 = 260046848                                 {product} {ergonomic}
     uint ConcGCThreads                            = 1                                         {product} {ergonomic}
     uint G1ConcRefinementThreads                  = 4                                         {product} {ergonomic}
   size_t G1HeapRegionSize                         = 1048576                                   {product} {ergonomic}
    uintx GCDrainStackTargetSize                   = 64                                        {product} {ergonomic}
     bool HeapDumpOnOutOfMemoryError               = true                                   {manageable} {command line}
   size_t InitialHeapSize                          = 268435456                                 {product} {command line}
   size_t MarkStackSize                            = 4194304                                   {product} {ergonomic}
   size_t MaxHeapSize                              = 536870912                                 {product} {command line}
   size_t MaxMetaspaceSize                         = 268435456                                 {product} {command line}
   size_t MaxNewSize                               = 321912832                                 {product} {ergonomic}
   size_t MinHeapDeltaBytes                        = 1048576                                   {product} {ergonomic}
   size_t MinHeapSize                              = 268435456                                 {product} {command line}
    uintx NonNMethodCodeHeapSize                   = 5832780                                {pd product} {ergonomic}
    uintx NonProfiledCodeHeapSize                  = 122912730                              {pd product} {ergonomic}
    uintx ProfiledCodeHeapSize                     = 122912730                              {pd product} {ergonomic}
    uintx ReservedCodeCacheSize                    = 251658240                              {pd product} {ergonomic}
     bool SegmentedCodeCache                       = true                                      {product} {ergonomic}
   size_t SoftMaxHeapSize                          = 536870912                              {manageable} {ergonomic}
     bool UseCompressedClassPointers               = true                                 {lp64_product} {ergonomic}
     bool UseCompressedOops                        = true                                 {lp64_product} {ergonomic}
     bool UseG1GC                                  = true                                      {product} {ergonomic}
     bool UseLargePagesIndividualAllocation        = false                                  {pd product} {ergonomic}

Logging:
Log output configuration:
 #0: stdout all=warning uptime,level,tags
 #1: stderr all=off uptime,level,tags

Environment Variables:
CLASSPATH=C:\Users\nouas\Desktop\Alaa Work And Studies\Projects\Mobile Projects\React-native\testProject\android\\gradle\wrapper\gradle-wrapper.jar
PATH=C:\oraclexe\app\oracle\product\11.2.0\server\bin;C:\Program Files\Microsoft MPI\Bin\;C:\Program Files\Common Files\Oracle\Java\javapath;C:\Windows\system32;C:\Windows;C:\Windows\System32\Wbem;C:\Windows\System32\WindowsPowerShell\v1.0\;C:\Program Files\nodejs\;C:\Program Files\dotnet\;C:\Program Files\Microsoft SQL Server\130\Tools\Binn\;C:\Program Files\Microsoft SQL Server\Client SDK\ODBC\170\Tools\Binn\;C:\Program Files (x86)\Microsoft SQL Server\150\DTS\Binn\;C:\Program Files\Azure Data Studio\bin;C:\Program Files (x86)\Microsoft SQL Server\150\Tools\Binn\;C:\Program Files\Microsoft SQL Server\150\Tools\Binn\;C:\Program Files\Microsoft SQL Server\150\DTS\Binn\;C:\Program Files (x86)\NVIDIA Corporation\PhysX\Common;C:\WINDOWS\system32;C:\WINDOWS;C:\WINDOWS\System32\Wbem;C:\WINDOWS\System32\WindowsPowerShell\v1.0\;C:\WINDOWS\System32\OpenSSH\;C:\Programme\gtk\bin;C:\ProgramData\ComposerSetup\bin;C:\Program Files\Git\cmd;C:\Users\nouas\AppData\Local\Microsoft\WindowsApps;C:\Users\nouas\AppData\Local\Programs\Microsoft VS Code\bin;C:\Users\nouas\AppData\Roaming\npm;C:\Users\nouas\.dotnet\tools;C:\Program Files\Azure Data Studio\bin;C:\xampp\php;C:\Users\nouas\AppData\Roaming\Composer\vendor\bin;C:\Users\nouas\AppData\Local\Android\Sdk\platform-tools;
USERNAME=nouas
OS=Windows_NT
PROCESSOR_IDENTIFIER=Intel64 Family 6 Model 42 Stepping 7, GenuineIntel



---------------  S Y S T E M  ---------------

OS:
 Windows 10 , 64 bit Build 19041 (10.0.19041.1023)
OS uptime: 0 days 7:34 hours

CPU: total 4 (initial active 4) (2 cores per cpu, 2 threads per core) family 6 model 42 stepping 7 microcode 0x2f, cmov, cx8, fxsr, mmx, sse, sse2, sse3, ssse3, sse4.1, sse4.2, popcnt, vzeroupper, avx, clmul, ht, tsc, tscinvbit, clflush

Memory: 4k page, system-wide physical 8008M (115M free)
TotalPageFile size 10853M (AvailPageFile size 5M)
current process WorkingSet (physical memory assigned to process): 599M, peak: 599M
current process commit charge ("private bytes"): 653M, peak: 654M

vm_info: Java HotSpot(TM) 64-Bit Server VM (15.0.1+9-18) for windows-amd64 JRE (15.0.1+9-18), built on Sep 15 2020 14:43:54 by "mach5one" with unknown MS VC++:1925

END.
