#
# There is insufficient memory for the Java Runtime Environment to continue.
# Native memory allocation (malloc) failed to allocate 1212976 bytes for Chunk::new
# Possible reasons:
#   The system is out of physical RAM or swap space
#   The process is running with CompressedOops enabled, and the Java Heap may be blocking the growth of the native heap
# Possible solutions:
#   Reduce memory load on the system
#   Increase physical memory or swap space
#   Check if swap backing store is full
#   Decrease Java heap size (-Xmx/-Xms)
#   Decrease number of Java threads
#   Decrease Java thread stack sizes (-Xss)
#   Set larger code cache with -XX:ReservedCodeCacheSize=
#   JVM is running with Unscaled Compressed Oops mode in which the Java heap is
#     placed in the first 4GB address space. The Java Heap base address is the
#     maximum limit for the native heap growth. Please use -XX:HeapBaseMinAddress
#     to set the Java Heap base and to place the Java Heap above 4GB virtual address.
# This output file may be truncated or incomplete.
#
#  Out of Memory Error (./open/src/hotspot/share/memory/arena.cpp:195), pid=17980, tid=18100
#
# JRE version: Java(TM) SE Runtime Environment (15.0.1+9) (build 15.0.1+9-18)
# Java VM: Java HotSpot(TM) 64-Bit Server VM (15.0.1+9-18, mixed mode, sharing, tiered, compressed oops, g1 gc, windows-amd64)
# No core dump will be written. Minidumps are not enabled by default on client versions of Windows
#

---------------  S U M M A R Y ------------

Command Line: --add-opens=java.base/java.util=ALL-UNNAMED --add-opens=java.base/java.lang=ALL-UNNAMED --add-opens=java.base/java.lang.invoke=ALL-UNNAMED --add-opens=java.prefs/java.util.prefs=ALL-UNNAMED -XX:MaxMetaspaceSize=256m -XX:+HeapDumpOnOutOfMemoryError -Xms256m -Xmx512m -Dfile.encoding=windows-1252 -Duser.country=US -Duser.language=en -Duser.variant org.gradle.launcher.daemon.bootstrap.GradleDaemon 6.7

Host: Intel(R) Core(TM) i3-2348M CPU @ 2.30GHz, 4 cores, 7G,  Windows 10 , 64 bit Build 19041 (10.0.19041.1023)
Time: Fri Jun 11 12:34:47 2021 Morocco Daylight Time elapsed time: 13.335461 seconds (0d 0h 0m 13s)

---------------  T H R E A D  ---------------

Current thread (0x000001b31b7427d0):  JavaThread "C2 CompilerThread0" daemon [_thread_in_native, id=18100, stack(0x0000008d33700000,0x0000008d33800000)]


Current CompileTask:
C2:  13336 3314       4       org.codehaus.groovy.reflection.CachedMethod::compareToCachedMethod (160 bytes)

Stack: [0x0000008d33700000,0x0000008d33800000]
Native frames: (J=compiled Java code, j=interpreted, Vv=VM code, C=native code)
V  [jvm.dll+0x62ae9a]
V  [jvm.dll+0x781389]
V  [jvm.dll+0x782ae3]
V  [jvm.dll+0x783143]
V  [jvm.dll+0x216265]
V  [jvm.dll+0x97efa]
V  [jvm.dll+0x985dc]
V  [jvm.dll+0x32e4c8]
V  [jvm.dll+0x2f78aa]
V  [jvm.dll+0x2f6c6a]
V  [jvm.dll+0x1ea645]
V  [jvm.dll+0x1e98ae]
V  [jvm.dll+0x1784c7]
V  [jvm.dll+0x1f9165]
V  [jvm.dll+0x1f720c]
V  [jvm.dll+0x74485d]
V  [jvm.dll+0x73d65a]
V  [jvm.dll+0x629c56]
C  [ucrtbase.dll+0x21bb2]
C  [KERNEL32.DLL+0x17034]
C  [ntdll.dll+0x52651]


---------------  P R O C E S S  ---------------

Threads class SMR info:
_java_thread_list=0x000001b31f6bdb30, length=31, elements={
0x000001b37f7c9480, 0x000001b31b7246b0, 0x000001b31b727290, 0x000001b31b7403e0,
0x000001b31b740e90, 0x000001b31b741940, 0x000001b31b7427d0, 0x000001b31b744290,
0x000001b31b7691e0, 0x000001b31c100210, 0x000001b31c110da0, 0x000001b31d911a30,
0x000001b31d9123d0, 0x000001b31d9128a0, 0x000001b31d912d70, 0x000001b31d911560,
0x000001b31d911f00, 0x000001b31c019320, 0x000001b31c017fe0, 0x000001b31c016300,
0x000001b31c018e50, 0x000001b31c014150, 0x000001b31c0184b0, 0x000001b31c017170,
0x000001b31c014620, 0x000001b31c012940, 0x000001b31c014fc0, 0x000001b31c015490,
0x000001b31c015960, 0x000001b31d5f40b0, 0x000001b31d5ef3b0
}

Java Threads: ( => current thread )
  0x000001b37f7c9480 JavaThread "main" [_thread_blocked, id=19124, stack(0x0000008d32b00000,0x0000008d32c00000)]
  0x000001b31b7246b0 JavaThread "Reference Handler" daemon [_thread_blocked, id=17480, stack(0x0000008d33200000,0x0000008d33300000)]
  0x000001b31b727290 JavaThread "Finalizer" daemon [_thread_blocked, id=18144, stack(0x0000008d33300000,0x0000008d33400000)]
  0x000001b31b7403e0 JavaThread "Signal Dispatcher" daemon [_thread_blocked, id=17548, stack(0x0000008d33400000,0x0000008d33500000)]
  0x000001b31b740e90 JavaThread "Attach Listener" daemon [_thread_blocked, id=14616, stack(0x0000008d33500000,0x0000008d33600000)]
  0x000001b31b741940 JavaThread "Service Thread" daemon [_thread_blocked, id=14492, stack(0x0000008d33600000,0x0000008d33700000)]
=>0x000001b31b7427d0 JavaThread "C2 CompilerThread0" daemon [_thread_in_native, id=18100, stack(0x0000008d33700000,0x0000008d33800000)]
  0x000001b31b744290 JavaThread "C1 CompilerThread0" daemon [_thread_blocked, id=3080, stack(0x0000008d33800000,0x0000008d33900000)]
  0x000001b31b7691e0 JavaThread "Sweeper thread" daemon [_thread_blocked, id=17508, stack(0x0000008d33900000,0x0000008d33a00000)]
  0x000001b31c100210 JavaThread "Common-Cleaner" daemon [_thread_blocked, id=16784, stack(0x0000008d33a00000,0x0000008d33b00000)]
  0x000001b31c110da0 JavaThread "Notification Thread" daemon [_thread_blocked, id=18232, stack(0x0000008d33b00000,0x0000008d33c00000)]
  0x000001b31d911a30 JavaThread "Daemon health stats" [_thread_blocked, id=18976, stack(0x0000008d34100000,0x0000008d34200000)]
  0x000001b31d9123d0 JavaThread "Incoming local TCP Connector on port 52621" [_thread_in_native, id=18988, stack(0x0000008d34400000,0x0000008d34500000)]
  0x000001b31d9128a0 JavaThread "Daemon periodic checks" [_thread_blocked, id=19156, stack(0x0000008d34500000,0x0000008d34600000)]
  0x000001b31d912d70 JavaThread "Daemon" [_thread_blocked, id=18968, stack(0x0000008d34600000,0x0000008d34700000)]
  0x000001b31d911560 JavaThread "Handler for socket connection from /127.0.0.1:52621 to /127.0.0.1:52622" [_thread_in_native, id=18964, stack(0x0000008d34700000,0x0000008d34800000)]
  0x000001b31d911f00 JavaThread "Cancel handler" [_thread_blocked, id=18960, stack(0x0000008d34800000,0x0000008d34900000)]
  0x000001b31c019320 JavaThread "Daemon worker" [_thread_in_native, id=18956, stack(0x0000008d34900000,0x0000008d34a00000)]
  0x000001b31c017fe0 JavaThread "Asynchronous log dispatcher for DefaultDaemonConnection: socket connection from /127.0.0.1:52621 to /127.0.0.1:52622" [_thread_blocked, id=19144, stack(0x0000008d34a00000,0x0000008d34b00000)]
  0x000001b31c016300 JavaThread "Stdin handler" [_thread_blocked, id=18940, stack(0x0000008d34b00000,0x0000008d34c00000)]
  0x000001b31c018e50 JavaThread "Thread-8" [_thread_blocked, id=18936, stack(0x0000008d34c00000,0x0000008d34d00000)]
  0x000001b31c014150 JavaThread "Cache worker for file hash cache (C:\Users\nouas\.gradle\caches\6.7\fileHashes)" [_thread_blocked, id=4764, stack(0x0000008d34d00000,0x0000008d34e00000)]
  0x000001b31c0184b0 JavaThread "File lock request listener" [_thread_in_native, id=17892, stack(0x0000008d34e00000,0x0000008d34f00000)]
  0x000001b31c017170 JavaThread "Cache worker for journal cache (C:\Users\nouas\.gradle\caches\journal-1)" [_thread_blocked, id=18412, stack(0x0000008d34f00000,0x0000008d35000000)]
  0x000001b31c014620 JavaThread "Cache worker for file hash cache (C:\Users\nouas\Desktop\Alaa Work And Studies\Projects\Mobile Projects\React-native\testProject\android\.gradle\6.7\fileHashes)" [_thread_blocked, id=7460, stack(0x0000008d35000000,0x0000008d35100000)]
  0x000001b31c012940 JavaThread "Cache worker for checksums cache (C:\Users\nouas\Desktop\Alaa Work And Studies\Projects\Mobile Projects\React-native\testProject\android\.gradle\checksums)" [_thread_blocked, id=16984, stack(0x0000008d35100000,0x0000008d35200000)]
  0x000001b31c014fc0 JavaThread "Cache worker for cache directory md-supplier (C:\Users\nouas\.gradle\caches\6.7\md-supplier)" [_thread_blocked, id=17928, stack(0x0000008d35200000,0x0000008d35300000)]
  0x000001b31c015490 JavaThread "Cache worker for cache directory md-rule (C:\Users\nouas\.gradle\caches\6.7\md-rule)" [_thread_blocked, id=13644, stack(0x0000008d35300000,0x0000008d35400000)]
  0x000001b31c015960 JavaThread "Cache worker for execution history cache (C:\Users\nouas\.gradle\caches\6.7\executionHistory)" [_thread_blocked, id=3400, stack(0x0000008d35400000,0x0000008d35500000)]
  0x000001b31d5f40b0 JavaThread "jar transforms" [_thread_blocked, id=18360, stack(0x0000008d35500000,0x0000008d35600000)]
  0x000001b31d5ef3b0 JavaThread "Cache worker for file content cache (C:\Users\nouas\.gradle\caches\6.7\fileContent)" [_thread_blocked, id=18000, stack(0x0000008d35600000,0x0000008d35700000)]

Other Threads:
  0x000001b31b71be20 VMThread "VM Thread" [stack: 0x0000008d33100000,0x0000008d33200000] [id=16408]
  0x000001b31c111270 WatcherThread [stack: 0x0000008d33c00000,0x0000008d33d00000] [id=19304]
  0x000001b37f7efec0 GCTaskThread "GC Thread#0" [stack: 0x0000008d32c00000,0x0000008d32d00000] [id=19120]
  0x000001b31c5b49c0 GCTaskThread "GC Thread#1" [stack: 0x0000008d33d00000,0x0000008d33e00000] [id=19188]
  0x000001b31c5b2380 GCTaskThread "GC Thread#2" [stack: 0x0000008d33e00000,0x0000008d33f00000] [id=19164]
  0x000001b31c5b19f0 GCTaskThread "GC Thread#3" [stack: 0x0000008d33f00000,0x0000008d34000000] [id=19208]
  0x000001b37f7f5010 ConcurrentGCThread "G1 Main Marker" [stack: 0x0000008d32d00000,0x0000008d32e00000] [id=19116]
  0x000001b37f7f5c00 ConcurrentGCThread "G1 Conc#0" [stack: 0x0000008d32e00000,0x0000008d32f00000] [id=19128]
  0x000001b37f82e5d0 ConcurrentGCThread "G1 Refine#0" [stack: 0x0000008d32f00000,0x0000008d33000000] [id=19112]
  0x000001b31c8f2160 ConcurrentGCThread "G1 Refine#1" [stack: 0x0000008d34000000,0x0000008d34100000] [id=19212]
  0x000001b31b64b140 ConcurrentGCThread "G1 Young RemSet Sampling" [stack: 0x0000008d33000000,0x0000008d33100000] [id=19060]

Threads with active compile tasks:
C2 CompilerThread0    13499 3314       4       org.codehaus.groovy.reflection.CachedMethod::compareToCachedMethod (160 bytes)

VM state: not at safepoint (normal execution)

VM Mutex/Monitor currently owned by a thread: None

Heap address: 0x00000000e0000000, size: 512 MB, Compressed Oops mode: 32-bit
CDS archive(s) mapped at: [0x0000000800000000-0x0000000800b50000-0x0000000800b50000), size 11862016, SharedBaseAddress: 0x0000000800000000, ArchiveRelocationMode: 0.
Compressed class space mapped at: 0x0000000800b50000-0x0000000810350000, size: 260046848
Narrow klass base: 0x0000000800000000, Narrow klass shift: 3, Narrow klass range: 0x100000000

GC Precious Log:
 CPUs: 4 total, 4 available
 Memory: 8008M
 Large Page Support: Disabled
 NUMA Support: Disabled
 Compressed Oops: Enabled (32-bit)
 Heap Region Size: 1M
 Heap Min Capacity: 256M
 Heap Initial Capacity: 256M
 Heap Max Capacity: 512M
 Pre-touch: Disabled
 Parallel Workers: 4
 Concurrent Workers: 1
 Concurrent Refinement Workers: 4
 Periodic GC: Disabled

Heap:
 garbage-first heap   total 262144K, used 77487K [0x00000000e0000000, 0x0000000100000000)
  region size 1024K, 66 young (67584K), 10 survivors (10240K)
 Metaspace       used 32297K, capacity 32853K, committed 32944K, reserved 282624K
  class space    used 4181K, capacity 4350K, committed 4352K, reserved 253952K

Heap Regions: E=young(eden), S=young(survivor), O=old, HS=humongous(starts), HC=humongous(continues), CS=collection set, F=free, OA=open archive, CA=closed archive, TAMS=top-at-mark-start (previous, next)
|   0|0x00000000e0000000, 0x00000000e0100000, 0x00000000e0100000|100%| O|  |TAMS 0x00000000e0100000, 0x00000000e0000000| Untracked 
|   1|0x00000000e0100000, 0x00000000e0200000, 0x00000000e0200000|100%| O|  |TAMS 0x00000000e0200000, 0x00000000e0100000| Untracked 
|   2|0x00000000e0200000, 0x00000000e0300000, 0x00000000e0300000|100%| O|  |TAMS 0x00000000e0300000, 0x00000000e0200000| Untracked 
|   3|0x00000000e0300000, 0x00000000e0400000, 0x00000000e0400000|100%|HS|  |TAMS 0x00000000e0400000, 0x00000000e0300000| Complete 
|   4|0x00000000e0400000, 0x00000000e0500000, 0x00000000e0500000|100%|HC|  |TAMS 0x00000000e0500000, 0x00000000e0400000| Complete 
|   5|0x00000000e0500000, 0x00000000e0600000, 0x00000000e0600000|100%|HC|  |TAMS 0x00000000e0600000, 0x00000000e0500000| Complete 
|   6|0x00000000e0600000, 0x00000000e0700000, 0x00000000e0700000|100%| O|  |TAMS 0x00000000e0700000, 0x00000000e0600000| Untracked 
|   7|0x00000000e0700000, 0x00000000e0800000, 0x00000000e0800000|100%| O|  |TAMS 0x00000000e0800000, 0x00000000e0700000| Untracked 
|   8|0x00000000e0800000, 0x00000000e0900000, 0x00000000e0900000|100%| O|  |TAMS 0x00000000e0900000, 0x00000000e0800000| Untracked 
|   9|0x00000000e0900000, 0x00000000e0904200, 0x00000000e0a00000|  1%| O|  |TAMS 0x00000000e0904200, 0x00000000e0900000| Untracked 
|  10|0x00000000e0a00000, 0x00000000e0b00000, 0x00000000e0b00000|100%|HS|  |TAMS 0x00000000e0a00000, 0x00000000e0a00000| Complete 
|  11|0x00000000e0b00000, 0x00000000e0c00000, 0x00000000e0c00000|100%|HS|  |TAMS 0x00000000e0b00000, 0x00000000e0b00000| Complete 
|  12|0x00000000e0c00000, 0x00000000e0d00000, 0x00000000e0d00000|100%|HC|  |TAMS 0x00000000e0c00000, 0x00000000e0c00000| Complete 
|  13|0x00000000e0d00000, 0x00000000e0d00000, 0x00000000e0e00000|  0%| F|  |TAMS 0x00000000e0d00000, 0x00000000e0d00000| Untracked 
|  14|0x00000000e0e00000, 0x00000000e0e00000, 0x00000000e0f00000|  0%| F|  |TAMS 0x00000000e0e00000, 0x00000000e0e00000| Untracked 
|  15|0x00000000e0f00000, 0x00000000e0f00000, 0x00000000e1000000|  0%| F|  |TAMS 0x00000000e0f00000, 0x00000000e0f00000| Untracked 
|  16|0x00000000e1000000, 0x00000000e1000000, 0x00000000e1100000|  0%| F|  |TAMS 0x00000000e1000000, 0x00000000e1000000| Untracked 
|  17|0x00000000e1100000, 0x00000000e1100000, 0x00000000e1200000|  0%| F|  |TAMS 0x00000000e1100000, 0x00000000e1100000| Untracked 
|  18|0x00000000e1200000, 0x00000000e1200000, 0x00000000e1300000|  0%| F|  |TAMS 0x00000000e1200000, 0x00000000e1200000| Untracked 
|  19|0x00000000e1300000, 0x00000000e1300000, 0x00000000e1400000|  0%| F|  |TAMS 0x00000000e1300000, 0x00000000e1300000| Untracked 
|  20|0x00000000e1400000, 0x00000000e1400000, 0x00000000e1500000|  0%| F|  |TAMS 0x00000000e1400000, 0x00000000e1400000| Untracked 
|  21|0x00000000e1500000, 0x00000000e1500000, 0x00000000e1600000|  0%| F|  |TAMS 0x00000000e1500000, 0x00000000e1500000| Untracked 
|  22|0x00000000e1600000, 0x00000000e1600000, 0x00000000e1700000|  0%| F|  |TAMS 0x00000000e1600000, 0x00000000e1600000| Untracked 
|  23|0x00000000e1700000, 0x00000000e1700000, 0x00000000e1800000|  0%| F|  |TAMS 0x00000000e1700000, 0x00000000e1700000| Untracked 
|  24|0x00000000e1800000, 0x00000000e1800000, 0x00000000e1900000|  0%| F|  |TAMS 0x00000000e1800000, 0x00000000e1800000| Untracked 
|  25|0x00000000e1900000, 0x00000000e1900000, 0x00000000e1a00000|  0%| F|  |TAMS 0x00000000e1900000, 0x00000000e1900000| Untracked 
|  26|0x00000000e1a00000, 0x00000000e1a00000, 0x00000000e1b00000|  0%| F|  |TAMS 0x00000000e1a00000, 0x00000000e1a00000| Untracked 
|  27|0x00000000e1b00000, 0x00000000e1b00000, 0x00000000e1c00000|  0%| F|  |TAMS 0x00000000e1b00000, 0x00000000e1b00000| Untracked 
|  28|0x00000000e1c00000, 0x00000000e1c00000, 0x00000000e1d00000|  0%| F|  |TAMS 0x00000000e1c00000, 0x00000000e1c00000| Untracked 
|  29|0x00000000e1d00000, 0x00000000e1d00000, 0x00000000e1e00000|  0%| F|  |TAMS 0x00000000e1d00000, 0x00000000e1d00000| Untracked 
|  30|0x00000000e1e00000, 0x00000000e1e00000, 0x00000000e1f00000|  0%| F|  |TAMS 0x00000000e1e00000, 0x00000000e1e00000| Untracked 
|  31|0x00000000e1f00000, 0x00000000e1f00000, 0x00000000e2000000|  0%| F|  |TAMS 0x00000000e1f00000, 0x00000000e1f00000| Untracked 
|  32|0x00000000e2000000, 0x00000000e2000000, 0x00000000e2100000|  0%| F|  |TAMS 0x00000000e2000000, 0x00000000e2000000| Untracked 
|  33|0x00000000e2100000, 0x00000000e2100000, 0x00000000e2200000|  0%| F|  |TAMS 0x00000000e2100000, 0x00000000e2100000| Untracked 
|  34|0x00000000e2200000, 0x00000000e2200000, 0x00000000e2300000|  0%| F|  |TAMS 0x00000000e2200000, 0x00000000e2200000| Untracked 
|  35|0x00000000e2300000, 0x00000000e2300000, 0x00000000e2400000|  0%| F|  |TAMS 0x00000000e2300000, 0x00000000e2300000| Untracked 
|  36|0x00000000e2400000, 0x00000000e2400000, 0x00000000e2500000|  0%| F|  |TAMS 0x00000000e2400000, 0x00000000e2400000| Untracked 
|  37|0x00000000e2500000, 0x00000000e2500000, 0x00000000e2600000|  0%| F|  |TAMS 0x00000000e2500000, 0x00000000e2500000| Untracked 
|  38|0x00000000e2600000, 0x00000000e2600000, 0x00000000e2700000|  0%| F|  |TAMS 0x00000000e2600000, 0x00000000e2600000| Untracked 
|  39|0x00000000e2700000, 0x00000000e2700000, 0x00000000e2800000|  0%| F|  |TAMS 0x00000000e2700000, 0x00000000e2700000| Untracked 
|  40|0x00000000e2800000, 0x00000000e2800000, 0x00000000e2900000|  0%| F|  |TAMS 0x00000000e2800000, 0x00000000e2800000| Untracked 
|  41|0x00000000e2900000, 0x00000000e2900000, 0x00000000e2a00000|  0%| F|  |TAMS 0x00000000e2900000, 0x00000000e2900000| Untracked 
|  42|0x00000000e2a00000, 0x00000000e2a00000, 0x00000000e2b00000|  0%| F|  |TAMS 0x00000000e2a00000, 0x00000000e2a00000| Untracked 
|  43|0x00000000e2b00000, 0x00000000e2b00000, 0x00000000e2c00000|  0%| F|  |TAMS 0x00000000e2b00000, 0x00000000e2b00000| Untracked 
|  44|0x00000000e2c00000, 0x00000000e2c00000, 0x00000000e2d00000|  0%| F|  |TAMS 0x00000000e2c00000, 0x00000000e2c00000| Untracked 
|  45|0x00000000e2d00000, 0x00000000e2d00000, 0x00000000e2e00000|  0%| F|  |TAMS 0x00000000e2d00000, 0x00000000e2d00000| Untracked 
|  46|0x00000000e2e00000, 0x00000000e2e00000, 0x00000000e2f00000|  0%| F|  |TAMS 0x00000000e2e00000, 0x00000000e2e00000| Untracked 
|  47|0x00000000e2f00000, 0x00000000e2f00000, 0x00000000e3000000|  0%| F|  |TAMS 0x00000000e2f00000, 0x00000000e2f00000| Untracked 
|  48|0x00000000e3000000, 0x00000000e3000000, 0x00000000e3100000|  0%| F|  |TAMS 0x00000000e3000000, 0x00000000e3000000| Untracked 
|  49|0x00000000e3100000, 0x00000000e3100000, 0x00000000e3200000|  0%| F|  |TAMS 0x00000000e3100000, 0x00000000e3100000| Untracked 
|  50|0x00000000e3200000, 0x00000000e3200000, 0x00000000e3300000|  0%| F|  |TAMS 0x00000000e3200000, 0x00000000e3200000| Untracked 
|  51|0x00000000e3300000, 0x00000000e3300000, 0x00000000e3400000|  0%| F|  |TAMS 0x00000000e3300000, 0x00000000e3300000| Untracked 
|  52|0x00000000e3400000, 0x00000000e3400000, 0x00000000e3500000|  0%| F|  |TAMS 0x00000000e3400000, 0x00000000e3400000| Untracked 
|  53|0x00000000e3500000, 0x00000000e3500000, 0x00000000e3600000|  0%| F|  |TAMS 0x00000000e3500000, 0x00000000e3500000| Untracked 
|  54|0x00000000e3600000, 0x00000000e3600000, 0x00000000e3700000|  0%| F|  |TAMS 0x00000000e3600000, 0x00000000e3600000| Untracked 
|  55|0x00000000e3700000, 0x00000000e3700000, 0x00000000e3800000|  0%| F|  |TAMS 0x00000000e3700000, 0x00000000e3700000| Untracked 
|  56|0x00000000e3800000, 0x00000000e3800000, 0x00000000e3900000|  0%| F|  |TAMS 0x00000000e3800000, 0x00000000e3800000| Untracked 
|  57|0x00000000e3900000, 0x00000000e3900000, 0x00000000e3a00000|  0%| F|  |TAMS 0x00000000e3900000, 0x00000000e3900000| Untracked 
|  58|0x00000000e3a00000, 0x00000000e3a00000, 0x00000000e3b00000|  0%| F|  |TAMS 0x00000000e3a00000, 0x00000000e3a00000| Untracked 
|  59|0x00000000e3b00000, 0x00000000e3b00000, 0x00000000e3c00000|  0%| F|  |TAMS 0x00000000e3b00000, 0x00000000e3b00000| Untracked 
|  60|0x00000000e3c00000, 0x00000000e3c00000, 0x00000000e3d00000|  0%| F|  |TAMS 0x00000000e3c00000, 0x00000000e3c00000| Untracked 
|  61|0x00000000e3d00000, 0x00000000e3d00000, 0x00000000e3e00000|  0%| F|  |TAMS 0x00000000e3d00000, 0x00000000e3d00000| Untracked 
|  62|0x00000000e3e00000, 0x00000000e3e00000, 0x00000000e3f00000|  0%| F|  |TAMS 0x00000000e3e00000, 0x00000000e3e00000| Untracked 
|  63|0x00000000e3f00000, 0x00000000e3f00000, 0x00000000e4000000|  0%| F|  |TAMS 0x00000000e3f00000, 0x00000000e3f00000| Untracked 
|  64|0x00000000e4000000, 0x00000000e4000000, 0x00000000e4100000|  0%| F|  |TAMS 0x00000000e4000000, 0x00000000e4000000| Untracked 
|  65|0x00000000e4100000, 0x00000000e4100000, 0x00000000e4200000|  0%| F|  |TAMS 0x00000000e4100000, 0x00000000e4100000| Untracked 
|  66|0x00000000e4200000, 0x00000000e4200000, 0x00000000e4300000|  0%| F|  |TAMS 0x00000000e4200000, 0x00000000e4200000| Untracked 
|  67|0x00000000e4300000, 0x00000000e4300000, 0x00000000e4400000|  0%| F|  |TAMS 0x00000000e4300000, 0x00000000e4300000| Untracked 
|  68|0x00000000e4400000, 0x00000000e4400000, 0x00000000e4500000|  0%| F|  |TAMS 0x00000000e4400000, 0x00000000e4400000| Untracked 
|  69|0x00000000e4500000, 0x00000000e4500000, 0x00000000e4600000|  0%| F|  |TAMS 0x00000000e4500000, 0x00000000e4500000| Untracked 
|  70|0x00000000e4600000, 0x00000000e4600000, 0x00000000e4700000|  0%| F|  |TAMS 0x00000000e4600000, 0x00000000e4600000| Untracked 
|  71|0x00000000e4700000, 0x00000000e4700000, 0x00000000e4800000|  0%| F|  |TAMS 0x00000000e4700000, 0x00000000e4700000| Untracked 
|  72|0x00000000e4800000, 0x00000000e4800000, 0x00000000e4900000|  0%| F|  |TAMS 0x00000000e4800000, 0x00000000e4800000| Untracked 
|  73|0x00000000e4900000, 0x00000000e4900000, 0x00000000e4a00000|  0%| F|  |TAMS 0x00000000e4900000, 0x00000000e4900000| Untracked 
|  74|0x00000000e4a00000, 0x00000000e4a00000, 0x00000000e4b00000|  0%| F|  |TAMS 0x00000000e4a00000, 0x00000000e4a00000| Untracked 
|  75|0x00000000e4b00000, 0x00000000e4b00000, 0x00000000e4c00000|  0%| F|  |TAMS 0x00000000e4b00000, 0x00000000e4b00000| Untracked 
|  76|0x00000000e4c00000, 0x00000000e4c00000, 0x00000000e4d00000|  0%| F|  |TAMS 0x00000000e4c00000, 0x00000000e4c00000| Untracked 
|  77|0x00000000e4d00000, 0x00000000e4d00000, 0x00000000e4e00000|  0%| F|  |TAMS 0x00000000e4d00000, 0x00000000e4d00000| Untracked 
|  78|0x00000000e4e00000, 0x00000000e4e00000, 0x00000000e4f00000|  0%| F|  |TAMS 0x00000000e4e00000, 0x00000000e4e00000| Untracked 
|  79|0x00000000e4f00000, 0x00000000e4f00000, 0x00000000e5000000|  0%| F|  |TAMS 0x00000000e4f00000, 0x00000000e4f00000| Untracked 
|  80|0x00000000e5000000, 0x00000000e5000000, 0x00000000e5100000|  0%| F|  |TAMS 0x00000000e5000000, 0x00000000e5000000| Untracked 
|  81|0x00000000e5100000, 0x00000000e5100000, 0x00000000e5200000|  0%| F|  |TAMS 0x00000000e5100000, 0x00000000e5100000| Untracked 
|  82|0x00000000e5200000, 0x00000000e5200000, 0x00000000e5300000|  0%| F|  |TAMS 0x00000000e5200000, 0x00000000e5200000| Untracked 
|  83|0x00000000e5300000, 0x00000000e5300000, 0x00000000e5400000|  0%| F|  |TAMS 0x00000000e5300000, 0x00000000e5300000| Untracked 
|  84|0x00000000e5400000, 0x00000000e5400000, 0x00000000e5500000|  0%| F|  |TAMS 0x00000000e5400000, 0x00000000e5400000| Untracked 
|  85|0x00000000e5500000, 0x00000000e5500000, 0x00000000e5600000|  0%| F|  |TAMS 0x00000000e5500000, 0x00000000e5500000| Untracked 
|  86|0x00000000e5600000, 0x00000000e5600000, 0x00000000e5700000|  0%| F|  |TAMS 0x00000000e5600000, 0x00000000e5600000| Untracked 
|  87|0x00000000e5700000, 0x00000000e5700000, 0x00000000e5800000|  0%| F|  |TAMS 0x00000000e5700000, 0x00000000e5700000| Untracked 
|  88|0x00000000e5800000, 0x00000000e5800000, 0x00000000e5900000|  0%| F|  |TAMS 0x00000000e5800000, 0x00000000e5800000| Untracked 
|  89|0x00000000e5900000, 0x00000000e5900000, 0x00000000e5a00000|  0%| F|  |TAMS 0x00000000e5900000, 0x00000000e5900000| Untracked 
|  90|0x00000000e5a00000, 0x00000000e5a00000, 0x00000000e5b00000|  0%| F|  |TAMS 0x00000000e5a00000, 0x00000000e5a00000| Untracked 
|  91|0x00000000e5b00000, 0x00000000e5b00000, 0x00000000e5c00000|  0%| F|  |TAMS 0x00000000e5b00000, 0x00000000e5b00000| Untracked 
|  92|0x00000000e5c00000, 0x00000000e5c00000, 0x00000000e5d00000|  0%| F|  |TAMS 0x00000000e5c00000, 0x00000000e5c00000| Untracked 
|  93|0x00000000e5d00000, 0x00000000e5d00000, 0x00000000e5e00000|  0%| F|  |TAMS 0x00000000e5d00000, 0x00000000e5d00000| Untracked 
|  94|0x00000000e5e00000, 0x00000000e5e00000, 0x00000000e5f00000|  0%| F|  |TAMS 0x00000000e5e00000, 0x00000000e5e00000| Untracked 
|  95|0x00000000e5f00000, 0x00000000e5f00000, 0x00000000e6000000|  0%| F|  |TAMS 0x00000000e5f00000, 0x00000000e5f00000| Untracked 
|  96|0x00000000e6000000, 0x00000000e6000000, 0x00000000e6100000|  0%| F|  |TAMS 0x00000000e6000000, 0x00000000e6000000| Untracked 
|  97|0x00000000e6100000, 0x00000000e6100000, 0x00000000e6200000|  0%| F|  |TAMS 0x00000000e6100000, 0x00000000e6100000| Untracked 
|  98|0x00000000e6200000, 0x00000000e6200000, 0x00000000e6300000|  0%| F|  |TAMS 0x00000000e6200000, 0x00000000e6200000| Untracked 
|  99|0x00000000e6300000, 0x00000000e6300000, 0x00000000e6400000|  0%| F|  |TAMS 0x00000000e6300000, 0x00000000e6300000| Untracked 
| 100|0x00000000e6400000, 0x00000000e6400000, 0x00000000e6500000|  0%| F|  |TAMS 0x00000000e6400000, 0x00000000e6400000| Untracked 
| 101|0x00000000e6500000, 0x00000000e6500000, 0x00000000e6600000|  0%| F|  |TAMS 0x00000000e6500000, 0x00000000e6500000| Untracked 
| 102|0x00000000e6600000, 0x00000000e6600000, 0x00000000e6700000|  0%| F|  |TAMS 0x00000000e6600000, 0x00000000e6600000| Untracked 
| 103|0x00000000e6700000, 0x00000000e6700000, 0x00000000e6800000|  0%| F|  |TAMS 0x00000000e6700000, 0x00000000e6700000| Untracked 
| 104|0x00000000e6800000, 0x00000000e6800000, 0x00000000e6900000|  0%| F|  |TAMS 0x00000000e6800000, 0x00000000e6800000| Untracked 
| 105|0x00000000e6900000, 0x00000000e6900000, 0x00000000e6a00000|  0%| F|  |TAMS 0x00000000e6900000, 0x00000000e6900000| Untracked 
| 106|0x00000000e6a00000, 0x00000000e6a00000, 0x00000000e6b00000|  0%| F|  |TAMS 0x00000000e6a00000, 0x00000000e6a00000| Untracked 
| 107|0x00000000e6b00000, 0x00000000e6b00000, 0x00000000e6c00000|  0%| F|  |TAMS 0x00000000e6b00000, 0x00000000e6b00000| Untracked 
| 108|0x00000000e6c00000, 0x00000000e6c00000, 0x00000000e6d00000|  0%| F|  |TAMS 0x00000000e6c00000, 0x00000000e6c00000| Untracked 
| 109|0x00000000e6d00000, 0x00000000e6d00000, 0x00000000e6e00000|  0%| F|  |TAMS 0x00000000e6d00000, 0x00000000e6d00000| Untracked 
| 110|0x00000000e6e00000, 0x00000000e6e00000, 0x00000000e6f00000|  0%| F|  |TAMS 0x00000000e6e00000, 0x00000000e6e00000| Untracked 
| 111|0x00000000e6f00000, 0x00000000e6f00000, 0x00000000e7000000|  0%| F|  |TAMS 0x00000000e6f00000, 0x00000000e6f00000| Untracked 
| 112|0x00000000e7000000, 0x00000000e7000000, 0x00000000e7100000|  0%| F|  |TAMS 0x00000000e7000000, 0x00000000e7000000| Untracked 
| 113|0x00000000e7100000, 0x00000000e7100000, 0x00000000e7200000|  0%| F|  |TAMS 0x00000000e7100000, 0x00000000e7100000| Untracked 
| 114|0x00000000e7200000, 0x00000000e7200000, 0x00000000e7300000|  0%| F|  |TAMS 0x00000000e7200000, 0x00000000e7200000| Untracked 
| 115|0x00000000e7300000, 0x00000000e7300000, 0x00000000e7400000|  0%| F|  |TAMS 0x00000000e7300000, 0x00000000e7300000| Untracked 
| 116|0x00000000e7400000, 0x00000000e7400000, 0x00000000e7500000|  0%| F|  |TAMS 0x00000000e7400000, 0x00000000e7400000| Untracked 
| 117|0x00000000e7500000, 0x00000000e7500000, 0x00000000e7600000|  0%| F|  |TAMS 0x00000000e7500000, 0x00000000e7500000| Untracked 
| 118|0x00000000e7600000, 0x00000000e7600000, 0x00000000e7700000|  0%| F|  |TAMS 0x00000000e7600000, 0x00000000e7600000| Untracked 
| 119|0x00000000e7700000, 0x00000000e7700000, 0x00000000e7800000|  0%| F|  |TAMS 0x00000000e7700000, 0x00000000e7700000| Untracked 
| 120|0x00000000e7800000, 0x00000000e7800000, 0x00000000e7900000|  0%| F|  |TAMS 0x00000000e7800000, 0x00000000e7800000| Untracked 
| 121|0x00000000e7900000, 0x00000000e7900000, 0x00000000e7a00000|  0%| F|  |TAMS 0x00000000e7900000, 0x00000000e7900000| Untracked 
| 122|0x00000000e7a00000, 0x00000000e7a00000, 0x00000000e7b00000|  0%| F|  |TAMS 0x00000000e7a00000, 0x00000000e7a00000| Untracked 
| 123|0x00000000e7b00000, 0x00000000e7b00000, 0x00000000e7c00000|  0%| F|  |TAMS 0x00000000e7b00000, 0x00000000e7b00000| Untracked 
| 124|0x00000000e7c00000, 0x00000000e7c00000, 0x00000000e7d00000|  0%| F|  |TAMS 0x00000000e7c00000, 0x00000000e7c00000| Untracked 
| 125|0x00000000e7d00000, 0x00000000e7d00000, 0x00000000e7e00000|  0%| F|  |TAMS 0x00000000e7d00000, 0x00000000e7d00000| Untracked 
| 126|0x00000000e7e00000, 0x00000000e7e00000, 0x00000000e7f00000|  0%| F|  |TAMS 0x00000000e7e00000, 0x00000000e7e00000| Untracked 
| 127|0x00000000e7f00000, 0x00000000e7f00000, 0x00000000e8000000|  0%| F|  |TAMS 0x00000000e7f00000, 0x00000000e7f00000| Untracked 
| 128|0x00000000e8000000, 0x00000000e8000000, 0x00000000e8100000|  0%| F|  |TAMS 0x00000000e8000000, 0x00000000e8000000| Untracked 
| 129|0x00000000e8100000, 0x00000000e8100000, 0x00000000e8200000|  0%| F|  |TAMS 0x00000000e8100000, 0x00000000e8100000| Untracked 
| 130|0x00000000e8200000, 0x00000000e8200000, 0x00000000e8300000|  0%| F|  |TAMS 0x00000000e8200000, 0x00000000e8200000| Untracked 
| 131|0x00000000e8300000, 0x00000000e8300000, 0x00000000e8400000|  0%| F|  |TAMS 0x00000000e8300000, 0x00000000e8300000| Untracked 
| 132|0x00000000e8400000, 0x00000000e8400000, 0x00000000e8500000|  0%| F|  |TAMS 0x00000000e8400000, 0x00000000e8400000| Untracked 
| 133|0x00000000e8500000, 0x00000000e8500000, 0x00000000e8600000|  0%| F|  |TAMS 0x00000000e8500000, 0x00000000e8500000| Untracked 
| 134|0x00000000e8600000, 0x00000000e8600000, 0x00000000e8700000|  0%| F|  |TAMS 0x00000000e8600000, 0x00000000e8600000| Untracked 
| 135|0x00000000e8700000, 0x00000000e8700000, 0x00000000e8800000|  0%| F|  |TAMS 0x00000000e8700000, 0x00000000e8700000| Untracked 
| 136|0x00000000e8800000, 0x00000000e8800000, 0x00000000e8900000|  0%| F|  |TAMS 0x00000000e8800000, 0x00000000e8800000| Untracked 
| 137|0x00000000e8900000, 0x00000000e8900000, 0x00000000e8a00000|  0%| F|  |TAMS 0x00000000e8900000, 0x00000000e8900000| Untracked 
| 138|0x00000000e8a00000, 0x00000000e8a00000, 0x00000000e8b00000|  0%| F|  |TAMS 0x00000000e8a00000, 0x00000000e8a00000| Untracked 
| 139|0x00000000e8b00000, 0x00000000e8b00000, 0x00000000e8c00000|  0%| F|  |TAMS 0x00000000e8b00000, 0x00000000e8b00000| Untracked 
| 140|0x00000000e8c00000, 0x00000000e8c00000, 0x00000000e8d00000|  0%| F|  |TAMS 0x00000000e8c00000, 0x00000000e8c00000| Untracked 
| 141|0x00000000e8d00000, 0x00000000e8d00000, 0x00000000e8e00000|  0%| F|  |TAMS 0x00000000e8d00000, 0x00000000e8d00000| Untracked 
| 142|0x00000000e8e00000, 0x00000000e8e00000, 0x00000000e8f00000|  0%| F|  |TAMS 0x00000000e8e00000, 0x00000000e8e00000| Untracked 
| 143|0x00000000e8f00000, 0x00000000e8f00000, 0x00000000e9000000|  0%| F|  |TAMS 0x00000000e8f00000, 0x00000000e8f00000| Untracked 
| 144|0x00000000e9000000, 0x00000000e9000000, 0x00000000e9100000|  0%| F|  |TAMS 0x00000000e9000000, 0x00000000e9000000| Untracked 
| 145|0x00000000e9100000, 0x00000000e9100000, 0x00000000e9200000|  0%| F|  |TAMS 0x00000000e9100000, 0x00000000e9100000| Untracked 
| 146|0x00000000e9200000, 0x00000000e9200000, 0x00000000e9300000|  0%| F|  |TAMS 0x00000000e9200000, 0x00000000e9200000| Untracked 
| 147|0x00000000e9300000, 0x00000000e9300000, 0x00000000e9400000|  0%| F|  |TAMS 0x00000000e9300000, 0x00000000e9300000| Untracked 
| 148|0x00000000e9400000, 0x00000000e9400000, 0x00000000e9500000|  0%| F|  |TAMS 0x00000000e9400000, 0x00000000e9400000| Untracked 
| 149|0x00000000e9500000, 0x00000000e9500000, 0x00000000e9600000|  0%| F|  |TAMS 0x00000000e9500000, 0x00000000e9500000| Untracked 
| 150|0x00000000e9600000, 0x00000000e9600000, 0x00000000e9700000|  0%| F|  |TAMS 0x00000000e9600000, 0x00000000e9600000| Untracked 
| 151|0x00000000e9700000, 0x00000000e97a7da8, 0x00000000e9800000| 65%| S|CS|TAMS 0x00000000e9700000, 0x00000000e9700000| Complete 
| 152|0x00000000e9800000, 0x00000000e9900000, 0x00000000e9900000|100%| S|CS|TAMS 0x00000000e9800000, 0x00000000e9800000| Complete 
| 153|0x00000000e9900000, 0x00000000e9a00000, 0x00000000e9a00000|100%| S|CS|TAMS 0x00000000e9900000, 0x00000000e9900000| Complete 
| 154|0x00000000e9a00000, 0x00000000e9b00000, 0x00000000e9b00000|100%| S|CS|TAMS 0x00000000e9a00000, 0x00000000e9a00000| Complete 
| 155|0x00000000e9b00000, 0x00000000e9c00000, 0x00000000e9c00000|100%| S|CS|TAMS 0x00000000e9b00000, 0x00000000e9b00000| Complete 
| 156|0x00000000e9c00000, 0x00000000e9d00000, 0x00000000e9d00000|100%| S|CS|TAMS 0x00000000e9c00000, 0x00000000e9c00000| Complete 
| 157|0x00000000e9d00000, 0x00000000e9e00000, 0x00000000e9e00000|100%| S|CS|TAMS 0x00000000e9d00000, 0x00000000e9d00000| Complete 
| 158|0x00000000e9e00000, 0x00000000e9f00000, 0x00000000e9f00000|100%| S|CS|TAMS 0x00000000e9e00000, 0x00000000e9e00000| Complete 
| 159|0x00000000e9f00000, 0x00000000ea000000, 0x00000000ea000000|100%| S|CS|TAMS 0x00000000e9f00000, 0x00000000e9f00000| Complete 
| 160|0x00000000ea000000, 0x00000000ea100000, 0x00000000ea100000|100%| S|CS|TAMS 0x00000000ea000000, 0x00000000ea000000| Complete 
| 161|0x00000000ea100000, 0x00000000ea100000, 0x00000000ea200000|  0%| F|  |TAMS 0x00000000ea100000, 0x00000000ea100000| Untracked 
| 162|0x00000000ea200000, 0x00000000ea200000, 0x00000000ea300000|  0%| F|  |TAMS 0x00000000ea200000, 0x00000000ea200000| Untracked 
| 163|0x00000000ea300000, 0x00000000ea300000, 0x00000000ea400000|  0%| F|  |TAMS 0x00000000ea300000, 0x00000000ea300000| Untracked 
| 164|0x00000000ea400000, 0x00000000ea400000, 0x00000000ea500000|  0%| F|  |TAMS 0x00000000ea400000, 0x00000000ea400000| Untracked 
| 165|0x00000000ea500000, 0x00000000ea500000, 0x00000000ea600000|  0%| F|  |TAMS 0x00000000ea500000, 0x00000000ea500000| Untracked 
| 166|0x00000000ea600000, 0x00000000ea600000, 0x00000000ea700000|  0%| F|  |TAMS 0x00000000ea600000, 0x00000000ea600000| Untracked 
| 167|0x00000000ea700000, 0x00000000ea700000, 0x00000000ea800000|  0%| F|  |TAMS 0x00000000ea700000, 0x00000000ea700000| Untracked 
| 168|0x00000000ea800000, 0x00000000ea800000, 0x00000000ea900000|  0%| F|  |TAMS 0x00000000ea800000, 0x00000000ea800000| Untracked 
| 169|0x00000000ea900000, 0x00000000ea900000, 0x00000000eaa00000|  0%| F|  |TAMS 0x00000000ea900000, 0x00000000ea900000| Untracked 
| 170|0x00000000eaa00000, 0x00000000eaa00000, 0x00000000eab00000|  0%| F|  |TAMS 0x00000000eaa00000, 0x00000000eaa00000| Untracked 
| 171|0x00000000eab00000, 0x00000000eab00000, 0x00000000eac00000|  0%| F|  |TAMS 0x00000000eab00000, 0x00000000eab00000| Untracked 
| 172|0x00000000eac00000, 0x00000000eac00000, 0x00000000ead00000|  0%| F|  |TAMS 0x00000000eac00000, 0x00000000eac00000| Untracked 
| 173|0x00000000ead00000, 0x00000000ead00000, 0x00000000eae00000|  0%| F|  |TAMS 0x00000000ead00000, 0x00000000ead00000| Untracked 
| 174|0x00000000eae00000, 0x00000000eae00000, 0x00000000eaf00000|  0%| F|  |TAMS 0x00000000eae00000, 0x00000000eae00000| Untracked 
| 175|0x00000000eaf00000, 0x00000000eaf00000, 0x00000000eb000000|  0%| F|  |TAMS 0x00000000eaf00000, 0x00000000eaf00000| Untracked 
| 176|0x00000000eb000000, 0x00000000eb000000, 0x00000000eb100000|  0%| F|  |TAMS 0x00000000eb000000, 0x00000000eb000000| Untracked 
| 177|0x00000000eb100000, 0x00000000eb100000, 0x00000000eb200000|  0%| F|  |TAMS 0x00000000eb100000, 0x00000000eb100000| Untracked 
| 178|0x00000000eb200000, 0x00000000eb200000, 0x00000000eb300000|  0%| F|  |TAMS 0x00000000eb200000, 0x00000000eb200000| Untracked 
| 179|0x00000000eb300000, 0x00000000eb300000, 0x00000000eb400000|  0%| F|  |TAMS 0x00000000eb300000, 0x00000000eb300000| Untracked 
| 180|0x00000000eb400000, 0x00000000eb400000, 0x00000000eb500000|  0%| F|  |TAMS 0x00000000eb400000, 0x00000000eb400000| Untracked 
| 181|0x00000000eb500000, 0x00000000eb500000, 0x00000000eb600000|  0%| F|  |TAMS 0x00000000eb500000, 0x00000000eb500000| Untracked 
| 182|0x00000000eb600000, 0x00000000eb600000, 0x00000000eb700000|  0%| F|  |TAMS 0x00000000eb600000, 0x00000000eb600000| Untracked 
| 183|0x00000000eb700000, 0x00000000eb700000, 0x00000000eb800000|  0%| F|  |TAMS 0x00000000eb700000, 0x00000000eb700000| Untracked 
| 184|0x00000000eb800000, 0x00000000eb800000, 0x00000000eb900000|  0%| F|  |TAMS 0x00000000eb800000, 0x00000000eb800000| Untracked 
| 185|0x00000000eb900000, 0x00000000eb900000, 0x00000000eba00000|  0%| F|  |TAMS 0x00000000eb900000, 0x00000000eb900000| Untracked 
| 186|0x00000000eba00000, 0x00000000eba00000, 0x00000000ebb00000|  0%| F|  |TAMS 0x00000000eba00000, 0x00000000eba00000| Untracked 
| 187|0x00000000ebb00000, 0x00000000ebb00000, 0x00000000ebc00000|  0%| F|  |TAMS 0x00000000ebb00000, 0x00000000ebb00000| Untracked 
| 188|0x00000000ebc00000, 0x00000000ebc00000, 0x00000000ebd00000|  0%| F|  |TAMS 0x00000000ebc00000, 0x00000000ebc00000| Untracked 
| 189|0x00000000ebd00000, 0x00000000ebd00000, 0x00000000ebe00000|  0%| F|  |TAMS 0x00000000ebd00000, 0x00000000ebd00000| Untracked 
| 190|0x00000000ebe00000, 0x00000000ebe00000, 0x00000000ebf00000|  0%| F|  |TAMS 0x00000000ebe00000, 0x00000000ebe00000| Untracked 
| 191|0x00000000ebf00000, 0x00000000ebf00000, 0x00000000ec000000|  0%| F|  |TAMS 0x00000000ebf00000, 0x00000000ebf00000| Untracked 
| 192|0x00000000ec000000, 0x00000000ec000000, 0x00000000ec100000|  0%| F|  |TAMS 0x00000000ec000000, 0x00000000ec000000| Untracked 
| 193|0x00000000ec100000, 0x00000000ec100000, 0x00000000ec200000|  0%| F|  |TAMS 0x00000000ec100000, 0x00000000ec100000| Untracked 
| 194|0x00000000ec200000, 0x00000000ec200000, 0x00000000ec300000|  0%| F|  |TAMS 0x00000000ec200000, 0x00000000ec200000| Untracked 
| 195|0x00000000ec300000, 0x00000000ec300000, 0x00000000ec400000|  0%| F|  |TAMS 0x00000000ec300000, 0x00000000ec300000| Untracked 
| 196|0x00000000ec400000, 0x00000000ec400000, 0x00000000ec500000|  0%| F|  |TAMS 0x00000000ec400000, 0x00000000ec400000| Untracked 
| 197|0x00000000ec500000, 0x00000000ec500000, 0x00000000ec600000|  0%| F|  |TAMS 0x00000000ec500000, 0x00000000ec500000| Untracked 
| 198|0x00000000ec600000, 0x00000000ec600000, 0x00000000ec700000|  0%| F|  |TAMS 0x00000000ec600000, 0x00000000ec600000| Untracked 
| 199|0x00000000ec700000, 0x00000000ec700000, 0x00000000ec800000|  0%| F|  |TAMS 0x00000000ec700000, 0x00000000ec700000| Untracked 
| 200|0x00000000ec800000, 0x00000000ec900000, 0x00000000ec900000|100%| E|  |TAMS 0x00000000ec800000, 0x00000000ec800000| Complete 
| 201|0x00000000ec900000, 0x00000000eca00000, 0x00000000eca00000|100%| E|CS|TAMS 0x00000000ec900000, 0x00000000ec900000| Complete 
| 202|0x00000000eca00000, 0x00000000ecb00000, 0x00000000ecb00000|100%| E|CS|TAMS 0x00000000eca00000, 0x00000000eca00000| Complete 
| 203|0x00000000ecb00000, 0x00000000ecc00000, 0x00000000ecc00000|100%| E|CS|TAMS 0x00000000ecb00000, 0x00000000ecb00000| Complete 
| 204|0x00000000ecc00000, 0x00000000ecd00000, 0x00000000ecd00000|100%| E|CS|TAMS 0x00000000ecc00000, 0x00000000ecc00000| Complete 
| 205|0x00000000ecd00000, 0x00000000ece00000, 0x00000000ece00000|100%| E|CS|TAMS 0x00000000ecd00000, 0x00000000ecd00000| Complete 
| 206|0x00000000ece00000, 0x00000000ecf00000, 0x00000000ecf00000|100%| E|CS|TAMS 0x00000000ece00000, 0x00000000ece00000| Complete 
| 207|0x00000000ecf00000, 0x00000000ed000000, 0x00000000ed000000|100%| E|CS|TAMS 0x00000000ecf00000, 0x00000000ecf00000| Complete 
| 208|0x00000000ed000000, 0x00000000ed100000, 0x00000000ed100000|100%| E|CS|TAMS 0x00000000ed000000, 0x00000000ed000000| Complete 
| 209|0x00000000ed100000, 0x00000000ed200000, 0x00000000ed200000|100%| E|CS|TAMS 0x00000000ed100000, 0x00000000ed100000| Complete 
| 210|0x00000000ed200000, 0x00000000ed300000, 0x00000000ed300000|100%| E|CS|TAMS 0x00000000ed200000, 0x00000000ed200000| Complete 
| 211|0x00000000ed300000, 0x00000000ed400000, 0x00000000ed400000|100%| E|  |TAMS 0x00000000ed300000, 0x00000000ed300000| Complete 
| 212|0x00000000ed400000, 0x00000000ed500000, 0x00000000ed500000|100%| E|CS|TAMS 0x00000000ed400000, 0x00000000ed400000| Complete 
| 213|0x00000000ed500000, 0x00000000ed600000, 0x00000000ed600000|100%| E|CS|TAMS 0x00000000ed500000, 0x00000000ed500000| Complete 
| 214|0x00000000ed600000, 0x00000000ed700000, 0x00000000ed700000|100%| E|CS|TAMS 0x00000000ed600000, 0x00000000ed600000| Complete 
| 215|0x00000000ed700000, 0x00000000ed800000, 0x00000000ed800000|100%| E|CS|TAMS 0x00000000ed700000, 0x00000000ed700000| Complete 
| 216|0x00000000ed800000, 0x00000000ed900000, 0x00000000ed900000|100%| E|CS|TAMS 0x00000000ed800000, 0x00000000ed800000| Complete 
| 217|0x00000000ed900000, 0x00000000eda00000, 0x00000000eda00000|100%| E|CS|TAMS 0x00000000ed900000, 0x00000000ed900000| Complete 
| 218|0x00000000eda00000, 0x00000000edb00000, 0x00000000edb00000|100%| E|CS|TAMS 0x00000000eda00000, 0x00000000eda00000| Complete 
| 219|0x00000000edb00000, 0x00000000edc00000, 0x00000000edc00000|100%| E|CS|TAMS 0x00000000edb00000, 0x00000000edb00000| Complete 
| 220|0x00000000edc00000, 0x00000000edd00000, 0x00000000edd00000|100%| E|CS|TAMS 0x00000000edc00000, 0x00000000edc00000| Complete 
| 221|0x00000000edd00000, 0x00000000ede00000, 0x00000000ede00000|100%| E|CS|TAMS 0x00000000edd00000, 0x00000000edd00000| Complete 
| 222|0x00000000ede00000, 0x00000000edf00000, 0x00000000edf00000|100%| E|CS|TAMS 0x00000000ede00000, 0x00000000ede00000| Complete 
| 223|0x00000000edf00000, 0x00000000ee000000, 0x00000000ee000000|100%| E|CS|TAMS 0x00000000edf00000, 0x00000000edf00000| Complete 
| 224|0x00000000ee000000, 0x00000000ee100000, 0x00000000ee100000|100%| E|CS|TAMS 0x00000000ee000000, 0x00000000ee000000| Complete 
| 225|0x00000000ee100000, 0x00000000ee200000, 0x00000000ee200000|100%| E|CS|TAMS 0x00000000ee100000, 0x00000000ee100000| Complete 
| 226|0x00000000ee200000, 0x00000000ee300000, 0x00000000ee300000|100%| E|CS|TAMS 0x00000000ee200000, 0x00000000ee200000| Complete 
| 227|0x00000000ee300000, 0x00000000ee400000, 0x00000000ee400000|100%| E|CS|TAMS 0x00000000ee300000, 0x00000000ee300000| Complete 
| 228|0x00000000ee400000, 0x00000000ee500000, 0x00000000ee500000|100%| E|CS|TAMS 0x00000000ee400000, 0x00000000ee400000| Complete 
| 229|0x00000000ee500000, 0x00000000ee600000, 0x00000000ee600000|100%| E|CS|TAMS 0x00000000ee500000, 0x00000000ee500000| Complete 
| 230|0x00000000ee600000, 0x00000000ee700000, 0x00000000ee700000|100%| E|CS|TAMS 0x00000000ee600000, 0x00000000ee600000| Complete 
| 231|0x00000000ee700000, 0x00000000ee800000, 0x00000000ee800000|100%| E|CS|TAMS 0x00000000ee700000, 0x00000000ee700000| Complete 
| 232|0x00000000ee800000, 0x00000000ee900000, 0x00000000ee900000|100%| E|CS|TAMS 0x00000000ee800000, 0x00000000ee800000| Complete 
| 233|0x00000000ee900000, 0x00000000eea00000, 0x00000000eea00000|100%| E|CS|TAMS 0x00000000ee900000, 0x00000000ee900000| Complete 
| 234|0x00000000eea00000, 0x00000000eeb00000, 0x00000000eeb00000|100%| E|CS|TAMS 0x00000000eea00000, 0x00000000eea00000| Complete 
| 235|0x00000000eeb00000, 0x00000000eec00000, 0x00000000eec00000|100%| E|CS|TAMS 0x00000000eeb00000, 0x00000000eeb00000| Complete 
| 236|0x00000000eec00000, 0x00000000eed00000, 0x00000000eed00000|100%| E|CS|TAMS 0x00000000eec00000, 0x00000000eec00000| Complete 
| 237|0x00000000eed00000, 0x00000000eee00000, 0x00000000eee00000|100%| E|CS|TAMS 0x00000000eed00000, 0x00000000eed00000| Complete 
| 238|0x00000000eee00000, 0x00000000eef00000, 0x00000000eef00000|100%| E|CS|TAMS 0x00000000eee00000, 0x00000000eee00000| Complete 
| 239|0x00000000eef00000, 0x00000000ef000000, 0x00000000ef000000|100%| E|CS|TAMS 0x00000000eef00000, 0x00000000eef00000| Complete 
| 240|0x00000000ef000000, 0x00000000ef100000, 0x00000000ef100000|100%| E|CS|TAMS 0x00000000ef000000, 0x00000000ef000000| Complete 
| 241|0x00000000ef100000, 0x00000000ef200000, 0x00000000ef200000|100%| E|CS|TAMS 0x00000000ef100000, 0x00000000ef100000| Complete 
| 242|0x00000000ef200000, 0x00000000ef300000, 0x00000000ef300000|100%| E|CS|TAMS 0x00000000ef200000, 0x00000000ef200000| Complete 
| 243|0x00000000ef300000, 0x00000000ef400000, 0x00000000ef400000|100%| E|CS|TAMS 0x00000000ef300000, 0x00000000ef300000| Complete 
| 244|0x00000000ef400000, 0x00000000ef500000, 0x00000000ef500000|100%| E|CS|TAMS 0x00000000ef400000, 0x00000000ef400000| Complete 
| 245|0x00000000ef500000, 0x00000000ef600000, 0x00000000ef600000|100%| E|CS|TAMS 0x00000000ef500000, 0x00000000ef500000| Complete 
| 246|0x00000000ef600000, 0x00000000ef700000, 0x00000000ef700000|100%| E|CS|TAMS 0x00000000ef600000, 0x00000000ef600000| Complete 
| 247|0x00000000ef700000, 0x00000000ef800000, 0x00000000ef800000|100%| E|CS|TAMS 0x00000000ef700000, 0x00000000ef700000| Complete 
| 248|0x00000000ef800000, 0x00000000ef900000, 0x00000000ef900000|100%| E|CS|TAMS 0x00000000ef800000, 0x00000000ef800000| Complete 
| 249|0x00000000ef900000, 0x00000000efa00000, 0x00000000efa00000|100%| E|CS|TAMS 0x00000000ef900000, 0x00000000ef900000| Complete 
| 250|0x00000000efa00000, 0x00000000efb00000, 0x00000000efb00000|100%| E|CS|TAMS 0x00000000efa00000, 0x00000000efa00000| Complete 
| 251|0x00000000efb00000, 0x00000000efc00000, 0x00000000efc00000|100%| E|CS|TAMS 0x00000000efb00000, 0x00000000efb00000| Complete 
| 252|0x00000000efc00000, 0x00000000efd00000, 0x00000000efd00000|100%| E|CS|TAMS 0x00000000efc00000, 0x00000000efc00000| Complete 
| 253|0x00000000efd00000, 0x00000000efe00000, 0x00000000efe00000|100%| E|CS|TAMS 0x00000000efd00000, 0x00000000efd00000| Complete 
| 254|0x00000000efe00000, 0x00000000eff00000, 0x00000000eff00000|100%| E|CS|TAMS 0x00000000efe00000, 0x00000000efe00000| Complete 
| 255|0x00000000eff00000, 0x00000000f0000000, 0x00000000f0000000|100%| E|CS|TAMS 0x00000000eff00000, 0x00000000eff00000| Complete 

Card table byte_map: [0x000001b37f830000,0x000001b37f930000] _byte_map_base: 0x000001b37f130000

Marking Bits (Prev, Next): (CMBitMap*) 0x000001b37f7f06f0, (CMBitMap*) 0x000001b37f7f06b0
 Prev Bits: [0x000001b318d70000, 0x000001b319570000)
 Next Bits: [0x000001b318570000, 0x000001b318d70000)

Polling page: 0x000001b37ef30000

Metaspace:

Usage:
  Non-class:     27.83 MB capacity,    27.46 MB ( 99%) used,   345.77 KB (  1%) free+waste,    40.88 KB ( <1%) overhead. 
      Class:      4.25 MB capacity,     4.08 MB ( 96%) used,   151.62 KB (  3%) free+waste,    17.12 KB ( <1%) overhead. 
       Both:     32.08 MB capacity,    31.54 MB ( 98%) used,   497.39 KB (  2%) free+waste,    58.00 KB ( <1%) overhead. 

Virtual space:
  Non-class space:       28.00 MB reserved,      27.92 MB (>99%) committed 
      Class space:      248.00 MB reserved,       4.25 MB (  2%) committed 
             Both:      276.00 MB reserved,      32.17 MB ( 12%) committed 

Chunk freelists:
   Non-Class:  25.00 KB
       Class:  2.00 KB
        Both:  27.00 KB

MaxMetaspaceSize: 256.00 MB
CompressedClassSpaceSize: 248.00 MB

CodeHeap 'non-profiled nmethods': size=120000Kb used=1569Kb max_used=1569Kb free=118430Kb
 bounds [0x000001b311040000, 0x000001b3112b0000, 0x000001b318570000]
CodeHeap 'profiled nmethods': size=120000Kb used=6952Kb max_used=6952Kb free=113047Kb
 bounds [0x000001b309b10000, 0x000001b30a1e0000, 0x000001b311040000]
CodeHeap 'non-nmethods': size=5760Kb used=2298Kb max_used=2330Kb free=3461Kb
 bounds [0x000001b309570000, 0x000001b3097e0000, 0x000001b309b10000]
 total_blobs=4152 nmethods=3378 adapters=686
 compilation: enabled
              stopped_count=0, restarted_count=0
 full_count=0

Compilation events (20 events):
Event: 12.992 Thread 0x000001b31b744290 3394       3       java.util.stream.Collectors$$Lambda$199/0x0000000800e814b8::apply (8 bytes)
Event: 12.993 Thread 0x000001b31b744290 nmethod 3394 0x000001b30a1d6090 code [0x000001b30a1d6240, 0x000001b30a1d6468]
Event: 12.993 Thread 0x000001b31b744290 3395       3       java.util.stream.Collectors::lambda$joining$11 (11 bytes)
Event: 12.993 Thread 0x000001b31b744290 nmethod 3395 0x000001b30a1d6590 code [0x000001b30a1d6740, 0x000001b30a1d68c8]
Event: 12.997 Thread 0x000001b31b744290 3396       3       com.sun.beans.util.Cache::getEntryValue (33 bytes)
Event: 12.998 Thread 0x000001b31b744290 nmethod 3396 0x000001b30a1d6990 code [0x000001b30a1d6b60, 0x000001b30a1d6f38]
Event: 12.998 Thread 0x000001b31b744290 3397       3       java.beans.Introspector::makeQualifiedMethodName (50 bytes)
Event: 12.999 Thread 0x000001b31b744290 nmethod 3397 0x000001b30a1d7110 code [0x000001b30a1d7340, 0x000001b30a1d79b8]
Event: 13.000 Thread 0x000001b31b744290 3398       3       java.beans.FeatureDescriptor::<init> (137 bytes)
Event: 13.002 Thread 0x000001b31b744290 nmethod 3398 0x000001b30a1d7c90 code [0x000001b30a1d7f20, 0x000001b30a1d8d78]
Event: 13.002 Thread 0x000001b31b744290 3399       3       org.codehaus.groovy.reflection.CachedClass::getMethods (11 bytes)
Event: 13.002 Thread 0x000001b31b744290 nmethod 3399 0x000001b30a1d9110 code [0x000001b30a1d92c0, 0x000001b30a1d9588]
Event: 13.004 Thread 0x000001b31b744290 3400       3       groovyjarjarasm.asm.Label::resolve (219 bytes)
Event: 13.005 Thread 0x000001b31b744290 nmethod 3400 0x000001b30a1d9690 code [0x000001b30a1d9860, 0x000001b30a1d9d98]
Event: 13.139 Thread 0x000001b31b7427d0 nmethod 3309 0x000001b3111c1210 code [0x000001b3111c1560, 0x000001b3111c5ec8]
Event: 13.141 Thread 0x000001b31b7427d0 3340       4       java.lang.PublicMethods$MethodList::filter (104 bytes)
Event: 13.154 Thread 0x000001b31b7427d0 nmethod 3340 0x000001b3111c6d90 code [0x000001b3111c6f40, 0x000001b3111c7778]
Event: 13.154 Thread 0x000001b31b7427d0 3323       4       java.lang.Class::copyMethods (36 bytes)
Event: 13.169 Thread 0x000001b31b7427d0 nmethod 3323 0x000001b3111c7c10 code [0x000001b3111c7dc0, 0x000001b3111c84a8]
Event: 13.169 Thread 0x000001b31b7427d0 3314       4       org.codehaus.groovy.reflection.CachedMethod::compareToCachedMethod (160 bytes)

GC Heap History (8 events):
Event: 1.426 GC heap before
{Heap before GC invocations=0 (full 0):
 garbage-first heap   total 262144K, used 18432K [0x00000000e0000000, 0x0000000100000000)
  region size 1024K, 13 young (13312K), 0 survivors (0K)
 Metaspace       used 1678K, capacity 5209K, committed 5376K, reserved 262144K
  class space    used 168K, capacity 499K, committed 512K, reserved 253952K
}
Event: 1.435 GC heap after
{Heap after GC invocations=1 (full 0):
 garbage-first heap   total 262144K, used 7711K [0x00000000e0000000, 0x0000000100000000)
  region size 1024K, 2 young (2048K), 2 survivors (2048K)
 Metaspace       used 1678K, capacity 5209K, committed 5376K, reserved 262144K
  class space    used 168K, capacity 499K, committed 512K, reserved 253952K
}
Event: 2.383 GC heap before
{Heap before GC invocations=1 (full 0):
 garbage-first heap   total 262144K, used 18975K [0x00000000e0000000, 0x0000000100000000)
  region size 1024K, 13 young (13312K), 2 survivors (2048K)
 Metaspace       used 3858K, capacity 6469K, committed 6656K, reserved 262144K
  class space    used 472K, capacity 727K, committed 768K, reserved 253952K
}
Event: 2.386 GC heap after
{Heap after GC invocations=2 (full 0):
 garbage-first heap   total 262144K, used 8575K [0x00000000e0000000, 0x0000000100000000)
  region size 1024K, 1 young (1024K), 1 survivors (1024K)
 Metaspace       used 3858K, capacity 6469K, committed 6656K, reserved 262144K
  class space    used 472K, capacity 727K, committed 768K, reserved 253952K
}
Event: 3.548 GC heap before
{Heap before GC invocations=2 (full 0):
 garbage-first heap   total 262144K, used 31103K [0x00000000e0000000, 0x0000000100000000)
  region size 1024K, 24 young (24576K), 1 survivors (1024K)
 Metaspace       used 3992K, capacity 6533K, committed 6656K, reserved 262144K
  class space    used 476K, capacity 727K, committed 768K, reserved 253952K
}
Event: 3.552 GC heap after
{Heap after GC invocations=3 (full 0):
 garbage-first heap   total 262144K, used 12304K [0x00000000e0000000, 0x0000000100000000)
  region size 1024K, 3 young (3072K), 3 survivors (3072K)
 Metaspace       used 3992K, capacity 6533K, committed 6656K, reserved 262144K
  class space    used 476K, capacity 727K, committed 768K, reserved 253952K
}
Event: 9.215 GC heap before
{Heap before GC invocations=3 (full 0):
 garbage-first heap   total 262144K, used 105488K [0x00000000e0000000, 0x0000000100000000)
  region size 1024K, 95 young (97280K), 3 survivors (3072K)
 Metaspace       used 20784K, capacity 21153K, committed 21296K, reserved 272384K
  class space    used 2990K, capacity 3123K, committed 3200K, reserved 253952K
}
Event: 9.235 GC heap after
{Heap after GC invocations=4 (full 0):
 garbage-first heap   total 262144K, used 19119K [0x00000000e0000000, 0x0000000100000000)
  region size 1024K, 10 young (10240K), 10 survivors (10240K)
 Metaspace       used 20784K, capacity 21153K, committed 21296K, reserved 272384K
  class space    used 2990K, capacity 3123K, committed 3200K, reserved 253952K
}

Deoptimization events (20 events):
Event: 12.648 Thread 0x000001b31c019320 DEOPT PACKING pc=0x000001b3111b1ec4 sp=0x0000008d349f9940
Event: 12.648 Thread 0x000001b31c019320 DEOPT UNPACKING pc=0x000001b3095be42f sp=0x0000008d349f98e8 mode 2
Event: 12.677 Thread 0x000001b31c019320 DEOPT PACKING pc=0x000001b309bc0cf4 sp=0x0000008d349f9520
Event: 12.677 Thread 0x000001b31c019320 DEOPT UNPACKING pc=0x000001b3095be23f sp=0x0000008d349f8aa0 mode 0
Event: 12.765 Thread 0x000001b31c019320 Uncommon trap: trap_request=0xffffffbe fr.pc=0x000001b3111b1ec4 relative=0x0000000000000784
Event: 12.766 Thread 0x000001b31c019320 Uncommon trap: reason=profile_predicate action=maybe_recompile pc=0x000001b3111b1ec4 method=java.lang.PublicMethods$MethodList.filter([Ljava/lang/reflect/Method;Ljava/lang/String;[Ljava/lang/Class;Z)Ljava/lang/PublicMethods$MethodList; @ 21 c2
Event: 12.766 Thread 0x000001b31c019320 DEOPT PACKING pc=0x000001b3111b1ec4 sp=0x0000008d349f8640
Event: 12.766 Thread 0x000001b31c019320 DEOPT UNPACKING pc=0x000001b3095be42f sp=0x0000008d349f85e8 mode 2
Event: 12.787 Thread 0x000001b31c019320 Uncommon trap: trap_request=0xffffffbe fr.pc=0x000001b3111b1ec4 relative=0x0000000000000784
Event: 12.787 Thread 0x000001b31c019320 Uncommon trap: reason=profile_predicate action=maybe_recompile pc=0x000001b3111b1ec4 method=java.lang.PublicMethods$MethodList.filter([Ljava/lang/reflect/Method;Ljava/lang/String;[Ljava/lang/Class;Z)Ljava/lang/PublicMethods$MethodList; @ 21 c2
Event: 12.787 Thread 0x000001b31c019320 DEOPT PACKING pc=0x000001b3111b1ec4 sp=0x0000008d349f8030
Event: 12.787 Thread 0x000001b31c019320 DEOPT UNPACKING pc=0x000001b3095be42f sp=0x0000008d349f7fd8 mode 2
Event: 12.787 Thread 0x000001b31c019320 Uncommon trap: trap_request=0xffffffbe fr.pc=0x000001b3111b1ec4 relative=0x0000000000000784
Event: 12.788 Thread 0x000001b31c019320 Uncommon trap: reason=profile_predicate action=maybe_recompile pc=0x000001b3111b1ec4 method=java.lang.PublicMethods$MethodList.filter([Ljava/lang/reflect/Method;Ljava/lang/String;[Ljava/lang/Class;Z)Ljava/lang/PublicMethods$MethodList; @ 21 c2
Event: 12.788 Thread 0x000001b31c019320 DEOPT PACKING pc=0x000001b3111b1ec4 sp=0x0000008d349f8030
Event: 12.788 Thread 0x000001b31c019320 DEOPT UNPACKING pc=0x000001b3095be42f sp=0x0000008d349f7fd8 mode 2
Event: 13.006 Thread 0x000001b31c019320 Uncommon trap: trap_request=0xffffffde fr.pc=0x000001b3111bcdc8 relative=0x00000000000007c8
Event: 13.006 Thread 0x000001b31c019320 Uncommon trap: reason=class_check action=maybe_recompile pc=0x000001b3111bcdc8 method=java.io.BufferedInputStream.read1([BII)I @ 39 c2
Event: 13.006 Thread 0x000001b31c019320 DEOPT PACKING pc=0x000001b3111bcdc8 sp=0x0000008d349f8390
Event: 13.006 Thread 0x000001b31c019320 DEOPT UNPACKING pc=0x000001b3095be42f sp=0x0000008d349f82c8 mode 2

Classes unloaded (0 events):
No events

Classes redefined (0 events):
No events

Internal exceptions (20 events):
Event: 12.847 Thread 0x000001b31c019320 Exception <a 'java/lang/ClassNotFoundException'{0x00000000ecbd00c0}: java/lang/RuntimeCustomizer> (0x00000000ecbd00c0) 
thrown [./open/src/hotspot/share/classfile/systemDictionary.cpp, line 295]
Event: 12.902 Thread 0x000001b31c019320 Exception <a 'java/lang/NoSuchMethodError'{0x00000000ecbfcd70}: 'void java.lang.invoke.DirectMethodHandle$Holder.invokeStatic(java.lang.Object, long)'> (0x00000000ecbfcd70) 
thrown [./open/src/hotspot/share/interpreter/linkResolver.cpp, line 782]
Event: 12.903 Thread 0x000001b31c019320 Exception <a 'java/lang/NoSuchMethodError'{0x00000000eca03988}: 'java.lang.Object java.lang.invoke.DirectMethodHandle$Holder.newInvokeSpecial(java.lang.Object, long)'> (0x00000000eca03988) 
thrown [./open/src/hotspot/share/interpreter/linkResolver.cpp, line 782]
Event: 12.907 Thread 0x000001b31c019320 Exception <a 'java/lang/NoSuchMethodError'{0x00000000eca0ed68}: 'java.lang.Object java.lang.invoke.DirectMethodHandle$Holder.invokeStaticInit(java.lang.Object, java.lang.Object, long, java.lang.Object)'> (0x00000000eca0ed68) 
thrown [./open/src/hotspot/share/interpreter/linkResolver.cpp, line 782]
Event: 12.908 Thread 0x000001b31c019320 Exception <a 'java/lang/NoSuchMethodError'{0x00000000eca16518}: 'java.lang.Object java.lang.invoke.DirectMethodHandle$Holder.newInvokeSpecial(java.lang.Object, java.lang.Object, long)'> (0x00000000eca16518) 
thrown [./open/src/hotspot/share/interpreter/linkResolver.cpp, line 782]
Event: 12.909 Thread 0x000001b31c019320 Exception <a 'java/lang/NoSuchMethodError'{0x00000000eca1afd0}: 'java.lang.Object java.lang.invoke.Invokers$Holder.linkToTargetMethod(java.lang.Object, long, java.lang.Object)'> (0x00000000eca1afd0) 
thrown [./open/src/hotspot/share/interpreter/linkResolver.cpp, line 782]
Event: 12.926 Thread 0x000001b31c019320 Exception <a 'java/lang/ClassNotFoundException'{0x00000000eca35358}: java/lang/ProcessImplBeanInfo> (0x00000000eca35358) 
thrown [./open/src/hotspot/share/classfile/systemDictionary.cpp, line 295]
Event: 12.927 Thread 0x000001b31c019320 Exception <a 'java/lang/ClassNotFoundException'{0x00000000eca3a218}: java/lang/ProcessBeanInfo> (0x00000000eca3a218) 
thrown [./open/src/hotspot/share/classfile/systemDictionary.cpp, line 295]
Event: 12.927 Thread 0x000001b31c019320 Exception <a 'java/lang/ClassNotFoundException'{0x00000000eca3f0a0}: java/lang/ProcessCustomizer> (0x00000000eca3f0a0) 
thrown [./open/src/hotspot/share/classfile/systemDictionary.cpp, line 295]
Event: 12.930 Thread 0x000001b31c019320 Exception <a 'java/lang/ClassNotFoundException'{0x00000000eca4e628}: java/lang/ProcessImplCustomizer> (0x00000000eca4e628) 
thrown [./open/src/hotspot/share/classfile/systemDictionary.cpp, line 295]
Event: 12.939 Thread 0x000001b31c019320 Exception <a 'java/lang/ClassNotFoundException'{0x00000000eca7f060}: java/io/InputStreamReaderBeanInfo> (0x00000000eca7f060) 
thrown [./open/src/hotspot/share/classfile/systemDictionary.cpp, line 295]
Event: 12.939 Thread 0x000001b31c019320 Exception <a 'java/lang/ClassNotFoundException'{0x00000000eca84130}: java/io/ReaderBeanInfo> (0x00000000eca84130) 
thrown [./open/src/hotspot/share/classfile/systemDictionary.cpp, line 295]
Event: 12.939 Thread 0x000001b31c019320 Exception <a 'java/lang/ClassNotFoundException'{0x00000000eca88f90}: java/io/ReaderCustomizer> (0x00000000eca88f90) 
thrown [./open/src/hotspot/share/classfile/systemDictionary.cpp, line 295]
Event: 12.940 Thread 0x000001b31c019320 Exception <a 'java/lang/ClassNotFoundException'{0x00000000eca93d60}: java/io/InputStreamReaderCustomizer> (0x00000000eca93d60) 
thrown [./open/src/hotspot/share/classfile/systemDictionary.cpp, line 295]
Event: 12.944 Thread 0x000001b31c019320 Exception <a 'java/lang/ClassNotFoundException'{0x00000000ecab2088}: java/io/BufferedReaderBeanInfo> (0x00000000ecab2088) 
thrown [./open/src/hotspot/share/classfile/systemDictionary.cpp, line 295]
Event: 12.944 Thread 0x000001b31c019320 Exception <a 'java/lang/ClassNotFoundException'{0x00000000ecab6f18}: java/io/BufferedReaderCustomizer> (0x00000000ecab6f18) 
thrown [./open/src/hotspot/share/classfile/systemDictionary.cpp, line 295]
Event: 12.973 Thread 0x000001b31c019320 Exception <a 'java/lang/ClassNotFoundException'{0x00000000ec9ce9a8}: java/lang/StringBufferBeanInfo> (0x00000000ec9ce9a8) 
thrown [./open/src/hotspot/share/classfile/systemDictionary.cpp, line 295]
Event: 12.973 Thread 0x000001b31c019320 Exception <a 'java/lang/ClassNotFoundException'{0x00000000ec9d38a0}: java/lang/AbstractStringBuilderBeanInfo> (0x00000000ec9d38a0) 
thrown [./open/src/hotspot/share/classfile/systemDictionary.cpp, line 295]
Event: 12.974 Thread 0x000001b31c019320 Exception <a 'java/lang/ClassNotFoundException'{0x00000000ec9d88c0}: java/lang/AbstractStringBuilderCustomizer> (0x00000000ec9d88c0) 
thrown [./open/src/hotspot/share/classfile/systemDictionary.cpp, line 295]
Event: 12.998 Thread 0x000001b31c019320 Exception <a 'java/lang/ClassNotFoundException'{0x00000000ec8ad8e0}: java/lang/StringBufferCustomizer> (0x00000000ec8ad8e0) 
thrown [./open/src/hotspot/share/classfile/systemDictionary.cpp, line 295]

Events (20 events):
Event: 12.944 loading class java/io/BufferedReaderCustomizer
Event: 12.944 loading class java/io/BufferedReaderCustomizer done
Event: 12.944 loading class java/io/BufferedReaderCustomizer
Event: 12.944 loading class java/io/BufferedReaderCustomizer done
Event: 12.972 loading class java/lang/StringBufferBeanInfo
Event: 12.972 loading class java/lang/StringBufferBeanInfo done
Event: 12.973 loading class java/lang/StringBufferBeanInfo
Event: 12.973 loading class java/lang/StringBufferBeanInfo done
Event: 12.973 loading class java/lang/AbstractStringBuilderBeanInfo
Event: 12.973 loading class java/lang/AbstractStringBuilderBeanInfo done
Event: 12.973 loading class java/lang/AbstractStringBuilderBeanInfo
Event: 12.973 loading class java/lang/AbstractStringBuilderBeanInfo done
Event: 12.973 loading class java/lang/AbstractStringBuilderCustomizer
Event: 12.973 loading class java/lang/AbstractStringBuilderCustomizer done
Event: 12.973 loading class java/lang/AbstractStringBuilderCustomizer
Event: 12.973 loading class java/lang/AbstractStringBuilderCustomizer done
Event: 12.997 loading class java/lang/StringBufferCustomizer
Event: 12.997 loading class java/lang/StringBufferCustomizer done
Event: 12.998 loading class java/lang/StringBufferCustomizer
Event: 12.998 loading class java/lang/StringBufferCustomizer done


Dynamic libraries:
0x00007ff62d480000 - 0x00007ff62d48f000 	C:\Program Files\Java\jdk-15.0.1\bin\java.exe
0x00007ffbfd2f0000 - 0x00007ffbfd4e5000 	C:\WINDOWS\SYSTEM32\ntdll.dll
0x00007ffbd00c0000 - 0x00007ffbd00d3000 	C:\Program Files\Avast Software\Avast\aswhook.dll
0x00007ffbfc4d0000 - 0x00007ffbfc58d000 	C:\WINDOWS\System32\KERNEL32.DLL
0x00007ffbfaff0000 - 0x00007ffbfb2b8000 	C:\WINDOWS\System32\KERNELBASE.dll
0x00007ffbfad30000 - 0x00007ffbfae30000 	C:\WINDOWS\System32\ucrtbase.dll
0x00007ffbf6630000 - 0x00007ffbf6648000 	C:\Program Files\Java\jdk-15.0.1\bin\jli.dll
0x00007ffbfb360000 - 0x00007ffbfb40c000 	C:\WINDOWS\System32\ADVAPI32.dll
0x00007ffbfb440000 - 0x00007ffbfb4de000 	C:\WINDOWS\System32\msvcrt.dll
0x00007ffbfb960000 - 0x00007ffbfb9fb000 	C:\WINDOWS\System32\sechost.dll
0x00007ffbfbd60000 - 0x00007ffbfbe8b000 	C:\WINDOWS\System32\RPCRT4.dll
0x00007ffbfc330000 - 0x00007ffbfc4d0000 	C:\WINDOWS\System32\USER32.dll
0x00007ffbfaf10000 - 0x00007ffbfaf32000 	C:\WINDOWS\System32\win32u.dll
0x00007ffbfb410000 - 0x00007ffbfb43a000 	C:\WINDOWS\System32\GDI32.dll
0x00007ffbf3490000 - 0x00007ffbf34a9000 	C:\Program Files\Java\jdk-15.0.1\bin\VCRUNTIME140.dll
0x00007ffbfac20000 - 0x00007ffbfad2b000 	C:\WINDOWS\System32\gdi32full.dll
0x00007ffbfb2c0000 - 0x00007ffbfb35d000 	C:\WINDOWS\System32\msvcp_win.dll
0x00007ffbeae50000 - 0x00007ffbeb0ea000 	C:\WINDOWS\WinSxS\amd64_microsoft.windows.common-controls_6595b64144ccf1df_6.0.19041.1052_none_60b8f8fd71f5e8cb\COMCTL32.dll
0x00007ffbfa3e0000 - 0x00007ffbfa3ea000 	C:\WINDOWS\SYSTEM32\VERSION.dll
0x00007ffbfc0a0000 - 0x00007ffbfc0d0000 	C:\WINDOWS\System32\IMM32.DLL
0x00007ffbfa3f0000 - 0x00007ffbfa426000 	C:\WINDOWS\system32\DriverStore\FileRepository\nvaci.inf_amd64_f658c3ebd2a88192\nvinitx.dll
0x00007ffbfc590000 - 0x00007ffbfcccf000 	C:\WINDOWS\System32\Shell32.dll
0x00007ffbf8b30000 - 0x00007ffbf92c0000 	C:\WINDOWS\SYSTEM32\windows.storage.dll
0x00007ffbfba00000 - 0x00007ffbfbd55000 	C:\WINDOWS\System32\combase.dll
0x00007ffbfa430000 - 0x00007ffbfa45c000 	C:\WINDOWS\SYSTEM32\Wldp.dll
0x00007ffbfd200000 - 0x00007ffbfd2ae000 	C:\WINDOWS\System32\SHCORE.dll
0x00007ffbfced0000 - 0x00007ffbfcf25000 	C:\WINDOWS\System32\shlwapi.dll
0x0000000075110000 - 0x0000000075116000 	C:\Program Files\NVIDIA Corporation\CoProcManager\_etoured.dll
0x00007ffbef9e0000 - 0x00007ffbefa23000 	C:\Program Files\NVIDIA Corporation\CoProcManager\nvd3d9wrapx.dll
0x00007ffbfb4e0000 - 0x00007ffbfb949000 	C:\WINDOWS\System32\SETUPAPI.dll
0x00007ffbfae60000 - 0x00007ffbfaeae000 	C:\WINDOWS\System32\cfgmgr32.dll
0x00007ffbfae30000 - 0x00007ffbfae57000 	C:\WINDOWS\System32\bcrypt.dll
0x00007ffbef860000 - 0x00007ffbef88d000 	C:\Program Files\NVIDIA Corporation\CoProcManager\nvdxgiwrapx.dll
0x00007ffbf65b0000 - 0x00007ffbf65bc000 	C:\Program Files\Java\jdk-15.0.1\bin\vcruntime140_1.dll
0x00007ffbdcc50000 - 0x00007ffbdcce1000 	C:\Program Files\Java\jdk-15.0.1\bin\msvcp140.dll
0x00007ffbc1770000 - 0x00007ffbc22ce000 	C:\Program Files\Java\jdk-15.0.1\bin\server\jvm.dll
0x00007ffbfbef0000 - 0x00007ffbfbef8000 	C:\WINDOWS\System32\PSAPI.DLL
0x00007ffbe9c50000 - 0x00007ffbe9c59000 	C:\WINDOWS\SYSTEM32\WSOCK32.dll
0x00007ffbfbf00000 - 0x00007ffbfbf6b000 	C:\WINDOWS\System32\WS2_32.dll
0x00007ffbee670000 - 0x00007ffbee697000 	C:\WINDOWS\SYSTEM32\WINMM.dll
0x00007ffbf8930000 - 0x00007ffbf8942000 	C:\WINDOWS\SYSTEM32\kernel.appcore.dll
0x00007ffbf5700000 - 0x00007ffbf570a000 	C:\Program Files\Java\jdk-15.0.1\bin\jimage.dll
0x00007ffbf0bb0000 - 0x00007ffbf0d94000 	C:\WINDOWS\SYSTEM32\DBGHELP.DLL
0x00007ffbf08c0000 - 0x00007ffbf08ec000 	C:\WINDOWS\SYSTEM32\dbgcore.DLL
0x00007ffbfab90000 - 0x00007ffbfac13000 	C:\WINDOWS\System32\bcryptPrimitives.dll
0x00007ffbe4b70000 - 0x00007ffbe4b95000 	C:\Program Files\Java\jdk-15.0.1\bin\java.dll
0x00007ffbfa970000 - 0x00007ffbfa98f000 	C:\WINDOWS\SYSTEM32\profapi.dll
0x00007ffbea9b0000 - 0x00007ffbea9c9000 	C:\Program Files\Java\jdk-15.0.1\bin\net.dll
0x00007ffbf07b0000 - 0x00007ffbf08bb000 	C:\WINDOWS\SYSTEM32\WINHTTP.dll
0x00007ffbfa0f0000 - 0x00007ffbfa15a000 	C:\WINDOWS\system32\mswsock.dll
0x00007ffbea6e0000 - 0x00007ffbea6f2000 	C:\Program Files\Java\jdk-15.0.1\bin\nio.dll
0x00007ffbe7dc0000 - 0x00007ffbe7dd8000 	C:\Program Files\Java\jdk-15.0.1\bin\zip.dll
0x00007ffbf5260000 - 0x00007ffbf5270000 	C:\Program Files\Java\jdk-15.0.1\bin\verify.dll
0x00007ffbe4930000 - 0x00007ffbe4956000 	C:\Users\nouas\.gradle\native\fdc75f09e3144964f2cf3f50f0aa648679c211496f362492102eb8c894070792\windows-amd64\native-platform.dll
0x00007ffbd0a90000 - 0x00007ffbd0c21000 	C:\Users\nouas\.gradle\native\12488b8bf47d2d4c9fbf2f6322a914ad602e24e48041cd04a747c6da556b65c4\windows-amd64\native-platform-file-events.dll
0x00007ffbefe90000 - 0x00007ffbefe99000 	C:\Program Files\Java\jdk-15.0.1\bin\management.dll
0x00007ffbefc10000 - 0x00007ffbefc1b000 	C:\Program Files\Java\jdk-15.0.1\bin\management_ext.dll
0x00007ffbfa330000 - 0x00007ffbfa348000 	C:\WINDOWS\SYSTEM32\CRYPTSP.dll
0x00007ffbf9a90000 - 0x00007ffbf9ac4000 	C:\WINDOWS\system32\rsaenh.dll
0x00007ffbfa930000 - 0x00007ffbfa95e000 	C:\WINDOWS\SYSTEM32\USERENV.dll
0x00007ffbfa320000 - 0x00007ffbfa32c000 	C:\WINDOWS\SYSTEM32\CRYPTBASE.dll
0x00007ffbf9de0000 - 0x00007ffbf9e1b000 	C:\WINDOWS\SYSTEM32\IPHLPAPI.DLL
0x00007ffbfb950000 - 0x00007ffbfb958000 	C:\WINDOWS\System32\NSI.dll
0x00007ffbf0b70000 - 0x00007ffbf0b87000 	C:\WINDOWS\SYSTEM32\dhcpcsvc6.DLL
0x00007ffbf16e0000 - 0x00007ffbf16fd000 	C:\WINDOWS\SYSTEM32\dhcpcsvc.DLL
0x00007ffbf9e20000 - 0x00007ffbf9eec000 	C:\WINDOWS\SYSTEM32\DNSAPI.dll
0x00007ffbf2d70000 - 0x00007ffbf2d7b000 	C:\WINDOWS\SYSTEM32\WINNSI.DLL

dbghelp: loaded successfully - version: 4.0.5 - missing functions: none
symbol engine: initialized successfully - sym options: 0x614 - pdb path: .;C:\Program Files\Java\jdk-15.0.1\bin;C:\WINDOWS\SYSTEM32;C:\Program Files\Avast Software\Avast;C:\WINDOWS\WinSxS\amd64_microsoft.windows.common-controls_6595b64144ccf1df_6.0.19041.1052_none_60b8f8fd71f5e8cb;C:\WINDOWS\system32\DriverStore\FileRepository\nvaci.inf_amd64_f658c3ebd2a88192;C:\Program Files\NVIDIA Corporation\CoProcManager;C:\Program Files\Java\jdk-15.0.1\bin\server;C:\Users\nouas\.gradle\native\fdc75f09e3144964f2cf3f50f0aa648679c211496f362492102eb8c894070792\windows-amd64;C:\Users\nouas\.gradle\native\12488b8bf47d2d4c9fbf2f6322a914ad602e24e48041cd04a747c6da556b65c4\windows-amd64

VM Arguments:
jvm_args: --add-opens=java.base/java.util=ALL-UNNAMED --add-opens=java.base/java.lang=ALL-UNNAMED --add-opens=java.base/java.lang.invoke=ALL-UNNAMED --add-opens=java.prefs/java.util.prefs=ALL-UNNAMED -XX:MaxMetaspaceSize=256m -XX:+HeapDumpOnOutOfMemoryError -Xms256m -Xmx512m -Dfile.encoding=windows-1252 -Duser.country=US -Duser.language=en -Duser.variant 
java_command: org.gradle.launcher.daemon.bootstrap.GradleDaemon 6.7
java_class_path (initial): C:\Users\nouas\.gradle\wrapper\dists\gradle-6.7-all\cuy9mc7upwgwgeb72wkcrupxe\gradle-6.7\lib\gradle-launcher-6.7.jar
Launcher Type: SUN_STANDARD

[Global flags]
     intx CICompilerCount                          = 3                                         {product} {ergonomic}
   size_t CompressedClassSpaceSize                 = 260046848                                 {product} {ergonomic}
     uint ConcGCThreads                            = 1                                         {product} {ergonomic}
     uint G1ConcRefinementThreads                  = 4                                         {product} {ergonomic}
   size_t G1HeapRegionSize                         = 1048576                                   {product} {ergonomic}
    uintx GCDrainStackTargetSize                   = 64                                        {product} {ergonomic}
     bool HeapDumpOnOutOfMemoryError               = true                                   {manageable} {command line}
   size_t InitialHeapSize                          = 268435456                                 {product} {command line}
   size_t MarkStackSize                            = 4194304                                   {product} {ergonomic}
   size_t MaxHeapSize                              = 536870912                                 {product} {command line}
   size_t MaxMetaspaceSize                         = 268435456                                 {product} {command line}
   size_t MaxNewSize                               = 321912832                                 {product} {ergonomic}
   size_t MinHeapDeltaBytes                        = 1048576                                   {product} {ergonomic}
   size_t MinHeapSize                              = 268435456                                 {product} {command line}
    uintx NonNMethodCodeHeapSize                   = 5832780                                {pd product} {ergonomic}
    uintx NonProfiledCodeHeapSize                  = 122912730                              {pd product} {ergonomic}
    uintx ProfiledCodeHeapSize                     = 122912730                              {pd product} {ergonomic}
    uintx ReservedCodeCacheSize                    = 251658240                              {pd product} {ergonomic}
     bool SegmentedCodeCache                       = true                                      {product} {ergonomic}
   size_t SoftMaxHeapSize                          = 536870912                              {manageable} {ergonomic}
     bool UseCompressedClassPointers               = true                                 {lp64_product} {ergonomic}
     bool UseCompressedOops                        = true                                 {lp64_product} {ergonomic}
     bool UseG1GC                                  = true                                      {product} {ergonomic}
     bool UseLargePagesIndividualAllocation        = false                                  {pd product} {ergonomic}

Logging:
Log output configuration:
 #0: stdout all=warning uptime,level,tags
 #1: stderr all=off uptime,level,tags

Environment Variables:
CLASSPATH=C:\Users\nouas\Desktop\Alaa Work And Studies\Projects\Mobile Projects\React-native\testProject\android\\gradle\wrapper\gradle-wrapper.jar
PATH=C:\Users\nouas\Desktop\Alaa Work And Studies\Projects\Mobile Projects\React-native\testProject\android\node_modules\.bin;C:\Users\nouas\Desktop\Alaa Work And Studies\Projects\Mobile Projects\React-native\testProject\node_modules\.bin;C:\Users\nouas\Desktop\Alaa Work And Studies\Projects\Mobile Projects\React-native\node_modules\.bin;C:\Users\nouas\Desktop\Alaa Work And Studies\Projects\Mobile Projects\node_modules\.bin;C:\Users\nouas\Desktop\Alaa Work And Studies\Projects\node_modules\.bin;C:\Users\nouas\Desktop\Alaa Work And Studies\node_modules\.bin;C:\Users\nouas\Desktop\node_modules\.bin;C:\Users\nouas\node_modules\.bin;C:\Users\node_modules\.bin;C:\node_modules\.bin;C:\Program Files\nodejs;C:\oraclexe\app\oracle\product\11.2.0\server\bin;C:\Program Files\Microsoft MPI\Bin\;C:\Program Files\Common Files\Oracle\Java\javapath;C:\Windows\system32;C:\Windows;C:\Windows\System32\Wbem;C:\Windows\System32\WindowsPowerShell\v1.0\;C:\Program Files\nodejs\;C:\Program Files\dotnet\;C:\Program Files\Microsoft SQL Server\130\Tools\Binn\;C:\Program Files\Microsoft SQL Server\Client SDK\ODBC\170\Tools\Binn\;C:\Program Files (x86)\Microsoft SQL Server\150\DTS\Binn\;C:\Program Files\Azure Data Studio\bin;C:\Program Files (x86)\Microsoft SQL Server\150\Tools\Binn\;C:\Program Files\Microsoft SQL Server\150\Tools\Binn\;C:\Program Files\Microsoft SQL Server\150\DTS\Binn\;C:\Program Files (x86)\NVIDIA Corporation\PhysX\Common;C:\WINDOWS\system32;C:\WINDOWS;C:\WINDOWS\System32\Wbem;C:\WINDOWS\System32\WindowsPowerShell\v1.0\;C:\WINDOWS\System32\OpenSSH\;C:\Programme\gtk\bin;C:\ProgramData\ComposerSetup\bin;C:\Program Files\Git\cmd;C:\Users\nouas\AppData\Local\Microsoft\WindowsApps;C:\Users\nouas\AppData\Local\Programs\Microsoft VS Code\bin;C:\Users\nouas\AppData\Roaming\npm;C:\Users\nouas\.dotnet\tools;C:\Program Files\Azure Data Studio\bin;C:\xampp\php;C:\Users\nouas\AppData\Roaming\Composer\vendor\bin;C:\Users\nouas\AppData\Local\Android\Sdk\platform-tools;
USERNAME=nouas
OS=Windows_NT
PROCESSOR_IDENTIFIER=Intel64 Family 6 Model 42 Stepping 7, GenuineIntel



---------------  S Y S T E M  ---------------

OS:
 Windows 10 , 64 bit Build 19041 (10.0.19041.1023)
OS uptime: 0 days 1:56 hours

CPU: total 4 (initial active 4) (2 cores per cpu, 2 threads per core) family 6 model 42 stepping 7 microcode 0x2f, cmov, cx8, fxsr, mmx, sse, sse2, sse3, ssse3, sse4.1, sse4.2, popcnt, vzeroupper, avx, clmul, ht, tsc, tscinvbit, clflush

Memory: 4k page, system-wide physical 8008M (213M free)
TotalPageFile size 10853M (AvailPageFile size 4M)
current process WorkingSet (physical memory assigned to process): 239M, peak: 242M
current process commit charge ("private bytes"): 420M, peak: 422M

vm_info: Java HotSpot(TM) 64-Bit Server VM (15.0.1+9-18) for windows-amd64 JRE (15.0.1+9-18), built on Sep 15 2020 14:43:54 by "mach5one" with unknown MS VC++:1925

END.
